2024-11-26 14:58:46,353 DEBUG    root            Metrics collector initialized...
2024-11-26 14:58:46,354 DEBUG    root            Loaded Command Group: ['gcloud', 'components']
2024-11-26 14:58:46,356 DEBUG    root            Loaded Command Group: ['gcloud', 'components', 'update']
2024-11-26 14:58:46,357 DEBUG    root            Running [gcloud.components.update] with arguments: [--no-compile-python: "False", --quiet: "True", COMPONENT-IDS:6: "['alpha', 'beta', 'gke-gcloud-auth-plugin', 'kubectl', 'skaffold', 'minikube']"]
2024-11-26 14:58:46,358 INFO     ___FILE_ONLY___ Beginning update. This process may take several minutes.

2024-11-26 14:58:46,378 DEBUG    urllib3.connectionpool Starting new HTTPS connection (1): dl.google.com:443
2024-11-26 14:58:46,738 DEBUG    urllib3.connectionpool https://dl.google.com:443 "GET /dl/cloudsdk/channels/rapid/components-2.json HTTP/1.1" 200 227816
2024-11-26 14:58:46,986 INFO     ___FILE_ONLY___

2024-11-26 14:58:46,988 INFO     ___FILE_ONLY___
Your current Google Cloud CLI version is: 502.0.0

2024-11-26 14:58:46,988 INFO     ___FILE_ONLY___ Installing components from version: 502.0.0

2024-11-26 14:58:46,988 INFO     ___FILE_ONLY___

2024-11-26 14:58:46,989 DEBUG    root            Chosen display Format:table[box,title="These components will be removed."](details.display_name:label=Name:align=left,version.version_string:label=Version:align=right,data.size.size(zero="",min=1048576):label=Size:align=right)
2024-11-26 14:58:46,991 DEBUG    root            Chosen display Format:table[box,title="These components will be updated."](details.display_name:label=Name:align=left,version.version_string:label=Version:align=right,data.size.size(zero="",min=1048576):label=Size:align=right)
2024-11-26 14:58:46,992 DEBUG    root            Chosen display Format:table[box,title="These components will be installed."](details.display_name:label=Name:align=left,version.version_string:label=Version:align=right,data.size.size(zero="",min=1048576):label=Size:align=right)
2024-11-26 14:58:47,100 INFO     ___FILE_ONLY___ ┌─────────────────────────────────────────────────────────────────────────────┐
2024-11-26 14:58:47,100 INFO     ___FILE_ONLY___

2024-11-26 14:58:47,100 INFO     ___FILE_ONLY___ │                     These components will be installed.                     │
2024-11-26 14:58:47,100 INFO     ___FILE_ONLY___

2024-11-26 14:58:47,100 INFO     ___FILE_ONLY___ ├─────────────────────────────────────────────────────┬────────────┬──────────┤
2024-11-26 14:58:47,100 INFO     ___FILE_ONLY___

2024-11-26 14:58:47,100 INFO     ___FILE_ONLY___ │                         Name                        │  Version   │   Size   │
2024-11-26 14:58:47,100 INFO     ___FILE_ONLY___

2024-11-26 14:58:47,100 INFO     ___FILE_ONLY___ ├─────────────────────────────────────────────────────┼────────────┼──────────┤
2024-11-26 14:58:47,100 INFO     ___FILE_ONLY___

2024-11-26 14:58:47,100 INFO     ___FILE_ONLY___ │
2024-11-26 14:58:47,100 INFO     ___FILE_ONLY___ Google Cloud CLI Core Libraries (Platform Specific)
2024-11-26 14:58:47,100 INFO     ___FILE_ONLY___
2024-11-26 14:58:47,100 INFO     ___FILE_ONLY___ │
2024-11-26 14:58:47,100 INFO     ___FILE_ONLY___ 2024.08.30
2024-11-26 14:58:47,100 INFO     ___FILE_ONLY___
2024-11-26 14:58:47,100 INFO     ___FILE_ONLY___ │
2024-11-26 14:58:47,100 INFO     ___FILE_ONLY___  < 1 MiB
2024-11-26 14:58:47,100 INFO     ___FILE_ONLY___
2024-11-26 14:58:47,100 INFO     ___FILE_ONLY___ │
2024-11-26 14:58:47,100 INFO     ___FILE_ONLY___

2024-11-26 14:58:47,101 INFO     ___FILE_ONLY___ │
2024-11-26 14:58:47,101 INFO     ___FILE_ONLY___ Minikube (Platform Specific)
2024-11-26 14:58:47,101 INFO     ___FILE_ONLY___
2024-11-26 14:58:47,101 INFO     ___FILE_ONLY___ │
2024-11-26 14:58:47,101 INFO     ___FILE_ONLY___     1.34.0
2024-11-26 14:58:47,101 INFO     ___FILE_ONLY___
2024-11-26 14:58:47,101 INFO     ___FILE_ONLY___ │
2024-11-26 14:58:47,101 INFO     ___FILE_ONLY___ 37.2 MiB
2024-11-26 14:58:47,101 INFO     ___FILE_ONLY___
2024-11-26 14:58:47,101 INFO     ___FILE_ONLY___ │
2024-11-26 14:58:47,101 INFO     ___FILE_ONLY___

2024-11-26 14:58:47,101 INFO     ___FILE_ONLY___ │
2024-11-26 14:58:47,101 INFO     ___FILE_ONLY___ Skaffold (Platform Specific)
2024-11-26 14:58:47,101 INFO     ___FILE_ONLY___
2024-11-26 14:58:47,101 INFO     ___FILE_ONLY___ │
2024-11-26 14:58:47,101 INFO     ___FILE_ONLY___     2.13.1
2024-11-26 14:58:47,101 INFO     ___FILE_ONLY___
2024-11-26 14:58:47,101 INFO     ___FILE_ONLY___ │
2024-11-26 14:58:47,101 INFO     ___FILE_ONLY___ 22.9 MiB
2024-11-26 14:58:47,101 INFO     ___FILE_ONLY___
2024-11-26 14:58:47,101 INFO     ___FILE_ONLY___ │
2024-11-26 14:58:47,101 INFO     ___FILE_ONLY___

2024-11-26 14:58:47,101 INFO     ___FILE_ONLY___ │
2024-11-26 14:58:47,101 INFO     ___FILE_ONLY___ gcloud Alpha Commands
2024-11-26 14:58:47,101 INFO     ___FILE_ONLY___
2024-11-26 14:58:47,101 INFO     ___FILE_ONLY___ │
2024-11-26 14:58:47,101 INFO     ___FILE_ONLY___ 2024.11.15
2024-11-26 14:58:47,101 INFO     ___FILE_ONLY___
2024-11-26 14:58:47,101 INFO     ___FILE_ONLY___ │
2024-11-26 14:58:47,101 INFO     ___FILE_ONLY___  < 1 MiB
2024-11-26 14:58:47,101 INFO     ___FILE_ONLY___
2024-11-26 14:58:47,101 INFO     ___FILE_ONLY___ │
2024-11-26 14:58:47,101 INFO     ___FILE_ONLY___

2024-11-26 14:58:47,101 INFO     ___FILE_ONLY___ │
2024-11-26 14:58:47,102 INFO     ___FILE_ONLY___ gcloud Beta Commands
2024-11-26 14:58:47,102 INFO     ___FILE_ONLY___
2024-11-26 14:58:47,102 INFO     ___FILE_ONLY___ │
2024-11-26 14:58:47,102 INFO     ___FILE_ONLY___ 2024.11.15
2024-11-26 14:58:47,102 INFO     ___FILE_ONLY___
2024-11-26 14:58:47,102 INFO     ___FILE_ONLY___ │
2024-11-26 14:58:47,102 INFO     ___FILE_ONLY___  < 1 MiB
2024-11-26 14:58:47,102 INFO     ___FILE_ONLY___
2024-11-26 14:58:47,102 INFO     ___FILE_ONLY___ │
2024-11-26 14:58:47,102 INFO     ___FILE_ONLY___

2024-11-26 14:58:47,102 INFO     ___FILE_ONLY___ │
2024-11-26 14:58:47,102 INFO     ___FILE_ONLY___ gcloud cli dependencies (Platform Specific)
2024-11-26 14:58:47,102 INFO     ___FILE_ONLY___
2024-11-26 14:58:47,102 INFO     ___FILE_ONLY___ │
2024-11-26 14:58:47,102 INFO     ___FILE_ONLY___ 2021.04.16
2024-11-26 14:58:47,102 INFO     ___FILE_ONLY___
2024-11-26 14:58:47,103 INFO     ___FILE_ONLY___ │
2024-11-26 14:58:47,103 INFO     ___FILE_ONLY___  < 1 MiB
2024-11-26 14:58:47,103 INFO     ___FILE_ONLY___
2024-11-26 14:58:47,103 INFO     ___FILE_ONLY___ │
2024-11-26 14:58:47,103 INFO     ___FILE_ONLY___

2024-11-26 14:58:47,103 INFO     ___FILE_ONLY___ │
2024-11-26 14:58:47,103 INFO     ___FILE_ONLY___ gke-gcloud-auth-plugin (Platform Specific)
2024-11-26 14:58:47,103 INFO     ___FILE_ONLY___
2024-11-26 14:58:47,103 INFO     ___FILE_ONLY___ │
2024-11-26 14:58:47,103 INFO     ___FILE_ONLY___      0.5.9
2024-11-26 14:58:47,103 INFO     ___FILE_ONLY___
2024-11-26 14:58:47,103 INFO     ___FILE_ONLY___ │
2024-11-26 14:58:47,103 INFO     ___FILE_ONLY___  4.0 MiB
2024-11-26 14:58:47,103 INFO     ___FILE_ONLY___
2024-11-26 14:58:47,103 INFO     ___FILE_ONLY___ │
2024-11-26 14:58:47,103 INFO     ___FILE_ONLY___

2024-11-26 14:58:47,103 INFO     ___FILE_ONLY___ │
2024-11-26 14:58:47,104 INFO     ___FILE_ONLY___ kubectl
2024-11-26 14:58:47,104 INFO     ___FILE_ONLY___
2024-11-26 14:58:47,104 INFO     ___FILE_ONLY___ │
2024-11-26 14:58:47,104 INFO     ___FILE_ONLY___     1.30.5
2024-11-26 14:58:47,104 INFO     ___FILE_ONLY___
2024-11-26 14:58:47,104 INFO     ___FILE_ONLY___ │
2024-11-26 14:58:47,104 INFO     ___FILE_ONLY___  < 1 MiB
2024-11-26 14:58:47,104 INFO     ___FILE_ONLY___
2024-11-26 14:58:47,105 INFO     ___FILE_ONLY___ │
2024-11-26 14:58:47,105 INFO     ___FILE_ONLY___

2024-11-26 14:58:47,105 INFO     ___FILE_ONLY___ │
2024-11-26 14:58:47,105 INFO     ___FILE_ONLY___ kubectl (Platform Specific)
2024-11-26 14:58:47,105 INFO     ___FILE_ONLY___
2024-11-26 14:58:47,105 INFO     ___FILE_ONLY___ │
2024-11-26 14:58:47,106 INFO     ___FILE_ONLY___     1.30.6
2024-11-26 14:58:47,106 INFO     ___FILE_ONLY___
2024-11-26 14:58:47,106 INFO     ___FILE_ONLY___ │
2024-11-26 14:58:47,106 INFO     ___FILE_ONLY___ 86.1 MiB
2024-11-26 14:58:47,106 INFO     ___FILE_ONLY___
2024-11-26 14:58:47,106 INFO     ___FILE_ONLY___ │
2024-11-26 14:58:47,106 INFO     ___FILE_ONLY___

2024-11-26 14:58:47,106 INFO     ___FILE_ONLY___ └─────────────────────────────────────────────────────┴────────────┴──────────┘
2024-11-26 14:58:47,106 INFO     ___FILE_ONLY___

2024-11-26 14:58:47,107 INFO     ___FILE_ONLY___

2024-11-26 14:58:47,112 DEBUG    urllib3.connectionpool Starting new HTTPS connection (1): dl.google.com:443
2024-11-26 14:58:47,493 DEBUG    urllib3.connectionpool https://dl.google.com:443 "GET /dl/cloudsdk/channels/rapid/RELEASE_NOTES HTTP/1.1" 200 1314602
2024-11-26 14:58:48,075 INFO     ___FILE_ONLY___ For the latest full release notes, please visit:
  https://cloud.google.com/sdk/release_notes


2024-11-26 14:58:48,075 INFO     ___FILE_ONLY___ Performing in place update...


2024-11-26 14:58:48,085 INFO     ___FILE_ONLY___ ╔════════════════════════════════════════════════════════════╗

2024-11-26 14:58:48,085 INFO     ___FILE_ONLY___ ╠═ Downloading: Google Cloud CLI Core Libraries (Platfor... ═╣

2024-11-26 14:58:48,085 INFO     ___FILE_ONLY___ ╚
2024-11-26 14:58:48,091 DEBUG    urllib3.connectionpool Starting new HTTPS connection (1): dl.google.com:443
2024-11-26 14:58:48,413 DEBUG    urllib3.connectionpool https://dl.google.com:443 "GET /dl/cloudsdk/channels/rapid/components/google-cloud-sdk-core-nix-20240830134514.tar.gz HTTP/1.1" 200 2306
2024-11-26 14:58:48,414 INFO     ___FILE_ONLY___ ════════════════════════════════════════════════════════════
2024-11-26 14:58:48,414 INFO     ___FILE_ONLY___ ╝

2024-11-26 14:58:48,423 INFO     ___FILE_ONLY___ ╔════════════════════════════════════════════════════════════╗

2024-11-26 14:58:48,424 INFO     ___FILE_ONLY___ ╠═ Downloading: Minikube                                    ═╣

2024-11-26 14:58:48,424 INFO     ___FILE_ONLY___ ╚
2024-11-26 14:58:48,424 INFO     ___FILE_ONLY___ ════════════════════════════════════════════════════════════
2024-11-26 14:58:48,424 INFO     ___FILE_ONLY___ ╝

2024-11-26 14:58:48,431 INFO     ___FILE_ONLY___ ╔════════════════════════════════════════════════════════════╗

2024-11-26 14:58:48,431 INFO     ___FILE_ONLY___ ╠═ Downloading: Minikube (Platform Specific)                ═╣

2024-11-26 14:58:48,431 INFO     ___FILE_ONLY___ ╚
2024-11-26 14:58:48,435 DEBUG    urllib3.connectionpool Starting new HTTPS connection (1): dl.google.com:443
2024-11-26 14:58:48,871 DEBUG    urllib3.connectionpool https://dl.google.com:443 "GET /dl/cloudsdk/channels/rapid/components/google-cloud-sdk-minikube-darwin-arm-20240927140238.tar.gz HTTP/1.1" 200 38981244
2024-11-26 14:58:50,537 INFO     ___FILE_ONLY___ ═
2024-11-26 14:58:50,538 INFO     ___FILE_ONLY___ ═
2024-11-26 14:58:50,539 INFO     ___FILE_ONLY___ ═
2024-11-26 14:58:50,539 INFO     ___FILE_ONLY___ ═
2024-11-26 14:58:50,539 INFO     ___FILE_ONLY___ ═
2024-11-26 14:58:50,540 INFO     ___FILE_ONLY___ ═
2024-11-26 14:58:50,541 INFO     ___FILE_ONLY___ ═
2024-11-26 14:58:50,543 INFO     ___FILE_ONLY___ ═
2024-11-26 14:58:50,544 INFO     ___FILE_ONLY___ ═
2024-11-26 14:58:50,544 INFO     ___FILE_ONLY___ ═
2024-11-26 14:58:50,544 INFO     ___FILE_ONLY___ ═
2024-11-26 14:58:50,545 INFO     ___FILE_ONLY___ ═
2024-11-26 14:58:50,546 INFO     ___FILE_ONLY___ ═
2024-11-26 14:58:50,546 INFO     ___FILE_ONLY___ ═
2024-11-26 14:58:50,547 INFO     ___FILE_ONLY___ ═
2024-11-26 14:58:50,547 INFO     ___FILE_ONLY___ ═
2024-11-26 14:58:50,547 INFO     ___FILE_ONLY___ ═
2024-11-26 14:58:50,548 INFO     ___FILE_ONLY___ ═
2024-11-26 14:58:50,548 INFO     ___FILE_ONLY___ ═
2024-11-26 14:58:50,548 INFO     ___FILE_ONLY___ ═
2024-11-26 14:58:50,549 INFO     ___FILE_ONLY___ ═
2024-11-26 14:58:50,549 INFO     ___FILE_ONLY___ ═
2024-11-26 14:58:50,549 INFO     ___FILE_ONLY___ ═
2024-11-26 14:58:50,550 INFO     ___FILE_ONLY___ ═
2024-11-26 14:58:50,550 INFO     ___FILE_ONLY___ ═
2024-11-26 14:58:50,551 INFO     ___FILE_ONLY___ ═
2024-11-26 14:58:50,551 INFO     ___FILE_ONLY___ ═
2024-11-26 14:58:50,552 INFO     ___FILE_ONLY___ ═
2024-11-26 14:58:50,552 INFO     ___FILE_ONLY___ ═
2024-11-26 14:58:50,552 INFO     ___FILE_ONLY___ ═
2024-11-26 14:58:50,553 INFO     ___FILE_ONLY___ ═
2024-11-26 14:58:50,553 INFO     ___FILE_ONLY___ ═
2024-11-26 14:58:50,554 INFO     ___FILE_ONLY___ ═
2024-11-26 14:58:50,555 INFO     ___FILE_ONLY___ ═
2024-11-26 14:58:50,555 INFO     ___FILE_ONLY___ ═
2024-11-26 14:58:50,555 INFO     ___FILE_ONLY___ ═
2024-11-26 14:58:50,556 INFO     ___FILE_ONLY___ ═
2024-11-26 14:58:50,556 INFO     ___FILE_ONLY___ ═
2024-11-26 14:58:50,558 INFO     ___FILE_ONLY___ ═
2024-11-26 14:58:50,559 INFO     ___FILE_ONLY___ ═
2024-11-26 14:58:50,559 INFO     ___FILE_ONLY___ ═
2024-11-26 14:58:50,559 INFO     ___FILE_ONLY___ ═
2024-11-26 14:58:50,560 INFO     ___FILE_ONLY___ ═
2024-11-26 14:58:50,560 INFO     ___FILE_ONLY___ ═
2024-11-26 14:58:50,560 INFO     ___FILE_ONLY___ ═
2024-11-26 14:58:50,561 INFO     ___FILE_ONLY___ ═
2024-11-26 14:58:50,562 INFO     ___FILE_ONLY___ ═
2024-11-26 14:58:50,563 INFO     ___FILE_ONLY___ ═
2024-11-26 14:58:50,563 INFO     ___FILE_ONLY___ ═
2024-11-26 14:58:50,564 INFO     ___FILE_ONLY___ ═
2024-11-26 14:58:50,564 INFO     ___FILE_ONLY___ ═
2024-11-26 14:58:50,566 INFO     ___FILE_ONLY___ ═
2024-11-26 14:58:50,567 INFO     ___FILE_ONLY___ ═
2024-11-26 14:58:50,567 INFO     ___FILE_ONLY___ ═
2024-11-26 14:58:50,567 INFO     ___FILE_ONLY___ ═
2024-11-26 14:58:50,568 INFO     ___FILE_ONLY___ ═
2024-11-26 14:58:50,568 INFO     ___FILE_ONLY___ ═
2024-11-26 14:58:50,569 INFO     ___FILE_ONLY___ ═
2024-11-26 14:58:50,570 INFO     ___FILE_ONLY___ ═
2024-11-26 14:58:50,570 INFO     ___FILE_ONLY___ ═
2024-11-26 14:58:50,570 INFO     ___FILE_ONLY___ ╝

2024-11-26 14:58:50,582 INFO     ___FILE_ONLY___ ╔════════════════════════════════════════════════════════════╗

2024-11-26 14:58:50,582 INFO     ___FILE_ONLY___ ╠═ Downloading: Skaffold                                    ═╣

2024-11-26 14:58:50,582 INFO     ___FILE_ONLY___ ╚
2024-11-26 14:58:50,582 INFO     ___FILE_ONLY___ ════════════════════════════════════════════════════════════
2024-11-26 14:58:50,582 INFO     ___FILE_ONLY___ ╝

2024-11-26 14:58:50,588 INFO     ___FILE_ONLY___ ╔════════════════════════════════════════════════════════════╗

2024-11-26 14:58:50,589 INFO     ___FILE_ONLY___ ╠═ Downloading: Skaffold (Platform Specific)                ═╣

2024-11-26 14:58:50,589 INFO     ___FILE_ONLY___ ╚
2024-11-26 14:58:50,592 DEBUG    urllib3.connectionpool Starting new HTTPS connection (1): dl.google.com:443
2024-11-26 14:58:51,161 DEBUG    urllib3.connectionpool https://dl.google.com:443 "GET /dl/cloudsdk/channels/rapid/components/google-cloud-sdk-skaffold-darwin-arm-20240806142304.tar.gz HTTP/1.1" 200 24031362
2024-11-26 14:58:52,281 INFO     ___FILE_ONLY___ ═
2024-11-26 14:58:52,281 INFO     ___FILE_ONLY___ ═
2024-11-26 14:58:52,282 INFO     ___FILE_ONLY___ ═
2024-11-26 14:58:52,283 INFO     ___FILE_ONLY___ ═
2024-11-26 14:58:52,283 INFO     ___FILE_ONLY___ ═
2024-11-26 14:58:52,284 INFO     ___FILE_ONLY___ ═
2024-11-26 14:58:52,284 INFO     ___FILE_ONLY___ ═
2024-11-26 14:58:52,285 INFO     ___FILE_ONLY___ ═
2024-11-26 14:58:52,285 INFO     ___FILE_ONLY___ ═
2024-11-26 14:58:52,285 INFO     ___FILE_ONLY___ ═
2024-11-26 14:58:52,285 INFO     ___FILE_ONLY___ ═
2024-11-26 14:58:52,286 INFO     ___FILE_ONLY___ ═
2024-11-26 14:58:52,286 INFO     ___FILE_ONLY___ ═
2024-11-26 14:58:52,286 INFO     ___FILE_ONLY___ ═
2024-11-26 14:58:52,287 INFO     ___FILE_ONLY___ ═
2024-11-26 14:58:52,287 INFO     ___FILE_ONLY___ ═
2024-11-26 14:58:52,288 INFO     ___FILE_ONLY___ ═
2024-11-26 14:58:52,288 INFO     ___FILE_ONLY___ ═
2024-11-26 14:58:52,289 INFO     ___FILE_ONLY___ ═
2024-11-26 14:58:52,289 INFO     ___FILE_ONLY___ ═
2024-11-26 14:58:52,291 INFO     ___FILE_ONLY___ ═
2024-11-26 14:58:52,291 INFO     ___FILE_ONLY___ ═
2024-11-26 14:58:52,292 INFO     ___FILE_ONLY___ ═
2024-11-26 14:58:52,293 INFO     ___FILE_ONLY___ ═
2024-11-26 14:58:52,293 INFO     ___FILE_ONLY___ ═
2024-11-26 14:58:52,294 INFO     ___FILE_ONLY___ ═
2024-11-26 14:58:52,294 INFO     ___FILE_ONLY___ ═
2024-11-26 14:58:52,294 INFO     ___FILE_ONLY___ ═
2024-11-26 14:58:52,294 INFO     ___FILE_ONLY___ ═
2024-11-26 14:58:52,295 INFO     ___FILE_ONLY___ ═
2024-11-26 14:58:52,295 INFO     ___FILE_ONLY___ ═
2024-11-26 14:58:52,296 INFO     ___FILE_ONLY___ ═
2024-11-26 14:58:52,296 INFO     ___FILE_ONLY___ ═
2024-11-26 14:58:52,297 INFO     ___FILE_ONLY___ ═
2024-11-26 14:58:52,297 INFO     ___FILE_ONLY___ ═
2024-11-26 14:58:52,297 INFO     ___FILE_ONLY___ ═
2024-11-26 14:58:52,297 INFO     ___FILE_ONLY___ ═
2024-11-26 14:58:52,298 INFO     ___FILE_ONLY___ ═
2024-11-26 14:58:52,298 INFO     ___FILE_ONLY___ ═
2024-11-26 14:58:52,298 INFO     ___FILE_ONLY___ ═
2024-11-26 14:58:52,299 INFO     ___FILE_ONLY___ ═
2024-11-26 14:58:52,299 INFO     ___FILE_ONLY___ ═
2024-11-26 14:58:52,300 INFO     ___FILE_ONLY___ ═
2024-11-26 14:58:52,301 INFO     ___FILE_ONLY___ ═
2024-11-26 14:58:52,301 INFO     ___FILE_ONLY___ ═
2024-11-26 14:58:52,301 INFO     ___FILE_ONLY___ ═
2024-11-26 14:58:52,301 INFO     ___FILE_ONLY___ ═
2024-11-26 14:58:52,302 INFO     ___FILE_ONLY___ ═
2024-11-26 14:58:52,302 INFO     ___FILE_ONLY___ ═
2024-11-26 14:58:52,302 INFO     ___FILE_ONLY___ ═
2024-11-26 14:58:52,302 INFO     ___FILE_ONLY___ ═
2024-11-26 14:58:52,303 INFO     ___FILE_ONLY___ ═
2024-11-26 14:58:52,303 INFO     ___FILE_ONLY___ ═
2024-11-26 14:58:52,303 INFO     ___FILE_ONLY___ ═
2024-11-26 14:58:52,304 INFO     ___FILE_ONLY___ ═
2024-11-26 14:58:52,304 INFO     ___FILE_ONLY___ ═
2024-11-26 14:58:52,304 INFO     ___FILE_ONLY___ ═
2024-11-26 14:58:52,305 INFO     ___FILE_ONLY___ ═
2024-11-26 14:58:52,305 INFO     ___FILE_ONLY___ ═
2024-11-26 14:58:52,305 INFO     ___FILE_ONLY___ ═
2024-11-26 14:58:52,305 INFO     ___FILE_ONLY___ ╝

2024-11-26 14:58:52,315 INFO     ___FILE_ONLY___ ╔════════════════════════════════════════════════════════════╗

2024-11-26 14:58:52,315 INFO     ___FILE_ONLY___ ╠═ Downloading: gcloud Alpha Commands                       ═╣

2024-11-26 14:58:52,315 INFO     ___FILE_ONLY___ ╚
2024-11-26 14:58:52,320 DEBUG    urllib3.connectionpool Starting new HTTPS connection (1): dl.google.com:443
2024-11-26 14:58:52,529 DEBUG    urllib3.connectionpool https://dl.google.com:443 "GET /dl/cloudsdk/channels/rapid/components/google-cloud-sdk-alpha-20241115154308.tar.gz HTTP/1.1" 200 800
2024-11-26 14:58:52,530 INFO     ___FILE_ONLY___ ════════════════════════════════════════════════════════════
2024-11-26 14:58:52,531 INFO     ___FILE_ONLY___ ╝

2024-11-26 14:58:52,554 INFO     ___FILE_ONLY___ ╔════════════════════════════════════════════════════════════╗

2024-11-26 14:58:52,554 INFO     ___FILE_ONLY___ ╠═ Downloading: gcloud Beta Commands                        ═╣

2024-11-26 14:58:52,554 INFO     ___FILE_ONLY___ ╚
2024-11-26 14:58:52,559 DEBUG    urllib3.connectionpool Starting new HTTPS connection (1): dl.google.com:443
2024-11-26 14:58:52,917 DEBUG    urllib3.connectionpool https://dl.google.com:443 "GET /dl/cloudsdk/channels/rapid/components/google-cloud-sdk-beta-20241115154308.tar.gz HTTP/1.1" 200 797
2024-11-26 14:58:52,919 INFO     ___FILE_ONLY___ ════════════════════════════════════════════════════════════
2024-11-26 14:58:52,919 INFO     ___FILE_ONLY___ ╝

2024-11-26 14:58:52,936 INFO     ___FILE_ONLY___ ╔════════════════════════════════════════════════════════════╗

2024-11-26 14:58:52,937 INFO     ___FILE_ONLY___ ╠═ Downloading: gcloud cli dependencies (Platform Specific) ═╣

2024-11-26 14:58:52,937 INFO     ___FILE_ONLY___ ╚
2024-11-26 14:58:52,950 DEBUG    urllib3.connectionpool Starting new HTTPS connection (1): dl.google.com:443
2024-11-26 14:58:53,297 DEBUG    urllib3.connectionpool https://dl.google.com:443 "GET /dl/cloudsdk/channels/rapid/components/google-cloud-sdk-gcloud-deps-darwin-x86_64-20210416153011.tar.gz HTTP/1.1" 200 105
2024-11-26 14:58:53,298 INFO     ___FILE_ONLY___ ════════════════════════════════════════════════════════════
2024-11-26 14:58:53,298 INFO     ___FILE_ONLY___ ╝

2024-11-26 14:58:53,321 INFO     ___FILE_ONLY___ ╔════════════════════════════════════════════════════════════╗

2024-11-26 14:58:53,322 INFO     ___FILE_ONLY___ ╠═ Downloading: gke-gcloud-auth-plugin                      ═╣

2024-11-26 14:58:53,322 INFO     ___FILE_ONLY___ ╚
2024-11-26 14:58:53,322 INFO     ___FILE_ONLY___ ════════════════════════════════════════════════════════════
2024-11-26 14:58:53,322 INFO     ___FILE_ONLY___ ╝

2024-11-26 14:58:53,330 INFO     ___FILE_ONLY___ ╔════════════════════════════════════════════════════════════╗

2024-11-26 14:58:53,330 INFO     ___FILE_ONLY___ ╠═ Downloading: gke-gcloud-auth-plugin (Platform Specific)  ═╣

2024-11-26 14:58:53,330 INFO     ___FILE_ONLY___ ╚
2024-11-26 14:58:53,333 DEBUG    urllib3.connectionpool Starting new HTTPS connection (1): dl.google.com:443
2024-11-26 14:58:53,713 DEBUG    urllib3.connectionpool https://dl.google.com:443 "GET /dl/cloudsdk/channels/rapid/components/google-cloud-sdk-gke-gcloud-auth-plugin-darwin-arm-20240628141907.tar.gz HTTP/1.1" 200 4148014
2024-11-26 14:58:54,211 INFO     ___FILE_ONLY___ ═
2024-11-26 14:58:54,212 INFO     ___FILE_ONLY___ ═
2024-11-26 14:58:54,212 INFO     ___FILE_ONLY___ ═
2024-11-26 14:58:54,212 INFO     ___FILE_ONLY___ ═
2024-11-26 14:58:54,212 INFO     ___FILE_ONLY___ ═
2024-11-26 14:58:54,212 INFO     ___FILE_ONLY___ ═
2024-11-26 14:58:54,212 INFO     ___FILE_ONLY___ ═
2024-11-26 14:58:54,212 INFO     ___FILE_ONLY___ ═
2024-11-26 14:58:54,213 INFO     ___FILE_ONLY___ ═
2024-11-26 14:58:54,213 INFO     ___FILE_ONLY___ ═
2024-11-26 14:58:54,213 INFO     ___FILE_ONLY___ ═
2024-11-26 14:58:54,213 INFO     ___FILE_ONLY___ ═
2024-11-26 14:58:54,213 INFO     ___FILE_ONLY___ ═
2024-11-26 14:58:54,213 INFO     ___FILE_ONLY___ ═
2024-11-26 14:58:54,213 INFO     ___FILE_ONLY___ ═
2024-11-26 14:58:54,213 INFO     ___FILE_ONLY___ ═
2024-11-26 14:58:54,213 INFO     ___FILE_ONLY___ ═
2024-11-26 14:58:54,214 INFO     ___FILE_ONLY___ ═
2024-11-26 14:58:54,214 INFO     ___FILE_ONLY___ ═
2024-11-26 14:58:54,214 INFO     ___FILE_ONLY___ ═
2024-11-26 14:58:54,214 INFO     ___FILE_ONLY___ ═
2024-11-26 14:58:54,214 INFO     ___FILE_ONLY___ ═
2024-11-26 14:58:54,214 INFO     ___FILE_ONLY___ ═
2024-11-26 14:58:54,214 INFO     ___FILE_ONLY___ ═
2024-11-26 14:58:54,214 INFO     ___FILE_ONLY___ ═
2024-11-26 14:58:54,214 INFO     ___FILE_ONLY___ ═
2024-11-26 14:58:54,214 INFO     ___FILE_ONLY___ ═
2024-11-26 14:58:54,215 INFO     ___FILE_ONLY___ ═
2024-11-26 14:58:54,215 INFO     ___FILE_ONLY___ ═
2024-11-26 14:58:54,215 INFO     ___FILE_ONLY___ ═
2024-11-26 14:58:54,215 INFO     ___FILE_ONLY___ ═
2024-11-26 14:58:54,215 INFO     ___FILE_ONLY___ ═
2024-11-26 14:58:54,215 INFO     ___FILE_ONLY___ ═
2024-11-26 14:58:54,215 INFO     ___FILE_ONLY___ ═
2024-11-26 14:58:54,216 INFO     ___FILE_ONLY___ ═
2024-11-26 14:58:54,216 INFO     ___FILE_ONLY___ ═
2024-11-26 14:58:54,216 INFO     ___FILE_ONLY___ ═
2024-11-26 14:58:54,216 INFO     ___FILE_ONLY___ ═
2024-11-26 14:58:54,216 INFO     ___FILE_ONLY___ ═
2024-11-26 14:58:54,216 INFO     ___FILE_ONLY___ ═
2024-11-26 14:58:54,217 INFO     ___FILE_ONLY___ ═
2024-11-26 14:58:54,217 INFO     ___FILE_ONLY___ ═
2024-11-26 14:58:54,217 INFO     ___FILE_ONLY___ ═
2024-11-26 14:58:54,217 INFO     ___FILE_ONLY___ ═
2024-11-26 14:58:54,217 INFO     ___FILE_ONLY___ ═
2024-11-26 14:58:54,217 INFO     ___FILE_ONLY___ ═
2024-11-26 14:58:54,218 INFO     ___FILE_ONLY___ ═
2024-11-26 14:58:54,218 INFO     ___FILE_ONLY___ ═
2024-11-26 14:58:54,218 INFO     ___FILE_ONLY___ ═
2024-11-26 14:58:54,218 INFO     ___FILE_ONLY___ ═
2024-11-26 14:58:54,218 INFO     ___FILE_ONLY___ ═
2024-11-26 14:58:54,218 INFO     ___FILE_ONLY___ ═
2024-11-26 14:58:54,219 INFO     ___FILE_ONLY___ ═
2024-11-26 14:58:54,219 INFO     ___FILE_ONLY___ ═
2024-11-26 14:58:54,219 INFO     ___FILE_ONLY___ ═
2024-11-26 14:58:54,219 INFO     ___FILE_ONLY___ ═
2024-11-26 14:58:54,221 INFO     ___FILE_ONLY___ ═
2024-11-26 14:58:54,221 INFO     ___FILE_ONLY___ ═
2024-11-26 14:58:54,221 INFO     ___FILE_ONLY___ ═
2024-11-26 14:58:54,221 INFO     ___FILE_ONLY___ ═
2024-11-26 14:58:54,221 INFO     ___FILE_ONLY___ ╝

2024-11-26 14:58:54,239 INFO     ___FILE_ONLY___ ╔════════════════════════════════════════════════════════════╗

2024-11-26 14:58:54,240 INFO     ___FILE_ONLY___ ╠═ Downloading: kubectl                                     ═╣

2024-11-26 14:58:54,240 INFO     ___FILE_ONLY___ ╚
2024-11-26 14:58:54,267 DEBUG    urllib3.connectionpool Starting new HTTPS connection (1): dl.google.com:443
2024-11-26 14:58:54,659 DEBUG    urllib3.connectionpool https://dl.google.com:443 "GET /dl/cloudsdk/channels/rapid/components/google-cloud-sdk-kubectl-20241004144944.tar.gz HTTP/1.1" 200 36206
2024-11-26 14:58:54,742 INFO     ___FILE_ONLY___ ═══════════════════════════
2024-11-26 14:58:54,742 INFO     ___FILE_ONLY___ ═══════════════════════════
2024-11-26 14:58:54,742 INFO     ___FILE_ONLY___ ══════
2024-11-26 14:58:54,742 INFO     ___FILE_ONLY___ ╝

2024-11-26 14:58:54,752 INFO     ___FILE_ONLY___ ╔════════════════════════════════════════════════════════════╗

2024-11-26 14:58:54,752 INFO     ___FILE_ONLY___ ╠═ Downloading: kubectl (Platform Specific)                 ═╣

2024-11-26 14:58:54,752 INFO     ___FILE_ONLY___ ╚
2024-11-26 14:58:54,756 DEBUG    urllib3.connectionpool Starting new HTTPS connection (1): dl.google.com:443
2024-11-26 14:58:55,134 DEBUG    urllib3.connectionpool https://dl.google.com:443 "GET /dl/cloudsdk/channels/rapid/components/google-cloud-sdk-kubectl-darwin-arm-20241108162203.tar.gz HTTP/1.1" 200 90277960
2024-11-26 14:59:00,518 INFO     ___FILE_ONLY___ ═
2024-11-26 14:59:00,533 INFO     ___FILE_ONLY___ ═
2024-11-26 14:59:00,631 INFO     ___FILE_ONLY___ ═
2024-11-26 14:59:00,639 INFO     ___FILE_ONLY___ ═
2024-11-26 14:59:00,648 INFO     ___FILE_ONLY___ ═
2024-11-26 14:59:00,654 INFO     ___FILE_ONLY___ ═
2024-11-26 14:59:00,659 INFO     ___FILE_ONLY___ ═
2024-11-26 14:59:00,665 INFO     ___FILE_ONLY___ ═
2024-11-26 14:59:00,671 INFO     ___FILE_ONLY___ ═
2024-11-26 14:59:00,680 INFO     ___FILE_ONLY___ ═
2024-11-26 14:59:00,688 INFO     ___FILE_ONLY___ ═
2024-11-26 14:59:00,697 INFO     ___FILE_ONLY___ ═
2024-11-26 14:59:00,719 INFO     ___FILE_ONLY___ ═
2024-11-26 14:59:00,741 INFO     ___FILE_ONLY___ ═
2024-11-26 14:59:00,751 INFO     ___FILE_ONLY___ ═
2024-11-26 14:59:00,761 INFO     ___FILE_ONLY___ ═
2024-11-26 14:59:00,769 INFO     ___FILE_ONLY___ ═
2024-11-26 14:59:00,778 INFO     ___FILE_ONLY___ ═
2024-11-26 14:59:00,785 INFO     ___FILE_ONLY___ ═
2024-11-26 14:59:00,792 INFO     ___FILE_ONLY___ ═
2024-11-26 14:59:00,799 INFO     ___FILE_ONLY___ ═
2024-11-26 14:59:00,807 INFO     ___FILE_ONLY___ ═
2024-11-26 14:59:00,816 INFO     ___FILE_ONLY___ ═
2024-11-26 14:59:00,823 INFO     ___FILE_ONLY___ ═
2024-11-26 14:59:00,830 INFO     ___FILE_ONLY___ ═
2024-11-26 14:59:00,835 INFO     ___FILE_ONLY___ ═
2024-11-26 14:59:00,840 INFO     ___FILE_ONLY___ ═
2024-11-26 14:59:00,889 INFO     ___FILE_ONLY___ ═
2024-11-26 14:59:00,979 INFO     ___FILE_ONLY___ ═
2024-11-26 14:59:01,141 INFO     ___FILE_ONLY___ ═
2024-11-26 14:59:01,147 INFO     ___FILE_ONLY___ ═
2024-11-26 14:59:01,157 INFO     ___FILE_ONLY___ ═
2024-11-26 14:59:01,220 INFO     ___FILE_ONLY___ ═
2024-11-26 14:59:01,229 INFO     ___FILE_ONLY___ ═
2024-11-26 14:59:01,232 INFO     ___FILE_ONLY___ ═
2024-11-26 14:59:01,242 INFO     ___FILE_ONLY___ ═
2024-11-26 14:59:01,266 INFO     ___FILE_ONLY___ ═
2024-11-26 14:59:01,298 INFO     ___FILE_ONLY___ ═
2024-11-26 14:59:01,316 INFO     ___FILE_ONLY___ ═
2024-11-26 14:59:01,322 INFO     ___FILE_ONLY___ ═
2024-11-26 14:59:01,324 INFO     ___FILE_ONLY___ ═
2024-11-26 14:59:01,336 INFO     ___FILE_ONLY___ ═
2024-11-26 14:59:01,353 INFO     ___FILE_ONLY___ ═
2024-11-26 14:59:01,360 INFO     ___FILE_ONLY___ ═
2024-11-26 14:59:01,368 INFO     ___FILE_ONLY___ ═
2024-11-26 14:59:01,371 INFO     ___FILE_ONLY___ ═
2024-11-26 14:59:01,375 INFO     ___FILE_ONLY___ ═
2024-11-26 14:59:01,377 INFO     ___FILE_ONLY___ ═
2024-11-26 14:59:01,380 INFO     ___FILE_ONLY___ ═
2024-11-26 14:59:01,383 INFO     ___FILE_ONLY___ ═
2024-11-26 14:59:01,385 INFO     ___FILE_ONLY___ ═
2024-11-26 14:59:01,386 INFO     ___FILE_ONLY___ ═
2024-11-26 14:59:01,390 INFO     ___FILE_ONLY___ ═
2024-11-26 14:59:01,394 INFO     ___FILE_ONLY___ ═
2024-11-26 14:59:01,396 INFO     ___FILE_ONLY___ ═
2024-11-26 14:59:01,399 INFO     ___FILE_ONLY___ ═
2024-11-26 14:59:01,404 INFO     ___FILE_ONLY___ ═
2024-11-26 14:59:01,413 INFO     ___FILE_ONLY___ ═
2024-11-26 14:59:01,415 INFO     ___FILE_ONLY___ ═
2024-11-26 14:59:01,425 INFO     ___FILE_ONLY___ ═
2024-11-26 14:59:01,425 INFO     ___FILE_ONLY___ ╝

2024-11-26 14:59:01,453 INFO     ___FILE_ONLY___ ╔════════════════════════════════════════════════════════════╗

2024-11-26 14:59:01,453 INFO     ___FILE_ONLY___ ╠═ Installing: Google Cloud CLI Core Libraries (Platform... ═╣

2024-11-26 14:59:01,453 INFO     ___FILE_ONLY___ ╚
2024-11-26 14:59:01,464 INFO     ___FILE_ONLY___ ══════════════════════════════
2024-11-26 14:59:01,465 INFO     ___FILE_ONLY___ ══════════════════════════════
2024-11-26 14:59:01,465 INFO     ___FILE_ONLY___ ╝

2024-11-26 14:59:01,501 INFO     ___FILE_ONLY___ ╔════════════════════════════════════════════════════════════╗

2024-11-26 14:59:01,503 INFO     ___FILE_ONLY___ ╠═ Installing: Minikube                                     ═╣

2024-11-26 14:59:01,503 INFO     ___FILE_ONLY___ ╚
2024-11-26 14:59:01,510 INFO     ___FILE_ONLY___ ════════════════════════════════════════════════════════════
2024-11-26 14:59:01,510 INFO     ___FILE_ONLY___ ╝

2024-11-26 14:59:01,532 INFO     ___FILE_ONLY___ ╔════════════════════════════════════════════════════════════╗

2024-11-26 14:59:01,534 INFO     ___FILE_ONLY___ ╠═ Installing: Minikube (Platform Specific)                 ═╣

2024-11-26 14:59:01,534 INFO     ___FILE_ONLY___ ╚
2024-11-26 14:59:02,587 INFO     ___FILE_ONLY___ ════════════════════════════════════════════════════════════
2024-11-26 14:59:02,588 INFO     ___FILE_ONLY___ ╝

2024-11-26 14:59:02,597 INFO     ___FILE_ONLY___ ╔════════════════════════════════════════════════════════════╗

2024-11-26 14:59:02,598 INFO     ___FILE_ONLY___ ╠═ Installing: Skaffold                                     ═╣

2024-11-26 14:59:02,598 INFO     ___FILE_ONLY___ ╚
2024-11-26 14:59:02,599 INFO     ___FILE_ONLY___ ════════════════════════════════════════════════════════════
2024-11-26 14:59:02,599 INFO     ___FILE_ONLY___ ╝

2024-11-26 14:59:02,605 INFO     ___FILE_ONLY___ ╔════════════════════════════════════════════════════════════╗

2024-11-26 14:59:02,605 INFO     ___FILE_ONLY___ ╠═ Installing: Skaffold (Platform Specific)                 ═╣

2024-11-26 14:59:02,605 INFO     ___FILE_ONLY___ ╚
2024-11-26 14:59:03,491 INFO     ___FILE_ONLY___ ════════════════════════════════════════════════════════════
2024-11-26 14:59:03,491 INFO     ___FILE_ONLY___ ╝

2024-11-26 14:59:03,501 INFO     ___FILE_ONLY___ ╔════════════════════════════════════════════════════════════╗

2024-11-26 14:59:03,501 INFO     ___FILE_ONLY___ ╠═ Installing: gcloud Alpha Commands                        ═╣

2024-11-26 14:59:03,501 INFO     ___FILE_ONLY___ ╚
2024-11-26 14:59:03,502 INFO     ___FILE_ONLY___ ════════════════════════════════════════════════════════════
2024-11-26 14:59:03,502 INFO     ___FILE_ONLY___ ╝

2024-11-26 14:59:03,514 INFO     ___FILE_ONLY___ ╔════════════════════════════════════════════════════════════╗

2024-11-26 14:59:03,515 INFO     ___FILE_ONLY___ ╠═ Installing: gcloud Beta Commands                         ═╣

2024-11-26 14:59:03,515 INFO     ___FILE_ONLY___ ╚
2024-11-26 14:59:03,516 INFO     ___FILE_ONLY___ ════════════════════════════════════════════════════════════
2024-11-26 14:59:03,516 INFO     ___FILE_ONLY___ ╝

2024-11-26 14:59:03,523 INFO     ___FILE_ONLY___ ╔════════════════════════════════════════════════════════════╗

2024-11-26 14:59:03,523 INFO     ___FILE_ONLY___ ╠═ Installing: gcloud cli dependencies (Platform Specific)  ═╣

2024-11-26 14:59:03,523 INFO     ___FILE_ONLY___ ╚
2024-11-26 14:59:03,523 INFO     ___FILE_ONLY___ ════════════════════════════════════════════════════════════
2024-11-26 14:59:03,524 INFO     ___FILE_ONLY___ ╝

2024-11-26 14:59:03,533 INFO     ___FILE_ONLY___ ╔════════════════════════════════════════════════════════════╗

2024-11-26 14:59:03,534 INFO     ___FILE_ONLY___ ╠═ Installing: gke-gcloud-auth-plugin                       ═╣

2024-11-26 14:59:03,534 INFO     ___FILE_ONLY___ ╚
2024-11-26 14:59:03,536 INFO     ___FILE_ONLY___ ════════════════════════════════════════════════════════════
2024-11-26 14:59:03,536 INFO     ___FILE_ONLY___ ╝

2024-11-26 14:59:03,547 INFO     ___FILE_ONLY___ ╔════════════════════════════════════════════════════════════╗

2024-11-26 14:59:03,548 INFO     ___FILE_ONLY___ ╠═ Installing: gke-gcloud-auth-plugin (Platform Specific)   ═╣

2024-11-26 14:59:03,548 INFO     ___FILE_ONLY___ ╚
2024-11-26 14:59:03,676 INFO     ___FILE_ONLY___ ════════════════════════════════════════════════════════════
2024-11-26 14:59:03,676 INFO     ___FILE_ONLY___ ╝

2024-11-26 14:59:03,685 INFO     ___FILE_ONLY___ ╔════════════════════════════════════════════════════════════╗

2024-11-26 14:59:03,685 INFO     ___FILE_ONLY___ ╠═ Installing: kubectl                                      ═╣

2024-11-26 14:59:03,685 INFO     ___FILE_ONLY___ ╚
2024-11-26 14:59:03,688 INFO     ___FILE_ONLY___ ════════════════════════════════════════════════════════════
2024-11-26 14:59:03,688 INFO     ___FILE_ONLY___ ╝

2024-11-26 14:59:03,697 INFO     ___FILE_ONLY___ ╔════════════════════════════════════════════════════════════╗

2024-11-26 14:59:03,697 INFO     ___FILE_ONLY___ ╠═ Installing: kubectl (Platform Specific)                  ═╣

2024-11-26 14:59:03,697 INFO     ___FILE_ONLY___ ╚
2024-11-26 14:59:05,922 INFO     ___FILE_ONLY___ ══════════
2024-11-26 14:59:06,548 INFO     ___FILE_ONLY___ ══════════
2024-11-26 14:59:08,084 INFO     ___FILE_ONLY___ ══════════
2024-11-26 14:59:08,470 INFO     ___FILE_ONLY___ ══════════
2024-11-26 14:59:08,668 INFO     ___FILE_ONLY___ ══════════
2024-11-26 14:59:08,891 INFO     ___FILE_ONLY___ ══════════
2024-11-26 14:59:08,891 INFO     ___FILE_ONLY___ ╝

2024-11-26 14:59:08,899 DEBUG    root            Updating notification cache...
2024-11-26 14:59:08,900 INFO     ___FILE_ONLY___

2024-11-26 14:59:08,909 INFO     ___FILE_ONLY___ Performing post processing steps...
2024-11-26 14:59:08,909 DEBUG    root            Executing command: ['/Users/bryanwills/Library/Application Support/cloud-code/installer/google-cloud-sdk/bin/gcloud', 'components', 'post-process', '--no-compile-python']
2024-11-26 14:59:10,321 DEBUG    ___FILE_ONLY___
2024-11-26 14:59:10,322 DEBUG    ___FILE_ONLY___
2024-11-26 14:59:10,435 INFO     ___FILE_ONLY___
Update done!


2024-11-26 14:59:10,440 WARNING  root              There are other instances of Google Cloud tools on your system PATH.
  Please remove the following to avoid confusion or accidental invocation:

  /Applications/Docker.app/Contents/Resources/bin/kubectl
/opt/homebrew/Cellar/minikube/1.34.0/bin/minikube
/opt/homebrew/Cellar/kubernetes-cli/1.31.3/bin/kubectl


2024-11-26 14:59:10,443 DEBUG    root            Chosen display Format:none
2024-11-26 14:59:10,444 INFO     root            Display format: "none"
2024-11-26 14:59:10,448 DEBUG    root            Executing command: ['curl', '--silent', '-O', 'https://dl.google.com/dl/cloudsdk/channels/rapid/python-3.11.6-macos11.tar.gz']
2024-11-26 14:59:15,741 DEBUG    root            Executing command: ['tar', '-xf', 'python-3.11.6-macos11.tar.gz']
2024-11-26 14:59:15,802 DEBUG    root            Executing command: ['sudo', 'installer', '-target', '/', '-pkg', './python-3.11.6-macos11.pkg']
