2024-11-26 14:55:07,464 DEBUG    root            Metrics collector initialized...
2024-11-26 14:55:07,476 DEBUG    root            Loaded Command Group: ['gcloud', 'components']
2024-11-26 14:55:07,501 DEBUG    root            Loaded Command Group: ['gcloud', 'components', 'update']
2024-11-26 14:55:07,504 DEBUG    root            Running [gcloud.components.update] with arguments: [--no-compile-python: "False", --quiet: "True", COMPONENT-IDS:6: "['alpha', 'beta', 'gke-gcloud-auth-plugin', 'kubectl', 'skaffold', 'minikube']"]
2024-11-26 14:55:07,505 INFO     ___FILE_ONLY___ Beginning update. This process may take several minutes.

2024-11-26 14:55:07,573 DEBUG    urllib3.connectionpool Starting new HTTPS connection (1): dl.google.com:443
2024-11-26 14:55:07,847 DEBUG    urllib3.connectionpool https://dl.google.com:443 "GET /dl/cloudsdk/channels/rapid/components-2.json HTTP/1.1" 200 227816
2024-11-26 14:55:08,067 INFO     ___FILE_ONLY___

2024-11-26 14:55:08,068 INFO     ___FILE_ONLY___
Your current Google Cloud CLI version is: 502.0.0

2024-11-26 14:55:08,068 INFO     ___FILE_ONLY___ Installing components from version: 502.0.0

2024-11-26 14:55:08,068 INFO     ___FILE_ONLY___

2024-11-26 14:55:08,068 DEBUG    root            Chosen display Format:table[box,title="These components will be removed."](details.display_name:label=Name:align=left,version.version_string:label=Version:align=right,data.size.size(zero="",min=1048576):label=Size:align=right)
2024-11-26 14:55:08,068 DEBUG    root            Chosen display Format:table[box,title="These components will be updated."](details.display_name:label=Name:align=left,version.version_string:label=Version:align=right,data.size.size(zero="",min=1048576):label=Size:align=right)
2024-11-26 14:55:08,068 DEBUG    root            Chosen display Format:table[box,title="These components will be installed."](details.display_name:label=Name:align=left,version.version_string:label=Version:align=right,data.size.size(zero="",min=1048576):label=Size:align=right)
2024-11-26 14:55:08,100 INFO     ___FILE_ONLY___ ┌─────────────────────────────────────────────────────────────────────────────┐
2024-11-26 14:55:08,100 INFO     ___FILE_ONLY___

2024-11-26 14:55:08,100 INFO     ___FILE_ONLY___ │                     These components will be installed.                     │
2024-11-26 14:55:08,100 INFO     ___FILE_ONLY___

2024-11-26 14:55:08,100 INFO     ___FILE_ONLY___ ├─────────────────────────────────────────────────────┬────────────┬──────────┤
2024-11-26 14:55:08,100 INFO     ___FILE_ONLY___

2024-11-26 14:55:08,100 INFO     ___FILE_ONLY___ │                         Name                        │  Version   │   Size   │
2024-11-26 14:55:08,100 INFO     ___FILE_ONLY___

2024-11-26 14:55:08,100 INFO     ___FILE_ONLY___ ├─────────────────────────────────────────────────────┼────────────┼──────────┤
2024-11-26 14:55:08,100 INFO     ___FILE_ONLY___

2024-11-26 14:55:08,100 INFO     ___FILE_ONLY___ │
2024-11-26 14:55:08,100 INFO     ___FILE_ONLY___ Google Cloud CLI Core Libraries (Platform Specific)
2024-11-26 14:55:08,100 INFO     ___FILE_ONLY___
2024-11-26 14:55:08,100 INFO     ___FILE_ONLY___ │
2024-11-26 14:55:08,100 INFO     ___FILE_ONLY___ 2024.08.30
2024-11-26 14:55:08,100 INFO     ___FILE_ONLY___
2024-11-26 14:55:08,100 INFO     ___FILE_ONLY___ │
2024-11-26 14:55:08,100 INFO     ___FILE_ONLY___  < 1 MiB
2024-11-26 14:55:08,100 INFO     ___FILE_ONLY___
2024-11-26 14:55:08,100 INFO     ___FILE_ONLY___ │
2024-11-26 14:55:08,100 INFO     ___FILE_ONLY___

2024-11-26 14:55:08,100 INFO     ___FILE_ONLY___ │
2024-11-26 14:55:08,100 INFO     ___FILE_ONLY___ Minikube (Platform Specific)
2024-11-26 14:55:08,100 INFO     ___FILE_ONLY___
2024-11-26 14:55:08,101 INFO     ___FILE_ONLY___ │
2024-11-26 14:55:08,101 INFO     ___FILE_ONLY___     1.34.0
2024-11-26 14:55:08,101 INFO     ___FILE_ONLY___
2024-11-26 14:55:08,101 INFO     ___FILE_ONLY___ │
2024-11-26 14:55:08,101 INFO     ___FILE_ONLY___ 37.2 MiB
2024-11-26 14:55:08,101 INFO     ___FILE_ONLY___
2024-11-26 14:55:08,101 INFO     ___FILE_ONLY___ │
2024-11-26 14:55:08,101 INFO     ___FILE_ONLY___

2024-11-26 14:55:08,101 INFO     ___FILE_ONLY___ │
2024-11-26 14:55:08,101 INFO     ___FILE_ONLY___ Skaffold (Platform Specific)
2024-11-26 14:55:08,101 INFO     ___FILE_ONLY___
2024-11-26 14:55:08,101 INFO     ___FILE_ONLY___ │
2024-11-26 14:55:08,101 INFO     ___FILE_ONLY___     2.13.1
2024-11-26 14:55:08,101 INFO     ___FILE_ONLY___
2024-11-26 14:55:08,101 INFO     ___FILE_ONLY___ │
2024-11-26 14:55:08,101 INFO     ___FILE_ONLY___ 22.9 MiB
2024-11-26 14:55:08,101 INFO     ___FILE_ONLY___
2024-11-26 14:55:08,102 INFO     ___FILE_ONLY___ │
2024-11-26 14:55:08,102 INFO     ___FILE_ONLY___

2024-11-26 14:55:08,102 INFO     ___FILE_ONLY___ │
2024-11-26 14:55:08,102 INFO     ___FILE_ONLY___ gcloud Alpha Commands
2024-11-26 14:55:08,102 INFO     ___FILE_ONLY___
2024-11-26 14:55:08,102 INFO     ___FILE_ONLY___ │
2024-11-26 14:55:08,102 INFO     ___FILE_ONLY___ 2024.11.15
2024-11-26 14:55:08,102 INFO     ___FILE_ONLY___
2024-11-26 14:55:08,102 INFO     ___FILE_ONLY___ │
2024-11-26 14:55:08,102 INFO     ___FILE_ONLY___  < 1 MiB
2024-11-26 14:55:08,102 INFO     ___FILE_ONLY___
2024-11-26 14:55:08,102 INFO     ___FILE_ONLY___ │
2024-11-26 14:55:08,102 INFO     ___FILE_ONLY___

2024-11-26 14:55:08,102 INFO     ___FILE_ONLY___ │
2024-11-26 14:55:08,102 INFO     ___FILE_ONLY___ gcloud Beta Commands
2024-11-26 14:55:08,102 INFO     ___FILE_ONLY___
2024-11-26 14:55:08,102 INFO     ___FILE_ONLY___ │
2024-11-26 14:55:08,102 INFO     ___FILE_ONLY___ 2024.11.15
2024-11-26 14:55:08,103 INFO     ___FILE_ONLY___
2024-11-26 14:55:08,103 INFO     ___FILE_ONLY___ │
2024-11-26 14:55:08,103 INFO     ___FILE_ONLY___  < 1 MiB
2024-11-26 14:55:08,103 INFO     ___FILE_ONLY___
2024-11-26 14:55:08,103 INFO     ___FILE_ONLY___ │
2024-11-26 14:55:08,104 INFO     ___FILE_ONLY___

2024-11-26 14:55:08,104 INFO     ___FILE_ONLY___ │
2024-11-26 14:55:08,104 INFO     ___FILE_ONLY___ gcloud cli dependencies (Platform Specific)
2024-11-26 14:55:08,104 INFO     ___FILE_ONLY___
2024-11-26 14:55:08,104 INFO     ___FILE_ONLY___ │
2024-11-26 14:55:08,104 INFO     ___FILE_ONLY___ 2021.04.16
2024-11-26 14:55:08,104 INFO     ___FILE_ONLY___
2024-11-26 14:55:08,104 INFO     ___FILE_ONLY___ │
2024-11-26 14:55:08,104 INFO     ___FILE_ONLY___  < 1 MiB
2024-11-26 14:55:08,104 INFO     ___FILE_ONLY___
2024-11-26 14:55:08,104 INFO     ___FILE_ONLY___ │
2024-11-26 14:55:08,104 INFO     ___FILE_ONLY___

2024-11-26 14:55:08,104 INFO     ___FILE_ONLY___ │
2024-11-26 14:55:08,104 INFO     ___FILE_ONLY___ gke-gcloud-auth-plugin (Platform Specific)
2024-11-26 14:55:08,104 INFO     ___FILE_ONLY___
2024-11-26 14:55:08,104 INFO     ___FILE_ONLY___ │
2024-11-26 14:55:08,104 INFO     ___FILE_ONLY___      0.5.9
2024-11-26 14:55:08,104 INFO     ___FILE_ONLY___
2024-11-26 14:55:08,105 INFO     ___FILE_ONLY___ │
2024-11-26 14:55:08,105 INFO     ___FILE_ONLY___  4.0 MiB
2024-11-26 14:55:08,105 INFO     ___FILE_ONLY___
2024-11-26 14:55:08,105 INFO     ___FILE_ONLY___ │
2024-11-26 14:55:08,105 INFO     ___FILE_ONLY___

2024-11-26 14:55:08,105 INFO     ___FILE_ONLY___ │
2024-11-26 14:55:08,105 INFO     ___FILE_ONLY___ kubectl
2024-11-26 14:55:08,105 INFO     ___FILE_ONLY___
2024-11-26 14:55:08,105 INFO     ___FILE_ONLY___ │
2024-11-26 14:55:08,105 INFO     ___FILE_ONLY___     1.30.5
2024-11-26 14:55:08,105 INFO     ___FILE_ONLY___
2024-11-26 14:55:08,105 INFO     ___FILE_ONLY___ │
2024-11-26 14:55:08,105 INFO     ___FILE_ONLY___  < 1 MiB
2024-11-26 14:55:08,105 INFO     ___FILE_ONLY___
2024-11-26 14:55:08,105 INFO     ___FILE_ONLY___ │
2024-11-26 14:55:08,105 INFO     ___FILE_ONLY___

2024-11-26 14:55:08,105 INFO     ___FILE_ONLY___ │
2024-11-26 14:55:08,105 INFO     ___FILE_ONLY___ kubectl (Platform Specific)
2024-11-26 14:55:08,105 INFO     ___FILE_ONLY___
2024-11-26 14:55:08,105 INFO     ___FILE_ONLY___ │
2024-11-26 14:55:08,105 INFO     ___FILE_ONLY___     1.30.6
2024-11-26 14:55:08,105 INFO     ___FILE_ONLY___
2024-11-26 14:55:08,106 INFO     ___FILE_ONLY___ │
2024-11-26 14:55:08,106 INFO     ___FILE_ONLY___ 86.1 MiB
2024-11-26 14:55:08,106 INFO     ___FILE_ONLY___
2024-11-26 14:55:08,106 INFO     ___FILE_ONLY___ │
2024-11-26 14:55:08,106 INFO     ___FILE_ONLY___

2024-11-26 14:55:08,106 INFO     ___FILE_ONLY___ └─────────────────────────────────────────────────────┴────────────┴──────────┘
2024-11-26 14:55:08,106 INFO     ___FILE_ONLY___

2024-11-26 14:55:08,106 INFO     ___FILE_ONLY___

2024-11-26 14:55:08,117 DEBUG    urllib3.connectionpool Starting new HTTPS connection (1): dl.google.com:443
2024-11-26 14:55:08,363 DEBUG    urllib3.connectionpool https://dl.google.com:443 "GET /dl/cloudsdk/channels/rapid/RELEASE_NOTES HTTP/1.1" 200 1314602
2024-11-26 14:55:08,753 INFO     ___FILE_ONLY___ For the latest full release notes, please visit:
  https://cloud.google.com/sdk/release_notes


2024-11-26 14:55:08,754 INFO     ___FILE_ONLY___ Performing in place update...


2024-11-26 14:55:08,776 INFO     ___FILE_ONLY___ ╔════════════════════════════════════════════════════════════╗

2024-11-26 14:55:08,777 INFO     ___FILE_ONLY___ ╠═ Downloading: Google Cloud CLI Core Libraries (Platfor... ═╣

2024-11-26 14:55:08,778 INFO     ___FILE_ONLY___ ╚
2024-11-26 14:55:08,789 DEBUG    urllib3.connectionpool Starting new HTTPS connection (1): dl.google.com:443
2024-11-26 14:55:09,041 DEBUG    urllib3.connectionpool https://dl.google.com:443 "GET /dl/cloudsdk/channels/rapid/components/google-cloud-sdk-core-nix-20240830134514.tar.gz HTTP/1.1" 200 2306
2024-11-26 14:55:09,043 INFO     ___FILE_ONLY___ ════════════════════════════════════════════════════════════
2024-11-26 14:55:09,043 INFO     ___FILE_ONLY___ ╝

2024-11-26 14:55:09,066 INFO     ___FILE_ONLY___ ╔════════════════════════════════════════════════════════════╗

2024-11-26 14:55:09,066 INFO     ___FILE_ONLY___ ╠═ Downloading: Minikube                                    ═╣

2024-11-26 14:55:09,066 INFO     ___FILE_ONLY___ ╚
2024-11-26 14:55:09,067 INFO     ___FILE_ONLY___ ════════════════════════════════════════════════════════════
2024-11-26 14:55:09,067 INFO     ___FILE_ONLY___ ╝

2024-11-26 14:55:09,086 INFO     ___FILE_ONLY___ ╔════════════════════════════════════════════════════════════╗

2024-11-26 14:55:09,087 INFO     ___FILE_ONLY___ ╠═ Downloading: Minikube (Platform Specific)                ═╣

2024-11-26 14:55:09,087 INFO     ___FILE_ONLY___ ╚
2024-11-26 14:55:09,090 DEBUG    urllib3.connectionpool Starting new HTTPS connection (1): dl.google.com:443
2024-11-26 14:55:09,323 DEBUG    urllib3.connectionpool https://dl.google.com:443 "GET /dl/cloudsdk/channels/rapid/components/google-cloud-sdk-minikube-darwin-arm-20240927140238.tar.gz HTTP/1.1" 200 38981244
2024-11-26 14:55:10,859 INFO     ___FILE_ONLY___ ═
2024-11-26 14:55:10,859 INFO     ___FILE_ONLY___ ═
2024-11-26 14:55:10,860 INFO     ___FILE_ONLY___ ═
2024-11-26 14:55:10,861 INFO     ___FILE_ONLY___ ═
2024-11-26 14:55:10,863 INFO     ___FILE_ONLY___ ═
2024-11-26 14:55:10,864 INFO     ___FILE_ONLY___ ═
2024-11-26 14:55:10,865 INFO     ___FILE_ONLY___ ═
2024-11-26 14:55:10,865 INFO     ___FILE_ONLY___ ═
2024-11-26 14:55:10,867 INFO     ___FILE_ONLY___ ═
2024-11-26 14:55:10,868 INFO     ___FILE_ONLY___ ═
2024-11-26 14:55:10,869 INFO     ___FILE_ONLY___ ═
2024-11-26 14:55:10,869 INFO     ___FILE_ONLY___ ═
2024-11-26 14:55:10,871 INFO     ___FILE_ONLY___ ═
2024-11-26 14:55:10,872 INFO     ___FILE_ONLY___ ═
2024-11-26 14:55:10,873 INFO     ___FILE_ONLY___ ═
2024-11-26 14:55:10,873 INFO     ___FILE_ONLY___ ═
2024-11-26 14:55:10,874 INFO     ___FILE_ONLY___ ═
2024-11-26 14:55:10,875 INFO     ___FILE_ONLY___ ═
2024-11-26 14:55:10,877 INFO     ___FILE_ONLY___ ═
2024-11-26 14:55:10,878 INFO     ___FILE_ONLY___ ═
2024-11-26 14:55:10,878 INFO     ___FILE_ONLY___ ═
2024-11-26 14:55:10,880 INFO     ___FILE_ONLY___ ═
2024-11-26 14:55:10,881 INFO     ___FILE_ONLY___ ═
2024-11-26 14:55:10,882 INFO     ___FILE_ONLY___ ═
2024-11-26 14:55:10,882 INFO     ___FILE_ONLY___ ═
2024-11-26 14:55:10,884 INFO     ___FILE_ONLY___ ═
2024-11-26 14:55:10,885 INFO     ___FILE_ONLY___ ═
2024-11-26 14:55:10,886 INFO     ___FILE_ONLY___ ═
2024-11-26 14:55:10,887 INFO     ___FILE_ONLY___ ═
2024-11-26 14:55:10,888 INFO     ___FILE_ONLY___ ═
2024-11-26 14:55:10,889 INFO     ___FILE_ONLY___ ═
2024-11-26 14:55:10,889 INFO     ___FILE_ONLY___ ═
2024-11-26 14:55:10,891 INFO     ___FILE_ONLY___ ═
2024-11-26 14:55:10,891 INFO     ___FILE_ONLY___ ═
2024-11-26 14:55:10,894 INFO     ___FILE_ONLY___ ═
2024-11-26 14:55:10,894 INFO     ___FILE_ONLY___ ═
2024-11-26 14:55:10,895 INFO     ___FILE_ONLY___ ═
2024-11-26 14:55:10,896 INFO     ___FILE_ONLY___ ═
2024-11-26 14:55:10,897 INFO     ___FILE_ONLY___ ═
2024-11-26 14:55:10,898 INFO     ___FILE_ONLY___ ═
2024-11-26 14:55:10,899 INFO     ___FILE_ONLY___ ═
2024-11-26 14:55:10,901 INFO     ___FILE_ONLY___ ═
2024-11-26 14:55:10,902 INFO     ___FILE_ONLY___ ═
2024-11-26 14:55:10,903 INFO     ___FILE_ONLY___ ═
2024-11-26 14:55:10,903 INFO     ___FILE_ONLY___ ═
2024-11-26 14:55:10,905 INFO     ___FILE_ONLY___ ═
2024-11-26 14:55:10,906 INFO     ___FILE_ONLY___ ═
2024-11-26 14:55:10,907 INFO     ___FILE_ONLY___ ═
2024-11-26 14:55:10,908 INFO     ___FILE_ONLY___ ═
2024-11-26 14:55:10,908 INFO     ___FILE_ONLY___ ═
2024-11-26 14:55:10,909 INFO     ___FILE_ONLY___ ═
2024-11-26 14:55:10,912 INFO     ___FILE_ONLY___ ═
2024-11-26 14:55:10,914 INFO     ___FILE_ONLY___ ═
2024-11-26 14:55:10,915 INFO     ___FILE_ONLY___ ═
2024-11-26 14:55:10,916 INFO     ___FILE_ONLY___ ═
2024-11-26 14:55:10,918 INFO     ___FILE_ONLY___ ═
2024-11-26 14:55:10,918 INFO     ___FILE_ONLY___ ═
2024-11-26 14:55:10,919 INFO     ___FILE_ONLY___ ═
2024-11-26 14:55:10,920 INFO     ___FILE_ONLY___ ═
2024-11-26 14:55:10,922 INFO     ___FILE_ONLY___ ═
2024-11-26 14:55:10,922 INFO     ___FILE_ONLY___ ╝

2024-11-26 14:55:10,944 INFO     ___FILE_ONLY___ ╔════════════════════════════════════════════════════════════╗

2024-11-26 14:55:10,944 INFO     ___FILE_ONLY___ ╠═ Downloading: Skaffold                                    ═╣

2024-11-26 14:55:10,945 INFO     ___FILE_ONLY___ ╚
2024-11-26 14:55:10,945 INFO     ___FILE_ONLY___ ════════════════════════════════════════════════════════════
2024-11-26 14:55:10,945 INFO     ___FILE_ONLY___ ╝

2024-11-26 14:55:10,966 INFO     ___FILE_ONLY___ ╔════════════════════════════════════════════════════════════╗

2024-11-26 14:55:10,967 INFO     ___FILE_ONLY___ ╠═ Downloading: Skaffold (Platform Specific)                ═╣

2024-11-26 14:55:10,967 INFO     ___FILE_ONLY___ ╚
2024-11-26 14:55:10,978 DEBUG    urllib3.connectionpool Starting new HTTPS connection (1): dl.google.com:443
2024-11-26 14:55:11,223 DEBUG    urllib3.connectionpool https://dl.google.com:443 "GET /dl/cloudsdk/channels/rapid/components/google-cloud-sdk-skaffold-darwin-arm-20240806142304.tar.gz HTTP/1.1" 200 24031362
2024-11-26 14:55:12,534 INFO     ___FILE_ONLY___ ═
2024-11-26 14:55:12,535 INFO     ___FILE_ONLY___ ═
2024-11-26 14:55:12,535 INFO     ___FILE_ONLY___ ═
2024-11-26 14:55:12,535 INFO     ___FILE_ONLY___ ═
2024-11-26 14:55:12,536 INFO     ___FILE_ONLY___ ═
2024-11-26 14:55:12,536 INFO     ___FILE_ONLY___ ═
2024-11-26 14:55:12,536 INFO     ___FILE_ONLY___ ═
2024-11-26 14:55:12,536 INFO     ___FILE_ONLY___ ═
2024-11-26 14:55:12,537 INFO     ___FILE_ONLY___ ═
2024-11-26 14:55:12,537 INFO     ___FILE_ONLY___ ═
2024-11-26 14:55:12,537 INFO     ___FILE_ONLY___ ═
2024-11-26 14:55:12,538 INFO     ___FILE_ONLY___ ═
2024-11-26 14:55:12,538 INFO     ___FILE_ONLY___ ═
2024-11-26 14:55:12,539 INFO     ___FILE_ONLY___ ═
2024-11-26 14:55:12,539 INFO     ___FILE_ONLY___ ═
2024-11-26 14:55:12,539 INFO     ___FILE_ONLY___ ═
2024-11-26 14:55:12,540 INFO     ___FILE_ONLY___ ═
2024-11-26 14:55:12,540 INFO     ___FILE_ONLY___ ═
2024-11-26 14:55:12,541 INFO     ___FILE_ONLY___ ═
2024-11-26 14:55:12,541 INFO     ___FILE_ONLY___ ═
2024-11-26 14:55:12,542 INFO     ___FILE_ONLY___ ═
2024-11-26 14:55:12,543 INFO     ___FILE_ONLY___ ═
2024-11-26 14:55:12,543 INFO     ___FILE_ONLY___ ═
2024-11-26 14:55:12,544 INFO     ___FILE_ONLY___ ═
2024-11-26 14:55:12,544 INFO     ___FILE_ONLY___ ═
2024-11-26 14:55:12,545 INFO     ___FILE_ONLY___ ═
2024-11-26 14:55:12,545 INFO     ___FILE_ONLY___ ═
2024-11-26 14:55:12,546 INFO     ___FILE_ONLY___ ═
2024-11-26 14:55:12,547 INFO     ___FILE_ONLY___ ═
2024-11-26 14:55:12,547 INFO     ___FILE_ONLY___ ═
2024-11-26 14:55:12,547 INFO     ___FILE_ONLY___ ═
2024-11-26 14:55:12,548 INFO     ___FILE_ONLY___ ═
2024-11-26 14:55:12,548 INFO     ___FILE_ONLY___ ═
2024-11-26 14:55:12,548 INFO     ___FILE_ONLY___ ═
2024-11-26 14:55:12,548 INFO     ___FILE_ONLY___ ═
2024-11-26 14:55:12,548 INFO     ___FILE_ONLY___ ═
2024-11-26 14:55:12,549 INFO     ___FILE_ONLY___ ═
2024-11-26 14:55:12,549 INFO     ___FILE_ONLY___ ═
2024-11-26 14:55:12,549 INFO     ___FILE_ONLY___ ═
2024-11-26 14:55:12,549 INFO     ___FILE_ONLY___ ═
2024-11-26 14:55:12,550 INFO     ___FILE_ONLY___ ═
2024-11-26 14:55:12,550 INFO     ___FILE_ONLY___ ═
2024-11-26 14:55:12,551 INFO     ___FILE_ONLY___ ═
2024-11-26 14:55:12,551 INFO     ___FILE_ONLY___ ═
2024-11-26 14:55:12,551 INFO     ___FILE_ONLY___ ═
2024-11-26 14:55:12,551 INFO     ___FILE_ONLY___ ═
2024-11-26 14:55:12,552 INFO     ___FILE_ONLY___ ═
2024-11-26 14:55:12,552 INFO     ___FILE_ONLY___ ═
2024-11-26 14:55:12,553 INFO     ___FILE_ONLY___ ═
2024-11-26 14:55:12,553 INFO     ___FILE_ONLY___ ═
2024-11-26 14:55:12,553 INFO     ___FILE_ONLY___ ═
2024-11-26 14:55:12,554 INFO     ___FILE_ONLY___ ═
2024-11-26 14:55:12,554 INFO     ___FILE_ONLY___ ═
2024-11-26 14:55:12,555 INFO     ___FILE_ONLY___ ═
2024-11-26 14:55:12,555 INFO     ___FILE_ONLY___ ═
2024-11-26 14:55:12,556 INFO     ___FILE_ONLY___ ═
2024-11-26 14:55:12,556 INFO     ___FILE_ONLY___ ═
2024-11-26 14:55:12,557 INFO     ___FILE_ONLY___ ═
2024-11-26 14:55:12,557 INFO     ___FILE_ONLY___ ═
2024-11-26 14:55:12,558 INFO     ___FILE_ONLY___ ═
2024-11-26 14:55:12,558 INFO     ___FILE_ONLY___ ╝

2024-11-26 14:55:12,572 INFO     ___FILE_ONLY___ ╔════════════════════════════════════════════════════════════╗

2024-11-26 14:55:12,572 INFO     ___FILE_ONLY___ ╠═ Downloading: gcloud Alpha Commands                       ═╣

2024-11-26 14:55:12,572 INFO     ___FILE_ONLY___ ╚
2024-11-26 14:55:12,576 DEBUG    urllib3.connectionpool Starting new HTTPS connection (1): dl.google.com:443
2024-11-26 14:55:12,795 DEBUG    urllib3.connectionpool https://dl.google.com:443 "GET /dl/cloudsdk/channels/rapid/components/google-cloud-sdk-alpha-20241115154308.tar.gz HTTP/1.1" 200 800
2024-11-26 14:55:12,799 INFO     ___FILE_ONLY___ ════════════════════════════════════════════════════════════
2024-11-26 14:55:12,799 INFO     ___FILE_ONLY___ ╝

2024-11-26 14:55:12,820 INFO     ___FILE_ONLY___ ╔════════════════════════════════════════════════════════════╗

2024-11-26 14:55:12,821 INFO     ___FILE_ONLY___ ╠═ Downloading: gcloud Beta Commands                        ═╣

2024-11-26 14:55:12,821 INFO     ___FILE_ONLY___ ╚
2024-11-26 14:55:12,827 DEBUG    urllib3.connectionpool Starting new HTTPS connection (1): dl.google.com:443
2024-11-26 14:55:13,059 DEBUG    urllib3.connectionpool https://dl.google.com:443 "GET /dl/cloudsdk/channels/rapid/components/google-cloud-sdk-beta-20241115154308.tar.gz HTTP/1.1" 200 797
2024-11-26 14:55:13,061 INFO     ___FILE_ONLY___ ════════════════════════════════════════════════════════════
2024-11-26 14:55:13,061 INFO     ___FILE_ONLY___ ╝

2024-11-26 14:55:13,088 INFO     ___FILE_ONLY___ ╔════════════════════════════════════════════════════════════╗

2024-11-26 14:55:13,088 INFO     ___FILE_ONLY___ ╠═ Downloading: gcloud cli dependencies (Platform Specific) ═╣

2024-11-26 14:55:13,088 INFO     ___FILE_ONLY___ ╚
2024-11-26 14:55:13,094 DEBUG    urllib3.connectionpool Starting new HTTPS connection (1): dl.google.com:443
2024-11-26 14:55:13,334 DEBUG    urllib3.connectionpool https://dl.google.com:443 "GET /dl/cloudsdk/channels/rapid/components/google-cloud-sdk-gcloud-deps-darwin-x86_64-20210416153011.tar.gz HTTP/1.1" 200 105
2024-11-26 14:55:13,335 INFO     ___FILE_ONLY___ ════════════════════════════════════════════════════════════
2024-11-26 14:55:13,336 INFO     ___FILE_ONLY___ ╝

2024-11-26 14:55:13,347 INFO     ___FILE_ONLY___ ╔════════════════════════════════════════════════════════════╗

2024-11-26 14:55:13,348 INFO     ___FILE_ONLY___ ╠═ Downloading: gke-gcloud-auth-plugin                      ═╣

2024-11-26 14:55:13,348 INFO     ___FILE_ONLY___ ╚
2024-11-26 14:55:13,348 INFO     ___FILE_ONLY___ ════════════════════════════════════════════════════════════
2024-11-26 14:55:13,348 INFO     ___FILE_ONLY___ ╝

2024-11-26 14:55:13,361 INFO     ___FILE_ONLY___ ╔════════════════════════════════════════════════════════════╗

2024-11-26 14:55:13,361 INFO     ___FILE_ONLY___ ╠═ Downloading: gke-gcloud-auth-plugin (Platform Specific)  ═╣

2024-11-26 14:55:13,362 INFO     ___FILE_ONLY___ ╚
2024-11-26 14:55:13,367 DEBUG    urllib3.connectionpool Starting new HTTPS connection (1): dl.google.com:443
2024-11-26 14:55:13,605 DEBUG    urllib3.connectionpool https://dl.google.com:443 "GET /dl/cloudsdk/channels/rapid/components/google-cloud-sdk-gke-gcloud-auth-plugin-darwin-arm-20240628141907.tar.gz HTTP/1.1" 200 4148014
2024-11-26 14:55:14,102 INFO     ___FILE_ONLY___ ═
2024-11-26 14:55:14,103 INFO     ___FILE_ONLY___ ═
2024-11-26 14:55:14,103 INFO     ___FILE_ONLY___ ═
2024-11-26 14:55:14,103 INFO     ___FILE_ONLY___ ═
2024-11-26 14:55:14,103 INFO     ___FILE_ONLY___ ═
2024-11-26 14:55:14,103 INFO     ___FILE_ONLY___ ═
2024-11-26 14:55:14,103 INFO     ___FILE_ONLY___ ═
2024-11-26 14:55:14,103 INFO     ___FILE_ONLY___ ═
2024-11-26 14:55:14,103 INFO     ___FILE_ONLY___ ═
2024-11-26 14:55:14,104 INFO     ___FILE_ONLY___ ═
2024-11-26 14:55:14,104 INFO     ___FILE_ONLY___ ═
2024-11-26 14:55:14,104 INFO     ___FILE_ONLY___ ═
2024-11-26 14:55:14,104 INFO     ___FILE_ONLY___ ═
2024-11-26 14:55:14,104 INFO     ___FILE_ONLY___ ═
2024-11-26 14:55:14,104 INFO     ___FILE_ONLY___ ═
2024-11-26 14:55:14,104 INFO     ___FILE_ONLY___ ═
2024-11-26 14:55:14,104 INFO     ___FILE_ONLY___ ═
2024-11-26 14:55:14,104 INFO     ___FILE_ONLY___ ═
2024-11-26 14:55:14,105 INFO     ___FILE_ONLY___ ═
2024-11-26 14:55:14,105 INFO     ___FILE_ONLY___ ═
2024-11-26 14:55:14,105 INFO     ___FILE_ONLY___ ═
2024-11-26 14:55:14,105 INFO     ___FILE_ONLY___ ═
2024-11-26 14:55:14,105 INFO     ___FILE_ONLY___ ═
2024-11-26 14:55:14,106 INFO     ___FILE_ONLY___ ═
2024-11-26 14:55:14,106 INFO     ___FILE_ONLY___ ═
2024-11-26 14:55:14,106 INFO     ___FILE_ONLY___ ═
2024-11-26 14:55:14,107 INFO     ___FILE_ONLY___ ═
2024-11-26 14:55:14,107 INFO     ___FILE_ONLY___ ═
2024-11-26 14:55:14,107 INFO     ___FILE_ONLY___ ═
2024-11-26 14:55:14,107 INFO     ___FILE_ONLY___ ═
2024-11-26 14:55:14,107 INFO     ___FILE_ONLY___ ═
2024-11-26 14:55:14,107 INFO     ___FILE_ONLY___ ═
2024-11-26 14:55:14,107 INFO     ___FILE_ONLY___ ═
2024-11-26 14:55:14,108 INFO     ___FILE_ONLY___ ═
2024-11-26 14:55:14,108 INFO     ___FILE_ONLY___ ═
2024-11-26 14:55:14,108 INFO     ___FILE_ONLY___ ═
2024-11-26 14:55:14,108 INFO     ___FILE_ONLY___ ═
2024-11-26 14:55:14,108 INFO     ___FILE_ONLY___ ═
2024-11-26 14:55:14,108 INFO     ___FILE_ONLY___ ═
2024-11-26 14:55:14,108 INFO     ___FILE_ONLY___ ═
2024-11-26 14:55:14,108 INFO     ___FILE_ONLY___ ═
2024-11-26 14:55:14,108 INFO     ___FILE_ONLY___ ═
2024-11-26 14:55:14,108 INFO     ___FILE_ONLY___ ═
2024-11-26 14:55:14,108 INFO     ___FILE_ONLY___ ═
2024-11-26 14:55:14,109 INFO     ___FILE_ONLY___ ═
2024-11-26 14:55:14,109 INFO     ___FILE_ONLY___ ═
2024-11-26 14:55:14,109 INFO     ___FILE_ONLY___ ═
2024-11-26 14:55:14,109 INFO     ___FILE_ONLY___ ═
2024-11-26 14:55:14,109 INFO     ___FILE_ONLY___ ═
2024-11-26 14:55:14,109 INFO     ___FILE_ONLY___ ═
2024-11-26 14:55:14,109 INFO     ___FILE_ONLY___ ═
2024-11-26 14:55:14,109 INFO     ___FILE_ONLY___ ═
2024-11-26 14:55:14,109 INFO     ___FILE_ONLY___ ═
2024-11-26 14:55:14,109 INFO     ___FILE_ONLY___ ═
2024-11-26 14:55:14,110 INFO     ___FILE_ONLY___ ═
2024-11-26 14:55:14,110 INFO     ___FILE_ONLY___ ═
2024-11-26 14:55:14,110 INFO     ___FILE_ONLY___ ═
2024-11-26 14:55:14,110 INFO     ___FILE_ONLY___ ═
2024-11-26 14:55:14,110 INFO     ___FILE_ONLY___ ═
2024-11-26 14:55:14,110 INFO     ___FILE_ONLY___ ═
2024-11-26 14:55:14,111 INFO     ___FILE_ONLY___ ╝

2024-11-26 14:55:14,127 INFO     ___FILE_ONLY___ ╔════════════════════════════════════════════════════════════╗

2024-11-26 14:55:14,128 INFO     ___FILE_ONLY___ ╠═ Downloading: kubectl                                     ═╣

2024-11-26 14:55:14,128 INFO     ___FILE_ONLY___ ╚
2024-11-26 14:55:14,160 DEBUG    urllib3.connectionpool Starting new HTTPS connection (1): dl.google.com:443
2024-11-26 14:55:14,424 DEBUG    urllib3.connectionpool https://dl.google.com:443 "GET /dl/cloudsdk/channels/rapid/components/google-cloud-sdk-kubectl-20241004144944.tar.gz HTTP/1.1" 200 36206
2024-11-26 14:55:14,499 INFO     ___FILE_ONLY___ ═══════════════════════════
2024-11-26 14:55:14,500 INFO     ___FILE_ONLY___ ═══════════════════════════
2024-11-26 14:55:14,500 INFO     ___FILE_ONLY___ ══════
2024-11-26 14:55:14,500 INFO     ___FILE_ONLY___ ╝

2024-11-26 14:55:14,511 INFO     ___FILE_ONLY___ ╔════════════════════════════════════════════════════════════╗

2024-11-26 14:55:14,512 INFO     ___FILE_ONLY___ ╠═ Downloading: kubectl (Platform Specific)                 ═╣

2024-11-26 14:55:14,512 INFO     ___FILE_ONLY___ ╚
2024-11-26 14:55:14,515 DEBUG    urllib3.connectionpool Starting new HTTPS connection (1): dl.google.com:443
2024-11-26 14:55:14,790 DEBUG    urllib3.connectionpool https://dl.google.com:443 "GET /dl/cloudsdk/channels/rapid/components/google-cloud-sdk-kubectl-darwin-arm-20241108162203.tar.gz HTTP/1.1" 200 90277960
2024-11-26 14:55:17,332 INFO     ___FILE_ONLY___ ═
2024-11-26 14:55:17,336 INFO     ___FILE_ONLY___ ═
2024-11-26 14:55:17,338 INFO     ___FILE_ONLY___ ═
2024-11-26 14:55:17,339 INFO     ___FILE_ONLY___ ═
2024-11-26 14:55:17,341 INFO     ___FILE_ONLY___ ═
2024-11-26 14:55:17,345 INFO     ___FILE_ONLY___ ═
2024-11-26 14:55:17,347 INFO     ___FILE_ONLY___ ═
2024-11-26 14:55:17,350 INFO     ___FILE_ONLY___ ═
2024-11-26 14:55:17,352 INFO     ___FILE_ONLY___ ═
2024-11-26 14:55:17,355 INFO     ___FILE_ONLY___ ═
2024-11-26 14:55:17,358 INFO     ___FILE_ONLY___ ═
2024-11-26 14:55:17,362 INFO     ___FILE_ONLY___ ═
2024-11-26 14:55:17,366 INFO     ___FILE_ONLY___ ═
2024-11-26 14:55:17,368 INFO     ___FILE_ONLY___ ═
2024-11-26 14:55:17,370 INFO     ___FILE_ONLY___ ═
2024-11-26 14:55:17,372 INFO     ___FILE_ONLY___ ═
2024-11-26 14:55:17,376 INFO     ___FILE_ONLY___ ═
2024-11-26 14:55:17,379 INFO     ___FILE_ONLY___ ═
2024-11-26 14:55:17,380 INFO     ___FILE_ONLY___ ═
2024-11-26 14:55:17,382 INFO     ___FILE_ONLY___ ═
2024-11-26 14:55:17,384 INFO     ___FILE_ONLY___ ═
2024-11-26 14:55:17,387 INFO     ___FILE_ONLY___ ═
2024-11-26 14:55:17,391 INFO     ___FILE_ONLY___ ═
2024-11-26 14:55:17,395 INFO     ___FILE_ONLY___ ═
2024-11-26 14:55:17,399 INFO     ___FILE_ONLY___ ═
2024-11-26 14:55:17,402 INFO     ___FILE_ONLY___ ═
2024-11-26 14:55:17,403 INFO     ___FILE_ONLY___ ═
2024-11-26 14:55:17,406 INFO     ___FILE_ONLY___ ═
2024-11-26 14:55:17,409 INFO     ___FILE_ONLY___ ═
2024-11-26 14:55:17,411 INFO     ___FILE_ONLY___ ═
2024-11-26 14:55:17,414 INFO     ___FILE_ONLY___ ═
2024-11-26 14:55:17,419 INFO     ___FILE_ONLY___ ═
2024-11-26 14:55:17,424 INFO     ___FILE_ONLY___ ═
2024-11-26 14:55:17,428 INFO     ___FILE_ONLY___ ═
2024-11-26 14:55:17,430 INFO     ___FILE_ONLY___ ═
2024-11-26 14:55:17,433 INFO     ___FILE_ONLY___ ═
2024-11-26 14:55:17,436 INFO     ___FILE_ONLY___ ═
2024-11-26 14:55:17,438 INFO     ___FILE_ONLY___ ═
2024-11-26 14:55:17,439 INFO     ___FILE_ONLY___ ═
2024-11-26 14:55:17,442 INFO     ___FILE_ONLY___ ═
2024-11-26 14:55:17,446 INFO     ___FILE_ONLY___ ═
2024-11-26 14:55:17,448 INFO     ___FILE_ONLY___ ═
2024-11-26 14:55:17,451 INFO     ___FILE_ONLY___ ═
2024-11-26 14:55:17,453 INFO     ___FILE_ONLY___ ═
2024-11-26 14:55:17,462 INFO     ___FILE_ONLY___ ═
2024-11-26 14:55:17,463 INFO     ___FILE_ONLY___ ═
2024-11-26 14:55:17,466 INFO     ___FILE_ONLY___ ═
2024-11-26 14:55:17,469 INFO     ___FILE_ONLY___ ═
2024-11-26 14:55:17,473 INFO     ___FILE_ONLY___ ═
2024-11-26 14:55:17,478 INFO     ___FILE_ONLY___ ═
2024-11-26 14:55:17,480 INFO     ___FILE_ONLY___ ═
2024-11-26 14:55:17,481 INFO     ___FILE_ONLY___ ═
2024-11-26 14:55:17,483 INFO     ___FILE_ONLY___ ═
2024-11-26 14:55:17,485 INFO     ___FILE_ONLY___ ═
2024-11-26 14:55:17,486 INFO     ___FILE_ONLY___ ═
2024-11-26 14:55:17,488 INFO     ___FILE_ONLY___ ═
2024-11-26 14:55:17,490 INFO     ___FILE_ONLY___ ═
2024-11-26 14:55:17,494 INFO     ___FILE_ONLY___ ═
2024-11-26 14:55:17,497 INFO     ___FILE_ONLY___ ═
2024-11-26 14:55:17,501 INFO     ___FILE_ONLY___ ═
2024-11-26 14:55:17,501 INFO     ___FILE_ONLY___ ╝

2024-11-26 14:55:17,533 INFO     ___FILE_ONLY___ ╔════════════════════════════════════════════════════════════╗

2024-11-26 14:55:17,534 INFO     ___FILE_ONLY___ ╠═ Installing: Google Cloud CLI Core Libraries (Platform... ═╣

2024-11-26 14:55:17,534 INFO     ___FILE_ONLY___ ╚
2024-11-26 14:55:17,538 INFO     ___FILE_ONLY___ ══════════════════════════════
2024-11-26 14:55:17,539 INFO     ___FILE_ONLY___ ══════════════════════════════
2024-11-26 14:55:17,539 INFO     ___FILE_ONLY___ ╝

2024-11-26 14:55:17,571 INFO     ___FILE_ONLY___ ╔════════════════════════════════════════════════════════════╗

2024-11-26 14:55:17,572 INFO     ___FILE_ONLY___ ╠═ Installing: Minikube                                     ═╣

2024-11-26 14:55:17,572 INFO     ___FILE_ONLY___ ╚
2024-11-26 14:55:17,578 INFO     ___FILE_ONLY___ ════════════════════════════════════════════════════════════
2024-11-26 14:55:17,578 INFO     ___FILE_ONLY___ ╝

2024-11-26 14:55:17,597 INFO     ___FILE_ONLY___ ╔════════════════════════════════════════════════════════════╗

2024-11-26 14:55:17,598 INFO     ___FILE_ONLY___ ╠═ Installing: Minikube (Platform Specific)                 ═╣

2024-11-26 14:55:17,598 INFO     ___FILE_ONLY___ ╚
2024-11-26 14:55:18,614 INFO     ___FILE_ONLY___ ════════════════════════════════════════════════════════════
2024-11-26 14:55:18,614 INFO     ___FILE_ONLY___ ╝

2024-11-26 14:55:18,647 INFO     ___FILE_ONLY___ ╔════════════════════════════════════════════════════════════╗

2024-11-26 14:55:18,647 INFO     ___FILE_ONLY___ ╠═ Installing: Skaffold                                     ═╣

2024-11-26 14:55:18,648 INFO     ___FILE_ONLY___ ╚
2024-11-26 14:55:18,655 INFO     ___FILE_ONLY___ ════════════════════════════════════════════════════════════
2024-11-26 14:55:18,655 INFO     ___FILE_ONLY___ ╝

2024-11-26 14:55:18,670 INFO     ___FILE_ONLY___ ╔════════════════════════════════════════════════════════════╗

2024-11-26 14:55:18,671 INFO     ___FILE_ONLY___ ╠═ Installing: Skaffold (Platform Specific)                 ═╣

2024-11-26 14:55:18,671 INFO     ___FILE_ONLY___ ╚
2024-11-26 14:55:19,855 INFO     ___FILE_ONLY___ ════════════════════════════════════════════════════════════
2024-11-26 14:55:19,856 INFO     ___FILE_ONLY___ ╝

2024-11-26 14:55:19,867 INFO     ___FILE_ONLY___ ╔════════════════════════════════════════════════════════════╗

2024-11-26 14:55:19,868 INFO     ___FILE_ONLY___ ╠═ Installing: gcloud Alpha Commands                        ═╣

2024-11-26 14:55:19,868 INFO     ___FILE_ONLY___ ╚
2024-11-26 14:55:19,870 INFO     ___FILE_ONLY___ ════════════════════════════════════════════════════════════
2024-11-26 14:55:19,870 INFO     ___FILE_ONLY___ ╝

2024-11-26 14:55:19,883 INFO     ___FILE_ONLY___ ╔════════════════════════════════════════════════════════════╗

2024-11-26 14:55:19,883 INFO     ___FILE_ONLY___ ╠═ Installing: gcloud Beta Commands                         ═╣

2024-11-26 14:55:19,883 INFO     ___FILE_ONLY___ ╚
2024-11-26 14:55:19,885 INFO     ___FILE_ONLY___ ════════════════════════════════════════════════════════════
2024-11-26 14:55:19,885 INFO     ___FILE_ONLY___ ╝

2024-11-26 14:55:20,089 INFO     ___FILE_ONLY___ ╔════════════════════════════════════════════════════════════╗

2024-11-26 14:55:20,093 INFO     ___FILE_ONLY___ ╠═ Installing: gcloud cli dependencies (Platform Specific)  ═╣

2024-11-26 14:55:20,093 INFO     ___FILE_ONLY___ ╚
2024-11-26 14:55:20,093 INFO     ___FILE_ONLY___ ════════════════════════════════════════════════════════════
2024-11-26 14:55:20,093 INFO     ___FILE_ONLY___ ╝

2024-11-26 14:55:20,104 INFO     ___FILE_ONLY___ ╔════════════════════════════════════════════════════════════╗

2024-11-26 14:55:20,104 INFO     ___FILE_ONLY___ ╠═ Installing: gke-gcloud-auth-plugin                       ═╣

2024-11-26 14:55:20,104 INFO     ___FILE_ONLY___ ╚
2024-11-26 14:55:20,107 INFO     ___FILE_ONLY___ ════════════════════════════════════════════════════════════
2024-11-26 14:55:20,107 INFO     ___FILE_ONLY___ ╝

2024-11-26 14:55:20,116 INFO     ___FILE_ONLY___ ╔════════════════════════════════════════════════════════════╗

2024-11-26 14:55:20,116 INFO     ___FILE_ONLY___ ╠═ Installing: gke-gcloud-auth-plugin (Platform Specific)   ═╣

2024-11-26 14:55:20,116 INFO     ___FILE_ONLY___ ╚
2024-11-26 14:55:20,205 INFO     ___FILE_ONLY___ ════════════════════════════════════════════════════════════
2024-11-26 14:55:20,205 INFO     ___FILE_ONLY___ ╝

2024-11-26 14:55:20,217 INFO     ___FILE_ONLY___ ╔════════════════════════════════════════════════════════════╗

2024-11-26 14:55:20,217 INFO     ___FILE_ONLY___ ╠═ Installing: kubectl                                      ═╣

2024-11-26 14:55:20,217 INFO     ___FILE_ONLY___ ╚
2024-11-26 14:55:20,220 INFO     ___FILE_ONLY___ ════════════════════════════════════════════════════════════
2024-11-26 14:55:20,220 INFO     ___FILE_ONLY___ ╝

2024-11-26 14:55:20,228 INFO     ___FILE_ONLY___ ╔════════════════════════════════════════════════════════════╗

2024-11-26 14:55:20,228 INFO     ___FILE_ONLY___ ╠═ Installing: kubectl (Platform Specific)                  ═╣

2024-11-26 14:55:20,228 INFO     ___FILE_ONLY___ ╚
2024-11-26 14:55:22,316 INFO     ___FILE_ONLY___ ══════════
2024-11-26 14:55:22,484 INFO     ___FILE_ONLY___ ══════════
2024-11-26 14:55:22,766 INFO     ___FILE_ONLY___ ══════════
2024-11-26 14:55:23,309 INFO     ___FILE_ONLY___ ══════════
2024-11-26 14:55:23,491 INFO     ___FILE_ONLY___ ══════════
2024-11-26 14:55:23,783 INFO     ___FILE_ONLY___ ══════════
2024-11-26 14:55:23,783 INFO     ___FILE_ONLY___ ╝

2024-11-26 14:55:23,803 DEBUG    root            Updating notification cache...
2024-11-26 14:55:23,807 INFO     ___FILE_ONLY___

2024-11-26 14:55:23,843 INFO     ___FILE_ONLY___ Performing post processing steps...
2024-11-26 14:55:23,846 DEBUG    root            Executing command: ['/Users/bryanwills/Library/Application Support/cloud-code/installer/google-cloud-sdk/bin/gcloud', 'components', 'post-process', '--no-compile-python']
2024-11-26 14:55:24,766 DEBUG    ___FILE_ONLY___
2024-11-26 14:55:24,766 DEBUG    ___FILE_ONLY___
2024-11-26 14:55:24,880 INFO     ___FILE_ONLY___
Update done!


2024-11-26 14:55:24,905 WARNING  root              There are other instances of Google Cloud tools on your system PATH.
  Please remove the following to avoid confusion or accidental invocation:

  /Applications/Docker.app/Contents/Resources/bin/kubectl
/opt/homebrew/Cellar/minikube/1.34.0/bin/minikube
/opt/homebrew/Cellar/kubernetes-cli/1.31.3/bin/kubectl


2024-11-26 14:55:24,913 DEBUG    root            Chosen display Format:none
2024-11-26 14:55:24,914 INFO     root            Display format: "none"
2024-11-26 14:55:24,921 DEBUG    root            Executing command: ['curl', '--silent', '-O', 'https://dl.google.com/dl/cloudsdk/channels/rapid/python-3.11.6-macos11.tar.gz']
2024-11-26 14:55:27,243 DEBUG    root            Executing command: ['tar', '-xf', 'python-3.11.6-macos11.tar.gz']
2024-11-26 14:55:27,361 DEBUG    root            Executing command: ['sudo', 'installer', '-target', '/', '-pkg', './python-3.11.6-macos11.pkg']
