2024-11-26 15:00:54,106 DEBUG    root            Metrics collector initialized...
2024-11-26 15:00:54,107 DEBUG    root            Loaded Command Group: ['gcloud', 'components']
2024-11-26 15:00:54,109 DEBUG    root            Loaded Command Group: ['gcloud', 'components', 'update']
2024-11-26 15:00:54,110 DEBUG    root            Running [gcloud.components.update] with arguments: [--no-compile-python: "False", --quiet: "True", COMPONENT-IDS:6: "['alpha', 'beta', 'gke-gcloud-auth-plugin', 'kubectl', 'skaffold', 'minikube']"]
2024-11-26 15:00:54,110 INFO     ___FILE_ONLY___ Beginning update. This process may take several minutes.

2024-11-26 15:00:54,129 DEBUG    urllib3.connectionpool Starting new HTTPS connection (1): dl.google.com:443
2024-11-26 15:00:54,521 DEBUG    urllib3.connectionpool https://dl.google.com:443 "GET /dl/cloudsdk/channels/rapid/components-2.json HTTP/1.1" 200 227816
2024-11-26 15:00:55,718 INFO     ___FILE_ONLY___ 

2024-11-26 15:00:55,719 INFO     ___FILE_ONLY___ 
Your current Google Cloud CLI version is: 502.0.0

2024-11-26 15:00:55,719 INFO     ___FILE_ONLY___ Installing components from version: 502.0.0

2024-11-26 15:00:55,719 INFO     ___FILE_ONLY___ 

2024-11-26 15:00:55,720 DEBUG    root            Chosen display Format:table[box,title="These components will be removed."](details.display_name:label=Name:align=left,version.version_string:label=Version:align=right,data.size.size(zero="",min=1048576):label=Size:align=right)
2024-11-26 15:00:55,721 DEBUG    root            Chosen display Format:table[box,title="These components will be updated."](details.display_name:label=Name:align=left,version.version_string:label=Version:align=right,data.size.size(zero="",min=1048576):label=Size:align=right)
2024-11-26 15:00:55,721 DEBUG    root            Chosen display Format:table[box,title="These components will be installed."](details.display_name:label=Name:align=left,version.version_string:label=Version:align=right,data.size.size(zero="",min=1048576):label=Size:align=right)
2024-11-26 15:00:55,778 INFO     ___FILE_ONLY___ ┌─────────────────────────────────────────────────────────────────────────────┐
2024-11-26 15:00:55,778 INFO     ___FILE_ONLY___ 

2024-11-26 15:00:55,779 INFO     ___FILE_ONLY___ │                     These components will be installed.                     │
2024-11-26 15:00:55,779 INFO     ___FILE_ONLY___ 

2024-11-26 15:00:55,779 INFO     ___FILE_ONLY___ ├─────────────────────────────────────────────────────┬────────────┬──────────┤
2024-11-26 15:00:55,779 INFO     ___FILE_ONLY___ 

2024-11-26 15:00:55,779 INFO     ___FILE_ONLY___ │                         Name                        │  Version   │   Size   │
2024-11-26 15:00:55,779 INFO     ___FILE_ONLY___ 

2024-11-26 15:00:55,779 INFO     ___FILE_ONLY___ ├─────────────────────────────────────────────────────┼────────────┼──────────┤
2024-11-26 15:00:55,779 INFO     ___FILE_ONLY___ 

2024-11-26 15:00:55,779 INFO     ___FILE_ONLY___ │ 
2024-11-26 15:00:55,779 INFO     ___FILE_ONLY___ Google Cloud CLI Core Libraries (Platform Specific)
2024-11-26 15:00:55,779 INFO     ___FILE_ONLY___  
2024-11-26 15:00:55,779 INFO     ___FILE_ONLY___ │ 
2024-11-26 15:00:55,780 INFO     ___FILE_ONLY___ 2024.08.30
2024-11-26 15:00:55,780 INFO     ___FILE_ONLY___  
2024-11-26 15:00:55,780 INFO     ___FILE_ONLY___ │ 
2024-11-26 15:00:55,780 INFO     ___FILE_ONLY___  < 1 MiB
2024-11-26 15:00:55,780 INFO     ___FILE_ONLY___  
2024-11-26 15:00:55,780 INFO     ___FILE_ONLY___ │
2024-11-26 15:00:55,780 INFO     ___FILE_ONLY___ 

2024-11-26 15:00:55,780 INFO     ___FILE_ONLY___ │ 
2024-11-26 15:00:55,780 INFO     ___FILE_ONLY___ Minikube (Platform Specific)                       
2024-11-26 15:00:55,780 INFO     ___FILE_ONLY___  
2024-11-26 15:00:55,780 INFO     ___FILE_ONLY___ │ 
2024-11-26 15:00:55,780 INFO     ___FILE_ONLY___     1.34.0
2024-11-26 15:00:55,780 INFO     ___FILE_ONLY___  
2024-11-26 15:00:55,780 INFO     ___FILE_ONLY___ │ 
2024-11-26 15:00:55,780 INFO     ___FILE_ONLY___ 37.2 MiB
2024-11-26 15:00:55,780 INFO     ___FILE_ONLY___  
2024-11-26 15:00:55,780 INFO     ___FILE_ONLY___ │
2024-11-26 15:00:55,780 INFO     ___FILE_ONLY___ 

2024-11-26 15:00:55,780 INFO     ___FILE_ONLY___ │ 
2024-11-26 15:00:55,780 INFO     ___FILE_ONLY___ Skaffold (Platform Specific)                       
2024-11-26 15:00:55,780 INFO     ___FILE_ONLY___  
2024-11-26 15:00:55,780 INFO     ___FILE_ONLY___ │ 
2024-11-26 15:00:55,780 INFO     ___FILE_ONLY___     2.13.1
2024-11-26 15:00:55,780 INFO     ___FILE_ONLY___  
2024-11-26 15:00:55,780 INFO     ___FILE_ONLY___ │ 
2024-11-26 15:00:55,780 INFO     ___FILE_ONLY___ 22.9 MiB
2024-11-26 15:00:55,780 INFO     ___FILE_ONLY___  
2024-11-26 15:00:55,780 INFO     ___FILE_ONLY___ │
2024-11-26 15:00:55,780 INFO     ___FILE_ONLY___ 

2024-11-26 15:00:55,780 INFO     ___FILE_ONLY___ │ 
2024-11-26 15:00:55,780 INFO     ___FILE_ONLY___ gcloud Alpha Commands                              
2024-11-26 15:00:55,780 INFO     ___FILE_ONLY___  
2024-11-26 15:00:55,780 INFO     ___FILE_ONLY___ │ 
2024-11-26 15:00:55,781 INFO     ___FILE_ONLY___ 2024.11.15
2024-11-26 15:00:55,781 INFO     ___FILE_ONLY___  
2024-11-26 15:00:55,781 INFO     ___FILE_ONLY___ │ 
2024-11-26 15:00:55,781 INFO     ___FILE_ONLY___  < 1 MiB
2024-11-26 15:00:55,781 INFO     ___FILE_ONLY___  
2024-11-26 15:00:55,781 INFO     ___FILE_ONLY___ │
2024-11-26 15:00:55,781 INFO     ___FILE_ONLY___ 

2024-11-26 15:00:55,781 INFO     ___FILE_ONLY___ │ 
2024-11-26 15:00:55,781 INFO     ___FILE_ONLY___ gcloud Beta Commands                               
2024-11-26 15:00:55,781 INFO     ___FILE_ONLY___  
2024-11-26 15:00:55,781 INFO     ___FILE_ONLY___ │ 
2024-11-26 15:00:55,781 INFO     ___FILE_ONLY___ 2024.11.15
2024-11-26 15:00:55,781 INFO     ___FILE_ONLY___  
2024-11-26 15:00:55,781 INFO     ___FILE_ONLY___ │ 
2024-11-26 15:00:55,781 INFO     ___FILE_ONLY___  < 1 MiB
2024-11-26 15:00:55,781 INFO     ___FILE_ONLY___  
2024-11-26 15:00:55,781 INFO     ___FILE_ONLY___ │
2024-11-26 15:00:55,781 INFO     ___FILE_ONLY___ 

2024-11-26 15:00:55,781 INFO     ___FILE_ONLY___ │ 
2024-11-26 15:00:55,781 INFO     ___FILE_ONLY___ gcloud cli dependencies (Platform Specific)        
2024-11-26 15:00:55,781 INFO     ___FILE_ONLY___  
2024-11-26 15:00:55,781 INFO     ___FILE_ONLY___ │ 
2024-11-26 15:00:55,781 INFO     ___FILE_ONLY___ 2021.04.16
2024-11-26 15:00:55,781 INFO     ___FILE_ONLY___  
2024-11-26 15:00:55,781 INFO     ___FILE_ONLY___ │ 
2024-11-26 15:00:55,781 INFO     ___FILE_ONLY___  < 1 MiB
2024-11-26 15:00:55,781 INFO     ___FILE_ONLY___  
2024-11-26 15:00:55,781 INFO     ___FILE_ONLY___ │
2024-11-26 15:00:55,781 INFO     ___FILE_ONLY___ 

2024-11-26 15:00:55,781 INFO     ___FILE_ONLY___ │ 
2024-11-26 15:00:55,782 INFO     ___FILE_ONLY___ gke-gcloud-auth-plugin (Platform Specific)         
2024-11-26 15:00:55,782 INFO     ___FILE_ONLY___  
2024-11-26 15:00:55,782 INFO     ___FILE_ONLY___ │ 
2024-11-26 15:00:55,782 INFO     ___FILE_ONLY___      0.5.9
2024-11-26 15:00:55,782 INFO     ___FILE_ONLY___  
2024-11-26 15:00:55,782 INFO     ___FILE_ONLY___ │ 
2024-11-26 15:00:55,782 INFO     ___FILE_ONLY___  4.0 MiB
2024-11-26 15:00:55,782 INFO     ___FILE_ONLY___  
2024-11-26 15:00:55,782 INFO     ___FILE_ONLY___ │
2024-11-26 15:00:55,782 INFO     ___FILE_ONLY___ 

2024-11-26 15:00:55,782 INFO     ___FILE_ONLY___ │ 
2024-11-26 15:00:55,782 INFO     ___FILE_ONLY___ kubectl                                            
2024-11-26 15:00:55,782 INFO     ___FILE_ONLY___  
2024-11-26 15:00:55,782 INFO     ___FILE_ONLY___ │ 
2024-11-26 15:00:55,782 INFO     ___FILE_ONLY___     1.30.5
2024-11-26 15:00:55,782 INFO     ___FILE_ONLY___  
2024-11-26 15:00:55,782 INFO     ___FILE_ONLY___ │ 
2024-11-26 15:00:55,782 INFO     ___FILE_ONLY___  < 1 MiB
2024-11-26 15:00:55,782 INFO     ___FILE_ONLY___  
2024-11-26 15:00:55,782 INFO     ___FILE_ONLY___ │
2024-11-26 15:00:55,782 INFO     ___FILE_ONLY___ 

2024-11-26 15:00:55,782 INFO     ___FILE_ONLY___ │ 
2024-11-26 15:00:55,782 INFO     ___FILE_ONLY___ kubectl (Platform Specific)                        
2024-11-26 15:00:55,782 INFO     ___FILE_ONLY___  
2024-11-26 15:00:55,782 INFO     ___FILE_ONLY___ │ 
2024-11-26 15:00:55,782 INFO     ___FILE_ONLY___     1.30.6
2024-11-26 15:00:55,782 INFO     ___FILE_ONLY___  
2024-11-26 15:00:55,782 INFO     ___FILE_ONLY___ │ 
2024-11-26 15:00:55,782 INFO     ___FILE_ONLY___ 86.1 MiB
2024-11-26 15:00:55,782 INFO     ___FILE_ONLY___  
2024-11-26 15:00:55,782 INFO     ___FILE_ONLY___ │
2024-11-26 15:00:55,782 INFO     ___FILE_ONLY___ 

2024-11-26 15:00:55,782 INFO     ___FILE_ONLY___ └─────────────────────────────────────────────────────┴────────────┴──────────┘
2024-11-26 15:00:55,782 INFO     ___FILE_ONLY___ 

2024-11-26 15:00:55,782 INFO     ___FILE_ONLY___ 

2024-11-26 15:00:55,797 DEBUG    urllib3.connectionpool Starting new HTTPS connection (1): dl.google.com:443
2024-11-26 15:00:56,392 DEBUG    urllib3.connectionpool https://dl.google.com:443 "GET /dl/cloudsdk/channels/rapid/RELEASE_NOTES HTTP/1.1" 200 1314602
2024-11-26 15:00:57,132 INFO     ___FILE_ONLY___ For the latest full release notes, please visit:
  https://cloud.google.com/sdk/release_notes


2024-11-26 15:00:57,134 INFO     ___FILE_ONLY___ Performing in place update...


2024-11-26 15:00:57,168 INFO     ___FILE_ONLY___ ╔════════════════════════════════════════════════════════════╗

2024-11-26 15:00:57,169 INFO     ___FILE_ONLY___ ╠═ Downloading: Google Cloud CLI Core Libraries (Platfor... ═╣

2024-11-26 15:00:57,169 INFO     ___FILE_ONLY___ ╚
2024-11-26 15:00:57,199 DEBUG    urllib3.connectionpool Starting new HTTPS connection (1): dl.google.com:443
2024-11-26 15:00:57,610 DEBUG    urllib3.connectionpool https://dl.google.com:443 "GET /dl/cloudsdk/channels/rapid/components/google-cloud-sdk-core-nix-20240830134514.tar.gz HTTP/1.1" 200 2306
2024-11-26 15:00:57,611 INFO     ___FILE_ONLY___ ════════════════════════════════════════════════════════════
2024-11-26 15:00:57,611 INFO     ___FILE_ONLY___ ╝

2024-11-26 15:00:58,134 INFO     ___FILE_ONLY___ ╔════════════════════════════════════════════════════════════╗

2024-11-26 15:00:58,134 INFO     ___FILE_ONLY___ ╠═ Downloading: Minikube                                    ═╣

2024-11-26 15:00:58,134 INFO     ___FILE_ONLY___ ╚
2024-11-26 15:00:58,151 INFO     ___FILE_ONLY___ ════════════════════════════════════════════════════════════
2024-11-26 15:00:58,153 INFO     ___FILE_ONLY___ ╝

2024-11-26 15:00:58,273 INFO     ___FILE_ONLY___ ╔════════════════════════════════════════════════════════════╗

2024-11-26 15:00:58,277 INFO     ___FILE_ONLY___ ╠═ Downloading: Minikube (Platform Specific)                ═╣

2024-11-26 15:00:58,280 INFO     ___FILE_ONLY___ ╚
2024-11-26 15:00:58,430 DEBUG    urllib3.connectionpool Starting new HTTPS connection (1): dl.google.com:443
2024-11-26 15:00:58,907 DEBUG    urllib3.connectionpool https://dl.google.com:443 "GET /dl/cloudsdk/channels/rapid/components/google-cloud-sdk-minikube-darwin-arm-20240927140238.tar.gz HTTP/1.1" 200 38981244
2024-11-26 15:01:00,106 INFO     ___FILE_ONLY___ ═
2024-11-26 15:01:00,107 INFO     ___FILE_ONLY___ ═
2024-11-26 15:01:00,108 INFO     ___FILE_ONLY___ ═
2024-11-26 15:01:00,108 INFO     ___FILE_ONLY___ ═
2024-11-26 15:01:00,109 INFO     ___FILE_ONLY___ ═
2024-11-26 15:01:00,110 INFO     ___FILE_ONLY___ ═
2024-11-26 15:01:00,111 INFO     ___FILE_ONLY___ ═
2024-11-26 15:01:00,111 INFO     ___FILE_ONLY___ ═
2024-11-26 15:01:00,112 INFO     ___FILE_ONLY___ ═
2024-11-26 15:01:00,113 INFO     ___FILE_ONLY___ ═
2024-11-26 15:01:00,113 INFO     ___FILE_ONLY___ ═
2024-11-26 15:01:00,114 INFO     ___FILE_ONLY___ ═
2024-11-26 15:01:00,115 INFO     ___FILE_ONLY___ ═
2024-11-26 15:01:00,116 INFO     ___FILE_ONLY___ ═
2024-11-26 15:01:00,117 INFO     ___FILE_ONLY___ ═
2024-11-26 15:01:00,117 INFO     ___FILE_ONLY___ ═
2024-11-26 15:01:00,117 INFO     ___FILE_ONLY___ ═
2024-11-26 15:01:00,118 INFO     ___FILE_ONLY___ ═
2024-11-26 15:01:00,118 INFO     ___FILE_ONLY___ ═
2024-11-26 15:01:00,119 INFO     ___FILE_ONLY___ ═
2024-11-26 15:01:00,120 INFO     ___FILE_ONLY___ ═
2024-11-26 15:01:00,120 INFO     ___FILE_ONLY___ ═
2024-11-26 15:01:00,121 INFO     ___FILE_ONLY___ ═
2024-11-26 15:01:00,122 INFO     ___FILE_ONLY___ ═
2024-11-26 15:01:00,123 INFO     ___FILE_ONLY___ ═
2024-11-26 15:01:00,124 INFO     ___FILE_ONLY___ ═
2024-11-26 15:01:00,125 INFO     ___FILE_ONLY___ ═
2024-11-26 15:01:00,125 INFO     ___FILE_ONLY___ ═
2024-11-26 15:01:00,125 INFO     ___FILE_ONLY___ ═
2024-11-26 15:01:00,126 INFO     ___FILE_ONLY___ ═
2024-11-26 15:01:00,126 INFO     ___FILE_ONLY___ ═
2024-11-26 15:01:00,127 INFO     ___FILE_ONLY___ ═
2024-11-26 15:01:00,127 INFO     ___FILE_ONLY___ ═
2024-11-26 15:01:00,127 INFO     ___FILE_ONLY___ ═
2024-11-26 15:01:00,128 INFO     ___FILE_ONLY___ ═
2024-11-26 15:01:00,128 INFO     ___FILE_ONLY___ ═
2024-11-26 15:01:00,128 INFO     ___FILE_ONLY___ ═
2024-11-26 15:01:00,129 INFO     ___FILE_ONLY___ ═
2024-11-26 15:01:00,130 INFO     ___FILE_ONLY___ ═
2024-11-26 15:01:00,131 INFO     ___FILE_ONLY___ ═
2024-11-26 15:01:00,131 INFO     ___FILE_ONLY___ ═
2024-11-26 15:01:00,132 INFO     ___FILE_ONLY___ ═
2024-11-26 15:01:00,132 INFO     ___FILE_ONLY___ ═
2024-11-26 15:01:00,132 INFO     ___FILE_ONLY___ ═
2024-11-26 15:01:00,133 INFO     ___FILE_ONLY___ ═
2024-11-26 15:01:00,133 INFO     ___FILE_ONLY___ ═
2024-11-26 15:01:00,134 INFO     ___FILE_ONLY___ ═
2024-11-26 15:01:00,134 INFO     ___FILE_ONLY___ ═
2024-11-26 15:01:00,134 INFO     ___FILE_ONLY___ ═
2024-11-26 15:01:00,135 INFO     ___FILE_ONLY___ ═
2024-11-26 15:01:00,135 INFO     ___FILE_ONLY___ ═
2024-11-26 15:01:00,136 INFO     ___FILE_ONLY___ ═
2024-11-26 15:01:00,137 INFO     ___FILE_ONLY___ ═
2024-11-26 15:01:00,138 INFO     ___FILE_ONLY___ ═
2024-11-26 15:01:00,138 INFO     ___FILE_ONLY___ ═
2024-11-26 15:01:00,138 INFO     ___FILE_ONLY___ ═
2024-11-26 15:01:00,139 INFO     ___FILE_ONLY___ ═
2024-11-26 15:01:00,139 INFO     ___FILE_ONLY___ ═
2024-11-26 15:01:00,140 INFO     ___FILE_ONLY___ ═
2024-11-26 15:01:00,140 INFO     ___FILE_ONLY___ ═
2024-11-26 15:01:00,141 INFO     ___FILE_ONLY___ ╝

2024-11-26 15:01:00,152 INFO     ___FILE_ONLY___ ╔════════════════════════════════════════════════════════════╗

2024-11-26 15:01:00,153 INFO     ___FILE_ONLY___ ╠═ Downloading: Skaffold                                    ═╣

2024-11-26 15:01:00,153 INFO     ___FILE_ONLY___ ╚
2024-11-26 15:01:00,153 INFO     ___FILE_ONLY___ ════════════════════════════════════════════════════════════
2024-11-26 15:01:00,153 INFO     ___FILE_ONLY___ ╝

2024-11-26 15:01:00,158 INFO     ___FILE_ONLY___ ╔════════════════════════════════════════════════════════════╗

2024-11-26 15:01:00,159 INFO     ___FILE_ONLY___ ╠═ Downloading: Skaffold (Platform Specific)                ═╣

2024-11-26 15:01:00,159 INFO     ___FILE_ONLY___ ╚
2024-11-26 15:01:00,166 DEBUG    urllib3.connectionpool Starting new HTTPS connection (1): dl.google.com:443
2024-11-26 15:01:00,636 DEBUG    urllib3.connectionpool https://dl.google.com:443 "GET /dl/cloudsdk/channels/rapid/components/google-cloud-sdk-skaffold-darwin-arm-20240806142304.tar.gz HTTP/1.1" 200 24031362
2024-11-26 15:01:01,654 INFO     ___FILE_ONLY___ ═
2024-11-26 15:01:01,655 INFO     ___FILE_ONLY___ ═
2024-11-26 15:01:01,656 INFO     ___FILE_ONLY___ ═
2024-11-26 15:01:01,659 INFO     ___FILE_ONLY___ ═
2024-11-26 15:01:01,661 INFO     ___FILE_ONLY___ ═
2024-11-26 15:01:01,663 INFO     ___FILE_ONLY___ ═
2024-11-26 15:01:01,663 INFO     ___FILE_ONLY___ ═
2024-11-26 15:01:01,664 INFO     ___FILE_ONLY___ ═
2024-11-26 15:01:01,664 INFO     ___FILE_ONLY___ ═
2024-11-26 15:01:01,667 INFO     ___FILE_ONLY___ ═
2024-11-26 15:01:01,671 INFO     ___FILE_ONLY___ ═
2024-11-26 15:01:01,671 INFO     ___FILE_ONLY___ ═
2024-11-26 15:01:01,672 INFO     ___FILE_ONLY___ ═
2024-11-26 15:01:01,672 INFO     ___FILE_ONLY___ ═
2024-11-26 15:01:01,673 INFO     ___FILE_ONLY___ ═
2024-11-26 15:01:01,674 INFO     ___FILE_ONLY___ ═
2024-11-26 15:01:01,674 INFO     ___FILE_ONLY___ ═
2024-11-26 15:01:01,676 INFO     ___FILE_ONLY___ ═
2024-11-26 15:01:01,677 INFO     ___FILE_ONLY___ ═
2024-11-26 15:01:01,678 INFO     ___FILE_ONLY___ ═
2024-11-26 15:01:01,681 INFO     ___FILE_ONLY___ ═
2024-11-26 15:01:01,682 INFO     ___FILE_ONLY___ ═
2024-11-26 15:01:01,684 INFO     ___FILE_ONLY___ ═
2024-11-26 15:01:01,685 INFO     ___FILE_ONLY___ ═
2024-11-26 15:01:01,687 INFO     ___FILE_ONLY___ ═
2024-11-26 15:01:01,688 INFO     ___FILE_ONLY___ ═
2024-11-26 15:01:01,689 INFO     ___FILE_ONLY___ ═
2024-11-26 15:01:01,690 INFO     ___FILE_ONLY___ ═
2024-11-26 15:01:01,691 INFO     ___FILE_ONLY___ ═
2024-11-26 15:01:01,691 INFO     ___FILE_ONLY___ ═
2024-11-26 15:01:01,694 INFO     ___FILE_ONLY___ ═
2024-11-26 15:01:01,695 INFO     ___FILE_ONLY___ ═
2024-11-26 15:01:01,697 INFO     ___FILE_ONLY___ ═
2024-11-26 15:01:01,698 INFO     ___FILE_ONLY___ ═
2024-11-26 15:01:01,700 INFO     ___FILE_ONLY___ ═
2024-11-26 15:01:01,702 INFO     ___FILE_ONLY___ ═
2024-11-26 15:01:01,703 INFO     ___FILE_ONLY___ ═
2024-11-26 15:01:01,704 INFO     ___FILE_ONLY___ ═
2024-11-26 15:01:01,704 INFO     ___FILE_ONLY___ ═
2024-11-26 15:01:01,705 INFO     ___FILE_ONLY___ ═
2024-11-26 15:01:01,705 INFO     ___FILE_ONLY___ ═
2024-11-26 15:01:01,706 INFO     ___FILE_ONLY___ ═
2024-11-26 15:01:01,707 INFO     ___FILE_ONLY___ ═
2024-11-26 15:01:01,707 INFO     ___FILE_ONLY___ ═
2024-11-26 15:01:01,707 INFO     ___FILE_ONLY___ ═
2024-11-26 15:01:01,708 INFO     ___FILE_ONLY___ ═
2024-11-26 15:01:01,708 INFO     ___FILE_ONLY___ ═
2024-11-26 15:01:01,709 INFO     ___FILE_ONLY___ ═
2024-11-26 15:01:01,709 INFO     ___FILE_ONLY___ ═
2024-11-26 15:01:01,709 INFO     ___FILE_ONLY___ ═
2024-11-26 15:01:01,709 INFO     ___FILE_ONLY___ ═
2024-11-26 15:01:01,710 INFO     ___FILE_ONLY___ ═
2024-11-26 15:01:01,710 INFO     ___FILE_ONLY___ ═
2024-11-26 15:01:01,711 INFO     ___FILE_ONLY___ ═
2024-11-26 15:01:01,712 INFO     ___FILE_ONLY___ ═
2024-11-26 15:01:01,713 INFO     ___FILE_ONLY___ ═
2024-11-26 15:01:01,713 INFO     ___FILE_ONLY___ ═
2024-11-26 15:01:01,714 INFO     ___FILE_ONLY___ ═
2024-11-26 15:01:01,714 INFO     ___FILE_ONLY___ ═
2024-11-26 15:01:01,715 INFO     ___FILE_ONLY___ ═
2024-11-26 15:01:01,715 INFO     ___FILE_ONLY___ ╝

2024-11-26 15:01:01,724 INFO     ___FILE_ONLY___ ╔════════════════════════════════════════════════════════════╗

2024-11-26 15:01:01,724 INFO     ___FILE_ONLY___ ╠═ Downloading: gcloud Alpha Commands                       ═╣

2024-11-26 15:01:01,724 INFO     ___FILE_ONLY___ ╚
2024-11-26 15:01:01,728 DEBUG    urllib3.connectionpool Starting new HTTPS connection (1): dl.google.com:443
2024-11-26 15:01:02,116 DEBUG    urllib3.connectionpool https://dl.google.com:443 "GET /dl/cloudsdk/channels/rapid/components/google-cloud-sdk-alpha-20241115154308.tar.gz HTTP/1.1" 200 800
2024-11-26 15:01:02,117 INFO     ___FILE_ONLY___ ════════════════════════════════════════════════════════════
2024-11-26 15:01:02,117 INFO     ___FILE_ONLY___ ╝

2024-11-26 15:01:02,127 INFO     ___FILE_ONLY___ ╔════════════════════════════════════════════════════════════╗

2024-11-26 15:01:02,127 INFO     ___FILE_ONLY___ ╠═ Downloading: gcloud Beta Commands                        ═╣

2024-11-26 15:01:02,128 INFO     ___FILE_ONLY___ ╚
2024-11-26 15:01:02,131 DEBUG    urllib3.connectionpool Starting new HTTPS connection (1): dl.google.com:443
2024-11-26 15:01:02,579 DEBUG    urllib3.connectionpool https://dl.google.com:443 "GET /dl/cloudsdk/channels/rapid/components/google-cloud-sdk-beta-20241115154308.tar.gz HTTP/1.1" 200 797
2024-11-26 15:01:02,580 INFO     ___FILE_ONLY___ ════════════════════════════════════════════════════════════
2024-11-26 15:01:02,580 INFO     ___FILE_ONLY___ ╝

2024-11-26 15:01:02,609 INFO     ___FILE_ONLY___ ╔════════════════════════════════════════════════════════════╗

2024-11-26 15:01:02,610 INFO     ___FILE_ONLY___ ╠═ Downloading: gcloud cli dependencies (Platform Specific) ═╣

2024-11-26 15:01:02,611 INFO     ___FILE_ONLY___ ╚
2024-11-26 15:01:02,622 DEBUG    urllib3.connectionpool Starting new HTTPS connection (1): dl.google.com:443
2024-11-26 15:01:03,023 DEBUG    urllib3.connectionpool https://dl.google.com:443 "GET /dl/cloudsdk/channels/rapid/components/google-cloud-sdk-gcloud-deps-darwin-x86_64-20210416153011.tar.gz HTTP/1.1" 200 105
2024-11-26 15:01:03,024 INFO     ___FILE_ONLY___ ════════════════════════════════════════════════════════════
2024-11-26 15:01:03,024 INFO     ___FILE_ONLY___ ╝

2024-11-26 15:01:03,040 INFO     ___FILE_ONLY___ ╔════════════════════════════════════════════════════════════╗

2024-11-26 15:01:03,040 INFO     ___FILE_ONLY___ ╠═ Downloading: gke-gcloud-auth-plugin                      ═╣

2024-11-26 15:01:03,040 INFO     ___FILE_ONLY___ ╚
2024-11-26 15:01:03,040 INFO     ___FILE_ONLY___ ════════════════════════════════════════════════════════════
2024-11-26 15:01:03,040 INFO     ___FILE_ONLY___ ╝

2024-11-26 15:01:03,052 INFO     ___FILE_ONLY___ ╔════════════════════════════════════════════════════════════╗

2024-11-26 15:01:03,054 INFO     ___FILE_ONLY___ ╠═ Downloading: gke-gcloud-auth-plugin (Platform Specific)  ═╣

2024-11-26 15:01:03,054 INFO     ___FILE_ONLY___ ╚
2024-11-26 15:01:03,057 DEBUG    urllib3.connectionpool Starting new HTTPS connection (1): dl.google.com:443
2024-11-26 15:01:03,437 DEBUG    urllib3.connectionpool https://dl.google.com:443 "GET /dl/cloudsdk/channels/rapid/components/google-cloud-sdk-gke-gcloud-auth-plugin-darwin-arm-20240628141907.tar.gz HTTP/1.1" 200 4148014
2024-11-26 15:01:03,915 INFO     ___FILE_ONLY___ ═
2024-11-26 15:01:03,915 INFO     ___FILE_ONLY___ ═
2024-11-26 15:01:03,915 INFO     ___FILE_ONLY___ ═
2024-11-26 15:01:03,915 INFO     ___FILE_ONLY___ ═
2024-11-26 15:01:03,916 INFO     ___FILE_ONLY___ ═
2024-11-26 15:01:03,916 INFO     ___FILE_ONLY___ ═
2024-11-26 15:01:03,916 INFO     ___FILE_ONLY___ ═
2024-11-26 15:01:03,916 INFO     ___FILE_ONLY___ ═
2024-11-26 15:01:03,916 INFO     ___FILE_ONLY___ ═
2024-11-26 15:01:03,916 INFO     ___FILE_ONLY___ ═
2024-11-26 15:01:03,916 INFO     ___FILE_ONLY___ ═
2024-11-26 15:01:03,916 INFO     ___FILE_ONLY___ ═
2024-11-26 15:01:03,916 INFO     ___FILE_ONLY___ ═
2024-11-26 15:01:03,917 INFO     ___FILE_ONLY___ ═
2024-11-26 15:01:03,917 INFO     ___FILE_ONLY___ ═
2024-11-26 15:01:03,917 INFO     ___FILE_ONLY___ ═
2024-11-26 15:01:03,917 INFO     ___FILE_ONLY___ ═
2024-11-26 15:01:03,917 INFO     ___FILE_ONLY___ ═
2024-11-26 15:01:03,917 INFO     ___FILE_ONLY___ ═
2024-11-26 15:01:03,917 INFO     ___FILE_ONLY___ ═
2024-11-26 15:01:03,917 INFO     ___FILE_ONLY___ ═
2024-11-26 15:01:03,918 INFO     ___FILE_ONLY___ ═
2024-11-26 15:01:03,918 INFO     ___FILE_ONLY___ ═
2024-11-26 15:01:03,918 INFO     ___FILE_ONLY___ ═
2024-11-26 15:01:03,918 INFO     ___FILE_ONLY___ ═
2024-11-26 15:01:03,918 INFO     ___FILE_ONLY___ ═
2024-11-26 15:01:03,918 INFO     ___FILE_ONLY___ ═
2024-11-26 15:01:03,918 INFO     ___FILE_ONLY___ ═
2024-11-26 15:01:03,918 INFO     ___FILE_ONLY___ ═
2024-11-26 15:01:03,918 INFO     ___FILE_ONLY___ ═
2024-11-26 15:01:03,918 INFO     ___FILE_ONLY___ ═
2024-11-26 15:01:03,919 INFO     ___FILE_ONLY___ ═
2024-11-26 15:01:03,919 INFO     ___FILE_ONLY___ ═
2024-11-26 15:01:03,919 INFO     ___FILE_ONLY___ ═
2024-11-26 15:01:03,919 INFO     ___FILE_ONLY___ ═
2024-11-26 15:01:03,919 INFO     ___FILE_ONLY___ ═
2024-11-26 15:01:03,919 INFO     ___FILE_ONLY___ ═
2024-11-26 15:01:03,919 INFO     ___FILE_ONLY___ ═
2024-11-26 15:01:03,919 INFO     ___FILE_ONLY___ ═
2024-11-26 15:01:03,920 INFO     ___FILE_ONLY___ ═
2024-11-26 15:01:03,920 INFO     ___FILE_ONLY___ ═
2024-11-26 15:01:03,920 INFO     ___FILE_ONLY___ ═
2024-11-26 15:01:03,920 INFO     ___FILE_ONLY___ ═
2024-11-26 15:01:03,920 INFO     ___FILE_ONLY___ ═
2024-11-26 15:01:03,921 INFO     ___FILE_ONLY___ ═
2024-11-26 15:01:03,921 INFO     ___FILE_ONLY___ ═
2024-11-26 15:01:03,921 INFO     ___FILE_ONLY___ ═
2024-11-26 15:01:03,921 INFO     ___FILE_ONLY___ ═
2024-11-26 15:01:03,922 INFO     ___FILE_ONLY___ ═
2024-11-26 15:01:03,922 INFO     ___FILE_ONLY___ ═
2024-11-26 15:01:03,922 INFO     ___FILE_ONLY___ ═
2024-11-26 15:01:03,922 INFO     ___FILE_ONLY___ ═
2024-11-26 15:01:03,922 INFO     ___FILE_ONLY___ ═
2024-11-26 15:01:03,922 INFO     ___FILE_ONLY___ ═
2024-11-26 15:01:03,922 INFO     ___FILE_ONLY___ ═
2024-11-26 15:01:03,923 INFO     ___FILE_ONLY___ ═
2024-11-26 15:01:03,923 INFO     ___FILE_ONLY___ ═
2024-11-26 15:01:03,923 INFO     ___FILE_ONLY___ ═
2024-11-26 15:01:03,923 INFO     ___FILE_ONLY___ ═
2024-11-26 15:01:03,923 INFO     ___FILE_ONLY___ ═
2024-11-26 15:01:03,923 INFO     ___FILE_ONLY___ ╝

2024-11-26 15:01:03,947 INFO     ___FILE_ONLY___ ╔════════════════════════════════════════════════════════════╗

2024-11-26 15:01:03,947 INFO     ___FILE_ONLY___ ╠═ Downloading: kubectl                                     ═╣

2024-11-26 15:01:03,947 INFO     ___FILE_ONLY___ ╚
2024-11-26 15:01:03,988 DEBUG    urllib3.connectionpool Starting new HTTPS connection (1): dl.google.com:443
2024-11-26 15:01:04,435 DEBUG    urllib3.connectionpool https://dl.google.com:443 "GET /dl/cloudsdk/channels/rapid/components/google-cloud-sdk-kubectl-20241004144944.tar.gz HTTP/1.1" 200 36206
2024-11-26 15:01:04,512 INFO     ___FILE_ONLY___ ═══════════════════════════
2024-11-26 15:01:04,513 INFO     ___FILE_ONLY___ ═══════════════════════════
2024-11-26 15:01:04,513 INFO     ___FILE_ONLY___ ══════
2024-11-26 15:01:04,513 INFO     ___FILE_ONLY___ ╝

2024-11-26 15:01:04,523 INFO     ___FILE_ONLY___ ╔════════════════════════════════════════════════════════════╗

2024-11-26 15:01:04,523 INFO     ___FILE_ONLY___ ╠═ Downloading: kubectl (Platform Specific)                 ═╣

2024-11-26 15:01:04,523 INFO     ___FILE_ONLY___ ╚
2024-11-26 15:01:04,526 DEBUG    urllib3.connectionpool Starting new HTTPS connection (1): dl.google.com:443
2024-11-26 15:01:04,984 DEBUG    urllib3.connectionpool https://dl.google.com:443 "GET /dl/cloudsdk/channels/rapid/components/google-cloud-sdk-kubectl-darwin-arm-20241108162203.tar.gz HTTP/1.1" 200 90277960
2024-11-26 15:01:08,055 INFO     ___FILE_ONLY___ ═
2024-11-26 15:01:08,058 INFO     ___FILE_ONLY___ ═
2024-11-26 15:01:08,059 INFO     ___FILE_ONLY___ ═
2024-11-26 15:01:08,061 INFO     ___FILE_ONLY___ ═
2024-11-26 15:01:08,062 INFO     ___FILE_ONLY___ ═
2024-11-26 15:01:08,065 INFO     ___FILE_ONLY___ ═
2024-11-26 15:01:08,066 INFO     ___FILE_ONLY___ ═
2024-11-26 15:01:08,068 INFO     ___FILE_ONLY___ ═
2024-11-26 15:01:08,069 INFO     ___FILE_ONLY___ ═
2024-11-26 15:01:08,077 INFO     ___FILE_ONLY___ ═
2024-11-26 15:01:08,085 INFO     ___FILE_ONLY___ ═
2024-11-26 15:01:08,087 INFO     ___FILE_ONLY___ ═
2024-11-26 15:01:08,087 INFO     ___FILE_ONLY___ ═
2024-11-26 15:01:08,088 INFO     ___FILE_ONLY___ ═
2024-11-26 15:01:08,089 INFO     ___FILE_ONLY___ ═
2024-11-26 15:01:08,090 INFO     ___FILE_ONLY___ ═
2024-11-26 15:01:08,092 INFO     ___FILE_ONLY___ ═
2024-11-26 15:01:08,094 INFO     ___FILE_ONLY___ ═
2024-11-26 15:01:08,097 INFO     ___FILE_ONLY___ ═
2024-11-26 15:01:08,097 INFO     ___FILE_ONLY___ ═
2024-11-26 15:01:08,098 INFO     ___FILE_ONLY___ ═
2024-11-26 15:01:08,099 INFO     ___FILE_ONLY___ ═
2024-11-26 15:01:08,101 INFO     ___FILE_ONLY___ ═
2024-11-26 15:01:08,103 INFO     ___FILE_ONLY___ ═
2024-11-26 15:01:08,104 INFO     ___FILE_ONLY___ ═
2024-11-26 15:01:08,104 INFO     ___FILE_ONLY___ ═
2024-11-26 15:01:08,105 INFO     ___FILE_ONLY___ ═
2024-11-26 15:01:08,106 INFO     ___FILE_ONLY___ ═
2024-11-26 15:01:08,108 INFO     ___FILE_ONLY___ ═
2024-11-26 15:01:08,110 INFO     ___FILE_ONLY___ ═
2024-11-26 15:01:08,111 INFO     ___FILE_ONLY___ ═
2024-11-26 15:01:08,111 INFO     ___FILE_ONLY___ ═
2024-11-26 15:01:08,112 INFO     ___FILE_ONLY___ ═
2024-11-26 15:01:08,114 INFO     ___FILE_ONLY___ ═
2024-11-26 15:01:08,115 INFO     ___FILE_ONLY___ ═
2024-11-26 15:01:08,116 INFO     ___FILE_ONLY___ ═
2024-11-26 15:01:08,117 INFO     ___FILE_ONLY___ ═
2024-11-26 15:01:08,118 INFO     ___FILE_ONLY___ ═
2024-11-26 15:01:08,120 INFO     ___FILE_ONLY___ ═
2024-11-26 15:01:08,121 INFO     ___FILE_ONLY___ ═
2024-11-26 15:01:08,122 INFO     ___FILE_ONLY___ ═
2024-11-26 15:01:08,122 INFO     ___FILE_ONLY___ ═
2024-11-26 15:01:08,123 INFO     ___FILE_ONLY___ ═
2024-11-26 15:01:08,125 INFO     ___FILE_ONLY___ ═
2024-11-26 15:01:08,127 INFO     ___FILE_ONLY___ ═
2024-11-26 15:01:08,127 INFO     ___FILE_ONLY___ ═
2024-11-26 15:01:08,128 INFO     ___FILE_ONLY___ ═
2024-11-26 15:01:08,129 INFO     ___FILE_ONLY___ ═
2024-11-26 15:01:08,130 INFO     ___FILE_ONLY___ ═
2024-11-26 15:01:08,131 INFO     ___FILE_ONLY___ ═
2024-11-26 15:01:08,132 INFO     ___FILE_ONLY___ ═
2024-11-26 15:01:08,133 INFO     ___FILE_ONLY___ ═
2024-11-26 15:01:08,134 INFO     ___FILE_ONLY___ ═
2024-11-26 15:01:08,136 INFO     ___FILE_ONLY___ ═
2024-11-26 15:01:08,137 INFO     ___FILE_ONLY___ ═
2024-11-26 15:01:08,139 INFO     ___FILE_ONLY___ ═
2024-11-26 15:01:08,140 INFO     ___FILE_ONLY___ ═
2024-11-26 15:01:08,142 INFO     ___FILE_ONLY___ ═
2024-11-26 15:01:08,144 INFO     ___FILE_ONLY___ ═
2024-11-26 15:01:08,145 INFO     ___FILE_ONLY___ ═
2024-11-26 15:01:08,145 INFO     ___FILE_ONLY___ ╝

2024-11-26 15:01:08,159 INFO     ___FILE_ONLY___ ╔════════════════════════════════════════════════════════════╗

2024-11-26 15:01:08,159 INFO     ___FILE_ONLY___ ╠═ Installing: Google Cloud CLI Core Libraries (Platform... ═╣

2024-11-26 15:01:08,159 INFO     ___FILE_ONLY___ ╚
2024-11-26 15:01:08,161 INFO     ___FILE_ONLY___ ══════════════════════════════
2024-11-26 15:01:08,161 INFO     ___FILE_ONLY___ ══════════════════════════════
2024-11-26 15:01:08,161 INFO     ___FILE_ONLY___ ╝

2024-11-26 15:01:08,171 INFO     ___FILE_ONLY___ ╔════════════════════════════════════════════════════════════╗

2024-11-26 15:01:08,171 INFO     ___FILE_ONLY___ ╠═ Installing: Minikube                                     ═╣

2024-11-26 15:01:08,171 INFO     ___FILE_ONLY___ ╚
2024-11-26 15:01:08,172 INFO     ___FILE_ONLY___ ════════════════════════════════════════════════════════════
2024-11-26 15:01:08,172 INFO     ___FILE_ONLY___ ╝

2024-11-26 15:01:08,179 INFO     ___FILE_ONLY___ ╔════════════════════════════════════════════════════════════╗

2024-11-26 15:01:08,179 INFO     ___FILE_ONLY___ ╠═ Installing: Minikube (Platform Specific)                 ═╣

2024-11-26 15:01:08,179 INFO     ___FILE_ONLY___ ╚
2024-11-26 15:01:09,147 INFO     ___FILE_ONLY___ ════════════════════════════════════════════════════════════
2024-11-26 15:01:09,147 INFO     ___FILE_ONLY___ ╝

2024-11-26 15:01:09,157 INFO     ___FILE_ONLY___ ╔════════════════════════════════════════════════════════════╗

2024-11-26 15:01:09,157 INFO     ___FILE_ONLY___ ╠═ Installing: Skaffold                                     ═╣

2024-11-26 15:01:09,157 INFO     ___FILE_ONLY___ ╚
2024-11-26 15:01:09,159 INFO     ___FILE_ONLY___ ════════════════════════════════════════════════════════════
2024-11-26 15:01:09,159 INFO     ___FILE_ONLY___ ╝

2024-11-26 15:01:09,165 INFO     ___FILE_ONLY___ ╔════════════════════════════════════════════════════════════╗

2024-11-26 15:01:09,165 INFO     ___FILE_ONLY___ ╠═ Installing: Skaffold (Platform Specific)                 ═╣

2024-11-26 15:01:09,165 INFO     ___FILE_ONLY___ ╚
2024-11-26 15:01:10,133 INFO     ___FILE_ONLY___ ════════════════════════════════════════════════════════════
2024-11-26 15:01:10,133 INFO     ___FILE_ONLY___ ╝

2024-11-26 15:01:10,143 INFO     ___FILE_ONLY___ ╔════════════════════════════════════════════════════════════╗

2024-11-26 15:01:10,143 INFO     ___FILE_ONLY___ ╠═ Installing: gcloud Alpha Commands                        ═╣

2024-11-26 15:01:10,143 INFO     ___FILE_ONLY___ ╚
2024-11-26 15:01:10,144 INFO     ___FILE_ONLY___ ════════════════════════════════════════════════════════════
2024-11-26 15:01:10,144 INFO     ___FILE_ONLY___ ╝

2024-11-26 15:01:10,157 INFO     ___FILE_ONLY___ ╔════════════════════════════════════════════════════════════╗

2024-11-26 15:01:10,157 INFO     ___FILE_ONLY___ ╠═ Installing: gcloud Beta Commands                         ═╣

2024-11-26 15:01:10,157 INFO     ___FILE_ONLY___ ╚
2024-11-26 15:01:10,158 INFO     ___FILE_ONLY___ ════════════════════════════════════════════════════════════
2024-11-26 15:01:10,158 INFO     ___FILE_ONLY___ ╝

2024-11-26 15:01:10,166 INFO     ___FILE_ONLY___ ╔════════════════════════════════════════════════════════════╗

2024-11-26 15:01:10,167 INFO     ___FILE_ONLY___ ╠═ Installing: gcloud cli dependencies (Platform Specific)  ═╣

2024-11-26 15:01:10,167 INFO     ___FILE_ONLY___ ╚
2024-11-26 15:01:10,167 INFO     ___FILE_ONLY___ ════════════════════════════════════════════════════════════
2024-11-26 15:01:10,167 INFO     ___FILE_ONLY___ ╝

2024-11-26 15:01:10,175 INFO     ___FILE_ONLY___ ╔════════════════════════════════════════════════════════════╗

2024-11-26 15:01:10,175 INFO     ___FILE_ONLY___ ╠═ Installing: gke-gcloud-auth-plugin                       ═╣

2024-11-26 15:01:10,175 INFO     ___FILE_ONLY___ ╚
2024-11-26 15:01:10,177 INFO     ___FILE_ONLY___ ════════════════════════════════════════════════════════════
2024-11-26 15:01:10,177 INFO     ___FILE_ONLY___ ╝

2024-11-26 15:01:10,183 INFO     ___FILE_ONLY___ ╔════════════════════════════════════════════════════════════╗

2024-11-26 15:01:10,183 INFO     ___FILE_ONLY___ ╠═ Installing: gke-gcloud-auth-plugin (Platform Specific)   ═╣

2024-11-26 15:01:10,183 INFO     ___FILE_ONLY___ ╚
2024-11-26 15:01:10,270 INFO     ___FILE_ONLY___ ════════════════════════════════════════════════════════════
2024-11-26 15:01:10,270 INFO     ___FILE_ONLY___ ╝

2024-11-26 15:01:10,280 INFO     ___FILE_ONLY___ ╔════════════════════════════════════════════════════════════╗

2024-11-26 15:01:10,280 INFO     ___FILE_ONLY___ ╠═ Installing: kubectl                                      ═╣

2024-11-26 15:01:10,280 INFO     ___FILE_ONLY___ ╚
2024-11-26 15:01:10,283 INFO     ___FILE_ONLY___ ════════════════════════════════════════════════════════════
2024-11-26 15:01:10,283 INFO     ___FILE_ONLY___ ╝

2024-11-26 15:01:10,292 INFO     ___FILE_ONLY___ ╔════════════════════════════════════════════════════════════╗

2024-11-26 15:01:10,292 INFO     ___FILE_ONLY___ ╠═ Installing: kubectl (Platform Specific)                  ═╣

2024-11-26 15:01:10,292 INFO     ___FILE_ONLY___ ╚
2024-11-26 15:01:11,658 INFO     ___FILE_ONLY___ ══════════
2024-11-26 15:01:11,876 INFO     ___FILE_ONLY___ ══════════
2024-11-26 15:01:12,317 INFO     ___FILE_ONLY___ ══════════
2024-11-26 15:01:12,510 INFO     ___FILE_ONLY___ ══════════
2024-11-26 15:01:12,683 INFO     ___FILE_ONLY___ ══════════
2024-11-26 15:01:12,865 INFO     ___FILE_ONLY___ ══════════
2024-11-26 15:01:12,865 INFO     ___FILE_ONLY___ ╝

2024-11-26 15:01:12,872 DEBUG    root            Updating notification cache...
2024-11-26 15:01:12,872 INFO     ___FILE_ONLY___ 

2024-11-26 15:01:12,881 INFO     ___FILE_ONLY___ Performing post processing steps...
2024-11-26 15:01:12,881 DEBUG    root            Executing command: ['/Users/bryanwills/Library/Application Support/cloud-code/installer/google-cloud-sdk/bin/gcloud', 'components', 'post-process', '--no-compile-python']
2024-11-26 15:01:13,899 DEBUG    ___FILE_ONLY___ 
2024-11-26 15:01:13,900 DEBUG    ___FILE_ONLY___ 
2024-11-26 15:01:14,160 INFO     ___FILE_ONLY___ 
Update done!


2024-11-26 15:01:14,164 WARNING  root              There are other instances of Google Cloud tools on your system PATH.
  Please remove the following to avoid confusion or accidental invocation:

  /opt/homebrew/Cellar/minikube/1.34.0/bin/minikube
/opt/homebrew/Cellar/kubernetes-cli/1.31.3/bin/kubectl
/Applications/Docker.app/Contents/Resources/bin/kubectl

  
2024-11-26 15:01:14,167 DEBUG    root            Chosen display Format:none
2024-11-26 15:01:14,167 INFO     root            Display format: "none"
2024-11-26 15:01:14,170 DEBUG    root            Executing command: ['curl', '--silent', '-O', 'https://dl.google.com/dl/cloudsdk/channels/rapid/python-3.11.6-macos11.tar.gz']
2024-11-26 15:01:16,645 DEBUG    root            Executing command: ['tar', '-xf', 'python-3.11.6-macos11.tar.gz']
2024-11-26 15:01:16,701 DEBUG    root            Executing command: ['sudo', 'installer', '-target', '/', '-pkg', './python-3.11.6-macos11.pkg']
