time=2025-03-29T17:20:20.146-04:00 level=ERROR msg="Error parsing pinned data" error="unexpected end of JSON input"
time=2025-03-29T17:20:20.146-04:00 level=ERROR msg="Error parsing pinned data" error="unexpected end of JSON input"
time=2025-03-29T17:20:20.147-04:00 level=ERROR msg="Error parsing pinned data" error="unexpected end of JSON input"
time=2025-03-29T17:20:20.147-04:00 level=ERROR msg="Error parsing pinned data" error="unexpected end of JSON input"
time=2025-03-29T17:20:20.375-04:00 level=ERROR msg="Error parsing pinned data" error="unexpected end of JSON input"
time=2025-03-29T17:20:29.344-04:00 level=ERROR msg="Error parsing pinned data" error="unexpected end of JSON input"
time=2025-03-29T17:20:29.496-04:00 level=ERROR msg="Error parsing pinned data" error="unexpected end of JSON input"
time=2025-03-29T17:20:29.680-04:00 level=ERROR msg="Error parsing pinned data" error="unexpected end of JSON input"
time=2025-03-29T17:20:29.689-04:00 level=ERROR msg="Error parsing pinned data" error="unexpected end of JSON input"
time=2025-03-29T17:20:29.706-04:00 level=ERROR msg="Error parsing pinned data" error="unexpected end of JSON input"
time=2025-03-29T17:20:29.724-04:00 level=ERROR msg="Error parsing pinned data" error="unexpected end of JSON input"
time=2025-03-29T17:20:29.741-04:00 level=ERROR msg="Error parsing pinned data" error="unexpected end of JSON input"
time=2025-03-29T17:20:29.757-04:00 level=ERROR msg="Error parsing pinned data" error="unexpected end of JSON input"
time=2025-03-29T17:20:29.774-04:00 level=ERROR msg="Error parsing pinned data" error="unexpected end of JSON input"
time=2025-03-29T17:20:29.791-04:00 level=ERROR msg="Error parsing pinned data" error="unexpected end of JSON input"
time=2025-03-29T17:20:29.807-04:00 level=ERROR msg="Error parsing pinned data" error="unexpected end of JSON input"
time=2025-03-29T17:20:29.824-04:00 level=ERROR msg="Error parsing pinned data" error="unexpected end of JSON input"
time=2025-03-29T17:20:29.976-04:00 level=ERROR msg="Error parsing pinned data" error="unexpected end of JSON input"
time=2025-03-29T17:20:30.406-04:00 level=ERROR msg="Error parsing pinned data" error="unexpected end of JSON input"
time=2025-03-29T17:20:30.557-04:00 level=ERROR msg="Error parsing pinned data" error="unexpected end of JSON input"
time=2025-03-29T17:20:30.742-04:00 level=ERROR msg="Error parsing pinned data" error="unexpected end of JSON input"
time=2025-03-29T17:20:30.754-04:00 level=ERROR msg="Error parsing pinned data" error="unexpected end of JSON input"
time=2025-03-29T17:20:30.771-04:00 level=ERROR msg="Error parsing pinned data" error="unexpected end of JSON input"
time=2025-03-29T17:20:30.788-04:00 level=ERROR msg="Error parsing pinned data" error="unexpected end of JSON input"
time=2025-03-29T17:20:30.806-04:00 level=ERROR msg="Error parsing pinned data" error="unexpected end of JSON input"
time=2025-03-29T17:20:30.821-04:00 level=ERROR msg="Error parsing pinned data" error="unexpected end of JSON input"
time=2025-03-29T17:20:30.838-04:00 level=ERROR msg="Error parsing pinned data" error="unexpected end of JSON input"
time=2025-03-29T17:20:30.854-04:00 level=ERROR msg="Error parsing pinned data" error="unexpected end of JSON input"
time=2025-03-29T17:20:30.870-04:00 level=ERROR msg="Error parsing pinned data" error="unexpected end of JSON input"
time=2025-03-29T17:20:30.887-04:00 level=ERROR msg="Error parsing pinned data" error="unexpected end of JSON input"
time=2025-03-29T17:20:30.905-04:00 level=ERROR msg="Error parsing pinned data" error="unexpected end of JSON input"
time=2025-03-29T17:20:30.922-04:00 level=ERROR msg="Error parsing pinned data" error="unexpected end of JSON input"
time=2025-03-29T17:20:30.938-04:00 level=ERROR msg="Error parsing pinned data" error="unexpected end of JSON input"
time=2025-03-29T17:20:30.955-04:00 level=ERROR msg="Error parsing pinned data" error="unexpected end of JSON input"
time=2025-03-29T17:20:30.972-04:00 level=ERROR msg="Error parsing pinned data" error="unexpected end of JSON input"
time=2025-03-29T17:20:30.989-04:00 level=ERROR msg="Error parsing pinned data" error="unexpected end of JSON input"
time=2025-03-29T17:20:31.008-04:00 level=ERROR msg="Error parsing pinned data" error="unexpected end of JSON input"
time=2025-03-29T17:20:31.026-04:00 level=ERROR msg="Error parsing pinned data" error="unexpected end of JSON input"
time=2025-03-29T17:20:31.032-04:00 level=ERROR msg="Error open file" error="bufio.Scanner: token too long"
time=2025-03-29T17:20:31.040-04:00 level=ERROR msg="Error parsing pinned data" error="unexpected end of JSON input"
time=2025-03-29T17:20:31.058-04:00 level=ERROR msg="Error parsing pinned data" error="unexpected end of JSON input"
time=2025-03-29T17:20:31.079-04:00 level=ERROR msg="Error parsing pinned data" error="unexpected end of JSON input"
time=2025-03-29T17:20:31.090-04:00 level=ERROR msg="Error parsing pinned data" error="unexpected end of JSON input"
time=2025-03-29T17:20:31.107-04:00 level=ERROR msg="Error parsing pinned data" error="unexpected end of JSON input"
time=2025-03-29T17:20:31.129-04:00 level=ERROR msg="Error parsing pinned data" error="unexpected end of JSON input"
time=2025-03-29T17:20:31.145-04:00 level=ERROR msg="Error parsing pinned data" error="unexpected end of JSON input"
time=2025-03-29T17:20:31.296-04:00 level=ERROR msg="Error parsing pinned data" error="unexpected end of JSON input"
time=2025-03-29T17:20:31.450-04:00 level=ERROR msg="Error parsing pinned data" error="unexpected end of JSON input"
time=2025-03-29T17:20:31.601-04:00 level=ERROR msg="Error parsing pinned data" error="unexpected end of JSON input"
time=2025-03-29T17:20:31.785-04:00 level=ERROR msg="Error parsing pinned data" error="unexpected end of JSON input"
time=2025-03-29T17:20:31.920-04:00 level=ERROR msg="exif error" error=EOF
time=2025-03-29T17:20:31.981-04:00 level=ERROR msg="Error parsing pinned data" error="unexpected end of JSON input"
time=2025-03-29T17:20:31.983-04:00 level=ERROR msg="exif error" error=EOF
time=2025-03-29T17:20:31.985-04:00 level=ERROR msg="Error parsing pinned data" error="unexpected end of JSON input"
time=2025-03-29T17:20:31.987-04:00 level=ERROR msg="exif error" error=EOF
time=2025-03-29T17:20:31.990-04:00 level=ERROR msg="Error parsing pinned data" error="unexpected end of JSON input"
time=2025-03-29T17:20:31.996-04:00 level=ERROR msg="Error parsing pinned data" error="unexpected end of JSON input"
time=2025-03-29T17:20:32.001-04:00 level=ERROR msg="Error parsing pinned data" error="unexpected end of JSON input"
time=2025-03-29T17:20:32.007-04:00 level=ERROR msg="Error parsing pinned data" error="unexpected end of JSON input"
time=2025-03-29T17:20:32.080-04:00 level=ERROR msg="exif error" error="exif: failed to find exif intro marker"
time=2025-03-29T17:20:32.100-04:00 level=ERROR msg="Error parsing pinned data" error="unexpected end of JSON input"
time=2025-03-29T17:20:32.107-04:00 level=ERROR msg="Error parsing pinned data" error="unexpected end of JSON input"
time=2025-03-29T17:20:32.110-04:00 level=ERROR msg="Error parsing pinned data" error="unexpected end of JSON input"
time=2025-03-29T17:20:32.113-04:00 level=ERROR msg="Error parsing pinned data" error="unexpected end of JSON input"
time=2025-03-29T17:20:32.119-04:00 level=ERROR msg="Error parsing pinned data" error="unexpected end of JSON input"
time=2025-03-29T17:20:32.126-04:00 level=ERROR msg="Error parsing pinned data" error="unexpected end of JSON input"
time=2025-03-29T17:20:32.132-04:00 level=ERROR msg="Error parsing pinned data" error="unexpected end of JSON input"
time=2025-03-29T17:20:32.135-04:00 level=ERROR msg="Error parsing pinned data" error="unexpected end of JSON input"
time=2025-03-29T17:20:32.140-04:00 level=ERROR msg="Error parsing pinned data" error="unexpected end of JSON input"
time=2025-03-29T17:20:32.146-04:00 level=ERROR msg="Error parsing pinned data" error="unexpected end of JSON input"
time=2025-03-29T17:20:32.152-04:00 level=ERROR msg="Error parsing pinned data" error="unexpected end of JSON input"
time=2025-03-29T17:20:32.159-04:00 level=ERROR msg="Error parsing pinned data" error="unexpected end of JSON input"
time=2025-03-29T17:20:32.166-04:00 level=ERROR msg="Error parsing pinned data" error="unexpected end of JSON input"
time=2025-03-29T17:20:32.174-04:00 level=ERROR msg="Error parsing pinned data" error="unexpected end of JSON input"
time=2025-03-29T17:20:32.180-04:00 level=ERROR msg="Error parsing pinned data" error="unexpected end of JSON input"
time=2025-03-29T17:20:32.187-04:00 level=ERROR msg="Error parsing pinned data" error="unexpected end of JSON input"
time=2025-03-29T17:20:32.193-04:00 level=ERROR msg="Error parsing pinned data" error="unexpected end of JSON input"
time=2025-03-29T17:20:32.195-04:00 level=ERROR msg="exif error" error=EOF
time=2025-03-29T17:20:32.197-04:00 level=ERROR msg="Error parsing pinned data" error="unexpected end of JSON input"
time=2025-03-29T17:20:32.207-04:00 level=ERROR msg="Error parsing pinned data" error="unexpected end of JSON input"
time=2025-03-29T17:20:32.215-04:00 level=ERROR msg="Error parsing pinned data" error="unexpected end of JSON input"
time=2025-03-29T17:20:32.227-04:00 level=ERROR msg="exif error" error=EOF
time=2025-03-29T17:20:32.234-04:00 level=ERROR msg="Error parsing pinned data" error="unexpected end of JSON input"
time=2025-03-29T17:20:32.241-04:00 level=ERROR msg="Error parsing pinned data" error="unexpected end of JSON input"
time=2025-03-29T17:20:32.252-04:00 level=ERROR msg="Error parsing pinned data" error="unexpected end of JSON input"
time=2025-03-29T17:20:32.270-04:00 level=ERROR msg="Error parsing pinned data" error="unexpected end of JSON input"
time=2025-03-29T17:20:32.288-04:00 level=ERROR msg="Error parsing pinned data" error="unexpected end of JSON input"
time=2025-03-29T17:20:32.302-04:00 level=ERROR msg="Error parsing pinned data" error="unexpected end of JSON input"
time=2025-03-29T17:20:32.320-04:00 level=ERROR msg="Error parsing pinned data" error="unexpected end of JSON input"
time=2025-03-29T17:20:32.336-04:00 level=ERROR msg="Error parsing pinned data" error="unexpected end of JSON input"
time=2025-03-29T17:20:32.338-04:00 level=ERROR msg="Error while checking text file" error="open /Users/bryanwills/1: operation not supported on socket"
time=2025-03-29T17:20:32.355-04:00 level=ERROR msg="Error parsing pinned data" error="unexpected end of JSON input"
time=2025-03-29T17:20:32.371-04:00 level=ERROR msg="Error parsing pinned data" error="unexpected end of JSON input"
time=2025-03-29T17:20:32.386-04:00 level=ERROR msg="Error parsing pinned data" error="unexpected end of JSON input"
time=2025-03-29T17:20:32.537-04:00 level=ERROR msg="Error parsing pinned data" error="unexpected end of JSON input"
time=2025-03-29T17:20:32.748-04:00 level=ERROR msg="Error parsing pinned data" error="unexpected end of JSON input"
time=2025-03-29T17:20:32.898-04:00 level=ERROR msg="Error parsing pinned data" error="unexpected end of JSON input"
time=2025-03-29T17:20:33.402-04:00 level=ERROR msg="Error parsing pinned data" error="unexpected end of JSON input"
time=2025-03-29T17:20:34.526-04:00 level=ERROR msg="Error parsing pinned data" error="unexpected end of JSON input"
time=2025-03-29T17:20:35.666-04:00 level=ERROR msg="Error parsing pinned data" error="unexpected end of JSON input"
time=2025-03-29T17:20:36.446-04:00 level=ERROR msg="Error parsing pinned data" error="unexpected end of JSON input"
time=2025-03-29T17:20:36.642-04:00 level=ERROR msg="Error parsing pinned data" error="unexpected end of JSON input"
time=2025-03-29T17:20:36.800-04:00 level=ERROR msg="Error parsing pinned data" error="unexpected end of JSON input"
time=2025-03-29T17:20:37.114-04:00 level=ERROR msg="Error parsing pinned data" error="unexpected end of JSON input"
time=2025-03-29T17:20:37.264-04:00 level=ERROR msg="Error parsing pinned data" error="unexpected end of JSON input"
time=2025-03-29T17:20:38.006-04:00 level=ERROR msg="Error parsing pinned data" error="unexpected end of JSON input"
time=2025-03-29T17:20:38.157-04:00 level=ERROR msg="Error parsing pinned data" error="unexpected end of JSON input"
time=2025-03-29T17:20:38.184-04:00 level=ERROR msg="Error parsing pinned data" error="unexpected end of JSON input"
time=2025-03-29T17:20:38.335-04:00 level=ERROR msg="Error parsing pinned data" error="unexpected end of JSON input"
time=2025-03-29T17:20:39.705-04:00 level=ERROR msg="Error parsing pinned data" error="unexpected end of JSON input"
time=2025-07-28T19:05:15.217-04:00 level=INFO msg="Successfully detected terminal cell size via ioctl" pixels_per_column=31 pixels_per_row=79
time=2025-07-28T19:05:15.218-04:00 level=INFO msg="Terminal cell size detection" pixels_per_column=31 pixels_per_row=79
time=2025-07-28T19:08:49.726-04:00 level=ERROR msg="Kitty renderer failed, falling back to ANSI" error="image: unknown format"
time=2025-07-28T19:08:49.731-04:00 level=ERROR msg="Kitty renderer failed, falling back to ANSI" error="image: unknown format"
time=2025-07-28T19:08:51.398-04:00 level=ERROR msg="Max lines reached" maxLines=23
time=2025-07-28T19:08:51.408-04:00 level=ERROR msg="Max lines reached" maxLines=23
time=2025-07-28T19:08:52.135-04:00 level=ERROR msg="exif error" error=EOF
time=2025-07-28T19:08:53.686-04:00 level=ERROR msg="exif error" error=EOF
time=2025-07-28T19:08:54.461-04:00 level=ERROR msg="Max lines reached" maxLines=23
time=2025-07-28T19:08:54.472-04:00 level=ERROR msg="Max lines reached" maxLines=23
time=2025-07-28T19:08:56.050-04:00 level=ERROR msg="Max lines reached" maxLines=23
time=2025-07-28T19:08:56.062-04:00 level=ERROR msg="Max lines reached" maxLines=23
time=2025-07-28T19:08:56.572-04:00 level=ERROR msg="Max lines reached" maxLines=23
time=2025-07-28T19:08:56.580-04:00 level=ERROR msg="Max lines reached" maxLines=23
time=2025-07-28T19:08:56.760-04:00 level=ERROR msg="Kitty renderer failed, falling back to ANSI" error="image: unknown format"
time=2025-07-28T19:08:56.765-04:00 level=ERROR msg="Kitty renderer failed, falling back to ANSI" error="image: unknown format"
