2024-11-18 23:07:59,617 DEBUG    root            Metrics collector initialized...
2024-11-18 23:07:59,618 DEBUG    root            Loaded Command Group: ['gcloud', 'components']
2024-11-18 23:07:59,620 DEBUG    root            Loaded Command Group: ['gcloud', 'components', 'update']
2024-11-18 23:07:59,620 DEBUG    root            Running [gcloud.components.update] with arguments: [--no-compile-python: "False", --quiet: "True", COMPONENT-IDS:6: "['alpha', 'beta', 'gke-gcloud-auth-plugin', 'kubectl', 'skaffold', 'minikube']"]
2024-11-18 23:07:59,621 INFO     ___FILE_ONLY___ Beginning update. This process may take several minutes.

2024-11-18 23:07:59,639 DEBUG    urllib3.connectionpool Starting new HTTPS connection (1): dl.google.com:443
2024-11-18 23:07:59,738 DEBUG    urllib3.connectionpool https://dl.google.com:443 "GET /dl/cloudsdk/channels/rapid/components-2.json HTTP/1.1" 200 226997
2024-11-18 23:07:59,832 INFO     ___FILE_ONLY___ 

2024-11-18 23:07:59,833 INFO     ___FILE_ONLY___ 
Your current Google Cloud CLI version is: 501.0.0

2024-11-18 23:07:59,833 INFO     ___FILE_ONLY___ Installing components from version: 501.0.0

2024-11-18 23:07:59,833 INFO     ___FILE_ONLY___ 

2024-11-18 23:07:59,833 DEBUG    root            Chosen display Format:table[box,title="These components will be removed."](details.display_name:label=Name:align=left,version.version_string:label=Version:align=right,data.size.size(zero="",min=1048576):label=Size:align=right)
2024-11-18 23:07:59,834 DEBUG    root            Chosen display Format:table[box,title="These components will be updated."](details.display_name:label=Name:align=left,version.version_string:label=Version:align=right,data.size.size(zero="",min=1048576):label=Size:align=right)
2024-11-18 23:07:59,834 DEBUG    root            Chosen display Format:table[box,title="These components will be installed."](details.display_name:label=Name:align=left,version.version_string:label=Version:align=right,data.size.size(zero="",min=1048576):label=Size:align=right)
2024-11-18 23:07:59,864 INFO     ___FILE_ONLY___ ┌─────────────────────────────────────────────────────────────────────────────┐
2024-11-18 23:07:59,864 INFO     ___FILE_ONLY___ 

2024-11-18 23:07:59,864 INFO     ___FILE_ONLY___ │                     These components will be installed.                     │
2024-11-18 23:07:59,864 INFO     ___FILE_ONLY___ 

2024-11-18 23:07:59,864 INFO     ___FILE_ONLY___ ├─────────────────────────────────────────────────────┬────────────┬──────────┤
2024-11-18 23:07:59,864 INFO     ___FILE_ONLY___ 

2024-11-18 23:07:59,864 INFO     ___FILE_ONLY___ │                         Name                        │  Version   │   Size   │
2024-11-18 23:07:59,864 INFO     ___FILE_ONLY___ 

2024-11-18 23:07:59,864 INFO     ___FILE_ONLY___ ├─────────────────────────────────────────────────────┼────────────┼──────────┤
2024-11-18 23:07:59,864 INFO     ___FILE_ONLY___ 

2024-11-18 23:07:59,864 INFO     ___FILE_ONLY___ │ 
2024-11-18 23:07:59,864 INFO     ___FILE_ONLY___ Google Cloud CLI Core Libraries (Platform Specific)
2024-11-18 23:07:59,864 INFO     ___FILE_ONLY___  
2024-11-18 23:07:59,864 INFO     ___FILE_ONLY___ │ 
2024-11-18 23:07:59,864 INFO     ___FILE_ONLY___ 2024.08.30
2024-11-18 23:07:59,864 INFO     ___FILE_ONLY___  
2024-11-18 23:07:59,864 INFO     ___FILE_ONLY___ │ 
2024-11-18 23:07:59,864 INFO     ___FILE_ONLY___  < 1 MiB
2024-11-18 23:07:59,864 INFO     ___FILE_ONLY___  
2024-11-18 23:07:59,864 INFO     ___FILE_ONLY___ │
2024-11-18 23:07:59,864 INFO     ___FILE_ONLY___ 

2024-11-18 23:07:59,864 INFO     ___FILE_ONLY___ │ 
2024-11-18 23:07:59,864 INFO     ___FILE_ONLY___ Minikube (Platform Specific)                       
2024-11-18 23:07:59,864 INFO     ___FILE_ONLY___  
2024-11-18 23:07:59,864 INFO     ___FILE_ONLY___ │ 
2024-11-18 23:07:59,864 INFO     ___FILE_ONLY___     1.34.0
2024-11-18 23:07:59,864 INFO     ___FILE_ONLY___  
2024-11-18 23:07:59,864 INFO     ___FILE_ONLY___ │ 
2024-11-18 23:07:59,864 INFO     ___FILE_ONLY___ 37.2 MiB
2024-11-18 23:07:59,864 INFO     ___FILE_ONLY___  
2024-11-18 23:07:59,864 INFO     ___FILE_ONLY___ │
2024-11-18 23:07:59,864 INFO     ___FILE_ONLY___ 

2024-11-18 23:07:59,864 INFO     ___FILE_ONLY___ │ 
2024-11-18 23:07:59,864 INFO     ___FILE_ONLY___ Skaffold (Platform Specific)                       
2024-11-18 23:07:59,864 INFO     ___FILE_ONLY___  
2024-11-18 23:07:59,864 INFO     ___FILE_ONLY___ │ 
2024-11-18 23:07:59,864 INFO     ___FILE_ONLY___     2.13.1
2024-11-18 23:07:59,864 INFO     ___FILE_ONLY___  
2024-11-18 23:07:59,864 INFO     ___FILE_ONLY___ │ 
2024-11-18 23:07:59,864 INFO     ___FILE_ONLY___ 22.9 MiB
2024-11-18 23:07:59,864 INFO     ___FILE_ONLY___  
2024-11-18 23:07:59,864 INFO     ___FILE_ONLY___ │
2024-11-18 23:07:59,864 INFO     ___FILE_ONLY___ 

2024-11-18 23:07:59,864 INFO     ___FILE_ONLY___ │ 
2024-11-18 23:07:59,864 INFO     ___FILE_ONLY___ gcloud Alpha Commands                              
2024-11-18 23:07:59,865 INFO     ___FILE_ONLY___  
2024-11-18 23:07:59,865 INFO     ___FILE_ONLY___ │ 
2024-11-18 23:07:59,865 INFO     ___FILE_ONLY___ 2024.11.08
2024-11-18 23:07:59,865 INFO     ___FILE_ONLY___  
2024-11-18 23:07:59,865 INFO     ___FILE_ONLY___ │ 
2024-11-18 23:07:59,865 INFO     ___FILE_ONLY___  < 1 MiB
2024-11-18 23:07:59,865 INFO     ___FILE_ONLY___  
2024-11-18 23:07:59,865 INFO     ___FILE_ONLY___ │
2024-11-18 23:07:59,865 INFO     ___FILE_ONLY___ 

2024-11-18 23:07:59,865 INFO     ___FILE_ONLY___ │ 
2024-11-18 23:07:59,865 INFO     ___FILE_ONLY___ gcloud Beta Commands                               
2024-11-18 23:07:59,865 INFO     ___FILE_ONLY___  
2024-11-18 23:07:59,865 INFO     ___FILE_ONLY___ │ 
2024-11-18 23:07:59,865 INFO     ___FILE_ONLY___ 2024.11.08
2024-11-18 23:07:59,865 INFO     ___FILE_ONLY___  
2024-11-18 23:07:59,865 INFO     ___FILE_ONLY___ │ 
2024-11-18 23:07:59,865 INFO     ___FILE_ONLY___  < 1 MiB
2024-11-18 23:07:59,865 INFO     ___FILE_ONLY___  
2024-11-18 23:07:59,865 INFO     ___FILE_ONLY___ │
2024-11-18 23:07:59,865 INFO     ___FILE_ONLY___ 

2024-11-18 23:07:59,865 INFO     ___FILE_ONLY___ │ 
2024-11-18 23:07:59,865 INFO     ___FILE_ONLY___ gcloud cli dependencies (Platform Specific)        
2024-11-18 23:07:59,865 INFO     ___FILE_ONLY___  
2024-11-18 23:07:59,865 INFO     ___FILE_ONLY___ │ 
2024-11-18 23:07:59,865 INFO     ___FILE_ONLY___ 2021.04.16
2024-11-18 23:07:59,865 INFO     ___FILE_ONLY___  
2024-11-18 23:07:59,865 INFO     ___FILE_ONLY___ │ 
2024-11-18 23:07:59,865 INFO     ___FILE_ONLY___  < 1 MiB
2024-11-18 23:07:59,865 INFO     ___FILE_ONLY___  
2024-11-18 23:07:59,865 INFO     ___FILE_ONLY___ │
2024-11-18 23:07:59,865 INFO     ___FILE_ONLY___ 

2024-11-18 23:07:59,865 INFO     ___FILE_ONLY___ │ 
2024-11-18 23:07:59,865 INFO     ___FILE_ONLY___ gke-gcloud-auth-plugin (Platform Specific)         
2024-11-18 23:07:59,865 INFO     ___FILE_ONLY___  
2024-11-18 23:07:59,865 INFO     ___FILE_ONLY___ │ 
2024-11-18 23:07:59,865 INFO     ___FILE_ONLY___      0.5.9
2024-11-18 23:07:59,865 INFO     ___FILE_ONLY___  
2024-11-18 23:07:59,865 INFO     ___FILE_ONLY___ │ 
2024-11-18 23:07:59,865 INFO     ___FILE_ONLY___  4.0 MiB
2024-11-18 23:07:59,865 INFO     ___FILE_ONLY___  
2024-11-18 23:07:59,865 INFO     ___FILE_ONLY___ │
2024-11-18 23:07:59,865 INFO     ___FILE_ONLY___ 

2024-11-18 23:07:59,865 INFO     ___FILE_ONLY___ │ 
2024-11-18 23:07:59,865 INFO     ___FILE_ONLY___ kubectl                                            
2024-11-18 23:07:59,865 INFO     ___FILE_ONLY___  
2024-11-18 23:07:59,865 INFO     ___FILE_ONLY___ │ 
2024-11-18 23:07:59,865 INFO     ___FILE_ONLY___     1.30.5
2024-11-18 23:07:59,865 INFO     ___FILE_ONLY___  
2024-11-18 23:07:59,865 INFO     ___FILE_ONLY___ │ 
2024-11-18 23:07:59,866 INFO     ___FILE_ONLY___  < 1 MiB
2024-11-18 23:07:59,866 INFO     ___FILE_ONLY___  
2024-11-18 23:07:59,866 INFO     ___FILE_ONLY___ │
2024-11-18 23:07:59,866 INFO     ___FILE_ONLY___ 

2024-11-18 23:07:59,866 INFO     ___FILE_ONLY___ │ 
2024-11-18 23:07:59,866 INFO     ___FILE_ONLY___ kubectl (Platform Specific)                        
2024-11-18 23:07:59,866 INFO     ___FILE_ONLY___  
2024-11-18 23:07:59,866 INFO     ___FILE_ONLY___ │ 
2024-11-18 23:07:59,866 INFO     ___FILE_ONLY___     1.30.6
2024-11-18 23:07:59,866 INFO     ___FILE_ONLY___  
2024-11-18 23:07:59,866 INFO     ___FILE_ONLY___ │ 
2024-11-18 23:07:59,866 INFO     ___FILE_ONLY___ 86.1 MiB
2024-11-18 23:07:59,866 INFO     ___FILE_ONLY___  
2024-11-18 23:07:59,866 INFO     ___FILE_ONLY___ │
2024-11-18 23:07:59,866 INFO     ___FILE_ONLY___ 

2024-11-18 23:07:59,866 INFO     ___FILE_ONLY___ └─────────────────────────────────────────────────────┴────────────┴──────────┘
2024-11-18 23:07:59,866 INFO     ___FILE_ONLY___ 

2024-11-18 23:07:59,866 INFO     ___FILE_ONLY___ 

2024-11-18 23:07:59,869 DEBUG    urllib3.connectionpool Starting new HTTPS connection (1): dl.google.com:443
2024-11-18 23:07:59,963 DEBUG    urllib3.connectionpool https://dl.google.com:443 "GET /dl/cloudsdk/channels/rapid/RELEASE_NOTES HTTP/1.1" 200 1311270
2024-11-18 23:08:00,134 INFO     ___FILE_ONLY___ For the latest full release notes, please visit:
  https://cloud.google.com/sdk/release_notes


2024-11-18 23:08:00,134 INFO     ___FILE_ONLY___ Performing in place update...


2024-11-18 23:08:00,144 INFO     ___FILE_ONLY___ ╔════════════════════════════════════════════════════════════╗

2024-11-18 23:08:00,144 INFO     ___FILE_ONLY___ ╠═ Downloading: Google Cloud CLI Core Libraries (Platfor... ═╣

2024-11-18 23:08:00,144 INFO     ___FILE_ONLY___ ╚
2024-11-18 23:08:00,149 DEBUG    urllib3.connectionpool Starting new HTTPS connection (1): dl.google.com:443
2024-11-18 23:08:00,236 DEBUG    urllib3.connectionpool https://dl.google.com:443 "GET /dl/cloudsdk/channels/rapid/components/google-cloud-sdk-core-nix-20240830134514.tar.gz HTTP/1.1" 200 2306
2024-11-18 23:08:00,237 INFO     ___FILE_ONLY___ ════════════════════════════════════════════════════════════
2024-11-18 23:08:00,237 INFO     ___FILE_ONLY___ ╝

2024-11-18 23:08:00,247 INFO     ___FILE_ONLY___ ╔════════════════════════════════════════════════════════════╗

2024-11-18 23:08:00,247 INFO     ___FILE_ONLY___ ╠═ Downloading: Minikube                                    ═╣

2024-11-18 23:08:00,248 INFO     ___FILE_ONLY___ ╚
2024-11-18 23:08:00,248 INFO     ___FILE_ONLY___ ════════════════════════════════════════════════════════════
2024-11-18 23:08:00,248 INFO     ___FILE_ONLY___ ╝

2024-11-18 23:08:00,257 INFO     ___FILE_ONLY___ ╔════════════════════════════════════════════════════════════╗

2024-11-18 23:08:00,257 INFO     ___FILE_ONLY___ ╠═ Downloading: Minikube (Platform Specific)                ═╣

2024-11-18 23:08:00,257 INFO     ___FILE_ONLY___ ╚
2024-11-18 23:08:00,261 DEBUG    urllib3.connectionpool Starting new HTTPS connection (1): dl.google.com:443
2024-11-18 23:08:00,355 DEBUG    urllib3.connectionpool https://dl.google.com:443 "GET /dl/cloudsdk/channels/rapid/components/google-cloud-sdk-minikube-darwin-arm-20240927140238.tar.gz HTTP/1.1" 200 38981244
2024-11-18 23:08:00,932 INFO     ___FILE_ONLY___ ═
2024-11-18 23:08:00,933 INFO     ___FILE_ONLY___ ═
2024-11-18 23:08:00,933 INFO     ___FILE_ONLY___ ═
2024-11-18 23:08:00,934 INFO     ___FILE_ONLY___ ═
2024-11-18 23:08:00,934 INFO     ___FILE_ONLY___ ═
2024-11-18 23:08:00,935 INFO     ___FILE_ONLY___ ═
2024-11-18 23:08:00,936 INFO     ___FILE_ONLY___ ═
2024-11-18 23:08:00,936 INFO     ___FILE_ONLY___ ═
2024-11-18 23:08:00,937 INFO     ___FILE_ONLY___ ═
2024-11-18 23:08:00,937 INFO     ___FILE_ONLY___ ═
2024-11-18 23:08:00,938 INFO     ___FILE_ONLY___ ═
2024-11-18 23:08:00,938 INFO     ___FILE_ONLY___ ═
2024-11-18 23:08:00,939 INFO     ___FILE_ONLY___ ═
2024-11-18 23:08:00,939 INFO     ___FILE_ONLY___ ═
2024-11-18 23:08:00,940 INFO     ___FILE_ONLY___ ═
2024-11-18 23:08:00,940 INFO     ___FILE_ONLY___ ═
2024-11-18 23:08:00,941 INFO     ___FILE_ONLY___ ═
2024-11-18 23:08:00,941 INFO     ___FILE_ONLY___ ═
2024-11-18 23:08:00,942 INFO     ___FILE_ONLY___ ═
2024-11-18 23:08:00,942 INFO     ___FILE_ONLY___ ═
2024-11-18 23:08:00,943 INFO     ___FILE_ONLY___ ═
2024-11-18 23:08:00,943 INFO     ___FILE_ONLY___ ═
2024-11-18 23:08:00,944 INFO     ___FILE_ONLY___ ═
2024-11-18 23:08:00,944 INFO     ___FILE_ONLY___ ═
2024-11-18 23:08:00,945 INFO     ___FILE_ONLY___ ═
2024-11-18 23:08:00,945 INFO     ___FILE_ONLY___ ═
2024-11-18 23:08:00,946 INFO     ___FILE_ONLY___ ═
2024-11-18 23:08:00,946 INFO     ___FILE_ONLY___ ═
2024-11-18 23:08:00,947 INFO     ___FILE_ONLY___ ═
2024-11-18 23:08:00,947 INFO     ___FILE_ONLY___ ═
2024-11-18 23:08:00,948 INFO     ___FILE_ONLY___ ═
2024-11-18 23:08:00,948 INFO     ___FILE_ONLY___ ═
2024-11-18 23:08:00,948 INFO     ___FILE_ONLY___ ═
2024-11-18 23:08:00,949 INFO     ___FILE_ONLY___ ═
2024-11-18 23:08:00,949 INFO     ___FILE_ONLY___ ═
2024-11-18 23:08:00,950 INFO     ___FILE_ONLY___ ═
2024-11-18 23:08:00,950 INFO     ___FILE_ONLY___ ═
2024-11-18 23:08:00,951 INFO     ___FILE_ONLY___ ═
2024-11-18 23:08:00,951 INFO     ___FILE_ONLY___ ═
2024-11-18 23:08:00,951 INFO     ___FILE_ONLY___ ═
2024-11-18 23:08:00,952 INFO     ___FILE_ONLY___ ═
2024-11-18 23:08:00,952 INFO     ___FILE_ONLY___ ═
2024-11-18 23:08:00,953 INFO     ___FILE_ONLY___ ═
2024-11-18 23:08:00,953 INFO     ___FILE_ONLY___ ═
2024-11-18 23:08:00,953 INFO     ___FILE_ONLY___ ═
2024-11-18 23:08:00,954 INFO     ___FILE_ONLY___ ═
2024-11-18 23:08:00,954 INFO     ___FILE_ONLY___ ═
2024-11-18 23:08:00,954 INFO     ___FILE_ONLY___ ═
2024-11-18 23:08:00,955 INFO     ___FILE_ONLY___ ═
2024-11-18 23:08:00,955 INFO     ___FILE_ONLY___ ═
2024-11-18 23:08:00,956 INFO     ___FILE_ONLY___ ═
2024-11-18 23:08:00,959 INFO     ___FILE_ONLY___ ═
2024-11-18 23:08:00,959 INFO     ___FILE_ONLY___ ═
2024-11-18 23:08:00,960 INFO     ___FILE_ONLY___ ═
2024-11-18 23:08:00,960 INFO     ___FILE_ONLY___ ═
2024-11-18 23:08:00,961 INFO     ___FILE_ONLY___ ═
2024-11-18 23:08:00,961 INFO     ___FILE_ONLY___ ═
2024-11-18 23:08:00,961 INFO     ___FILE_ONLY___ ═
2024-11-18 23:08:00,962 INFO     ___FILE_ONLY___ ═
2024-11-18 23:08:00,962 INFO     ___FILE_ONLY___ ═
2024-11-18 23:08:00,962 INFO     ___FILE_ONLY___ ╝

2024-11-18 23:08:00,973 INFO     ___FILE_ONLY___ ╔════════════════════════════════════════════════════════════╗

2024-11-18 23:08:00,973 INFO     ___FILE_ONLY___ ╠═ Downloading: Skaffold                                    ═╣

2024-11-18 23:08:00,973 INFO     ___FILE_ONLY___ ╚
2024-11-18 23:08:00,973 INFO     ___FILE_ONLY___ ════════════════════════════════════════════════════════════
2024-11-18 23:08:00,973 INFO     ___FILE_ONLY___ ╝

2024-11-18 23:08:00,981 INFO     ___FILE_ONLY___ ╔════════════════════════════════════════════════════════════╗

2024-11-18 23:08:00,981 INFO     ___FILE_ONLY___ ╠═ Downloading: Skaffold (Platform Specific)                ═╣

2024-11-18 23:08:00,981 INFO     ___FILE_ONLY___ ╚
2024-11-18 23:08:00,985 DEBUG    urllib3.connectionpool Starting new HTTPS connection (1): dl.google.com:443
2024-11-18 23:08:01,097 DEBUG    urllib3.connectionpool https://dl.google.com:443 "GET /dl/cloudsdk/channels/rapid/components/google-cloud-sdk-skaffold-darwin-arm-20240806142304.tar.gz HTTP/1.1" 200 24031362
2024-11-18 23:08:01,565 INFO     ___FILE_ONLY___ ═
2024-11-18 23:08:01,566 INFO     ___FILE_ONLY___ ═
2024-11-18 23:08:01,566 INFO     ___FILE_ONLY___ ═
2024-11-18 23:08:01,567 INFO     ___FILE_ONLY___ ═
2024-11-18 23:08:01,568 INFO     ___FILE_ONLY___ ═
2024-11-18 23:08:01,568 INFO     ___FILE_ONLY___ ═
2024-11-18 23:08:01,569 INFO     ___FILE_ONLY___ ═
2024-11-18 23:08:01,569 INFO     ___FILE_ONLY___ ═
2024-11-18 23:08:01,570 INFO     ___FILE_ONLY___ ═
2024-11-18 23:08:01,570 INFO     ___FILE_ONLY___ ═
2024-11-18 23:08:01,570 INFO     ___FILE_ONLY___ ═
2024-11-18 23:08:01,570 INFO     ___FILE_ONLY___ ═
2024-11-18 23:08:01,571 INFO     ___FILE_ONLY___ ═
2024-11-18 23:08:01,571 INFO     ___FILE_ONLY___ ═
2024-11-18 23:08:01,572 INFO     ___FILE_ONLY___ ═
2024-11-18 23:08:01,572 INFO     ___FILE_ONLY___ ═
2024-11-18 23:08:01,572 INFO     ___FILE_ONLY___ ═
2024-11-18 23:08:01,572 INFO     ___FILE_ONLY___ ═
2024-11-18 23:08:01,573 INFO     ___FILE_ONLY___ ═
2024-11-18 23:08:01,573 INFO     ___FILE_ONLY___ ═
2024-11-18 23:08:01,573 INFO     ___FILE_ONLY___ ═
2024-11-18 23:08:01,574 INFO     ___FILE_ONLY___ ═
2024-11-18 23:08:01,574 INFO     ___FILE_ONLY___ ═
2024-11-18 23:08:01,575 INFO     ___FILE_ONLY___ ═
2024-11-18 23:08:01,575 INFO     ___FILE_ONLY___ ═
2024-11-18 23:08:01,575 INFO     ___FILE_ONLY___ ═
2024-11-18 23:08:01,575 INFO     ___FILE_ONLY___ ═
2024-11-18 23:08:01,576 INFO     ___FILE_ONLY___ ═
2024-11-18 23:08:01,576 INFO     ___FILE_ONLY___ ═
2024-11-18 23:08:01,576 INFO     ___FILE_ONLY___ ═
2024-11-18 23:08:01,576 INFO     ___FILE_ONLY___ ═
2024-11-18 23:08:01,577 INFO     ___FILE_ONLY___ ═
2024-11-18 23:08:01,577 INFO     ___FILE_ONLY___ ═
2024-11-18 23:08:01,577 INFO     ___FILE_ONLY___ ═
2024-11-18 23:08:01,577 INFO     ___FILE_ONLY___ ═
2024-11-18 23:08:01,578 INFO     ___FILE_ONLY___ ═
2024-11-18 23:08:01,578 INFO     ___FILE_ONLY___ ═
2024-11-18 23:08:01,578 INFO     ___FILE_ONLY___ ═
2024-11-18 23:08:01,579 INFO     ___FILE_ONLY___ ═
2024-11-18 23:08:01,579 INFO     ___FILE_ONLY___ ═
2024-11-18 23:08:01,579 INFO     ___FILE_ONLY___ ═
2024-11-18 23:08:01,581 INFO     ___FILE_ONLY___ ═
2024-11-18 23:08:01,581 INFO     ___FILE_ONLY___ ═
2024-11-18 23:08:01,581 INFO     ___FILE_ONLY___ ═
2024-11-18 23:08:01,582 INFO     ___FILE_ONLY___ ═
2024-11-18 23:08:01,582 INFO     ___FILE_ONLY___ ═
2024-11-18 23:08:01,582 INFO     ___FILE_ONLY___ ═
2024-11-18 23:08:01,584 INFO     ___FILE_ONLY___ ═
2024-11-18 23:08:01,585 INFO     ___FILE_ONLY___ ═
2024-11-18 23:08:01,587 INFO     ___FILE_ONLY___ ═
2024-11-18 23:08:01,588 INFO     ___FILE_ONLY___ ═
2024-11-18 23:08:01,589 INFO     ___FILE_ONLY___ ═
2024-11-18 23:08:01,590 INFO     ___FILE_ONLY___ ═
2024-11-18 23:08:01,591 INFO     ___FILE_ONLY___ ═
2024-11-18 23:08:01,593 INFO     ___FILE_ONLY___ ═
2024-11-18 23:08:01,594 INFO     ___FILE_ONLY___ ═
2024-11-18 23:08:01,595 INFO     ___FILE_ONLY___ ═
2024-11-18 23:08:01,596 INFO     ___FILE_ONLY___ ═
2024-11-18 23:08:01,597 INFO     ___FILE_ONLY___ ═
2024-11-18 23:08:01,598 INFO     ___FILE_ONLY___ ═
2024-11-18 23:08:01,598 INFO     ___FILE_ONLY___ ╝

2024-11-18 23:08:01,626 INFO     ___FILE_ONLY___ ╔════════════════════════════════════════════════════════════╗

2024-11-18 23:08:01,627 INFO     ___FILE_ONLY___ ╠═ Downloading: gcloud Alpha Commands                       ═╣

2024-11-18 23:08:01,627 INFO     ___FILE_ONLY___ ╚
2024-11-18 23:08:01,677 DEBUG    urllib3.connectionpool Starting new HTTPS connection (1): dl.google.com:443
2024-11-18 23:08:01,781 DEBUG    urllib3.connectionpool https://dl.google.com:443 "GET /dl/cloudsdk/channels/rapid/components/google-cloud-sdk-alpha-20241108162203.tar.gz HTTP/1.1" 200 800
2024-11-18 23:08:01,782 INFO     ___FILE_ONLY___ ════════════════════════════════════════════════════════════
2024-11-18 23:08:01,782 INFO     ___FILE_ONLY___ ╝

2024-11-18 23:08:01,792 INFO     ___FILE_ONLY___ ╔════════════════════════════════════════════════════════════╗

2024-11-18 23:08:01,792 INFO     ___FILE_ONLY___ ╠═ Downloading: gcloud Beta Commands                        ═╣

2024-11-18 23:08:01,792 INFO     ___FILE_ONLY___ ╚
2024-11-18 23:08:01,796 DEBUG    urllib3.connectionpool Starting new HTTPS connection (1): dl.google.com:443
2024-11-18 23:08:01,887 DEBUG    urllib3.connectionpool https://dl.google.com:443 "GET /dl/cloudsdk/channels/rapid/components/google-cloud-sdk-beta-20241108162203.tar.gz HTTP/1.1" 200 797
2024-11-18 23:08:01,888 INFO     ___FILE_ONLY___ ════════════════════════════════════════════════════════════
2024-11-18 23:08:01,888 INFO     ___FILE_ONLY___ ╝

2024-11-18 23:08:01,907 INFO     ___FILE_ONLY___ ╔════════════════════════════════════════════════════════════╗

2024-11-18 23:08:01,907 INFO     ___FILE_ONLY___ ╠═ Downloading: gcloud cli dependencies (Platform Specific) ═╣

2024-11-18 23:08:01,907 INFO     ___FILE_ONLY___ ╚
2024-11-18 23:08:01,918 DEBUG    urllib3.connectionpool Starting new HTTPS connection (1): dl.google.com:443
2024-11-18 23:08:02,011 DEBUG    urllib3.connectionpool https://dl.google.com:443 "GET /dl/cloudsdk/channels/rapid/components/google-cloud-sdk-gcloud-deps-darwin-x86_64-20210416153011.tar.gz HTTP/1.1" 200 105
2024-11-18 23:08:02,011 INFO     ___FILE_ONLY___ ════════════════════════════════════════════════════════════
2024-11-18 23:08:02,011 INFO     ___FILE_ONLY___ ╝

2024-11-18 23:08:02,020 INFO     ___FILE_ONLY___ ╔════════════════════════════════════════════════════════════╗

2024-11-18 23:08:02,020 INFO     ___FILE_ONLY___ ╠═ Downloading: gke-gcloud-auth-plugin                      ═╣

2024-11-18 23:08:02,020 INFO     ___FILE_ONLY___ ╚
2024-11-18 23:08:02,020 INFO     ___FILE_ONLY___ ════════════════════════════════════════════════════════════
2024-11-18 23:08:02,020 INFO     ___FILE_ONLY___ ╝

2024-11-18 23:08:02,028 INFO     ___FILE_ONLY___ ╔════════════════════════════════════════════════════════════╗

2024-11-18 23:08:02,028 INFO     ___FILE_ONLY___ ╠═ Downloading: gke-gcloud-auth-plugin (Platform Specific)  ═╣

2024-11-18 23:08:02,028 INFO     ___FILE_ONLY___ ╚
2024-11-18 23:08:02,031 DEBUG    urllib3.connectionpool Starting new HTTPS connection (1): dl.google.com:443
2024-11-18 23:08:02,141 DEBUG    urllib3.connectionpool https://dl.google.com:443 "GET /dl/cloudsdk/channels/rapid/components/google-cloud-sdk-gke-gcloud-auth-plugin-darwin-arm-20240628141907.tar.gz HTTP/1.1" 200 4148014
2024-11-18 23:08:02,368 INFO     ___FILE_ONLY___ ═
2024-11-18 23:08:02,368 INFO     ___FILE_ONLY___ ═
2024-11-18 23:08:02,368 INFO     ___FILE_ONLY___ ═
2024-11-18 23:08:02,368 INFO     ___FILE_ONLY___ ═
2024-11-18 23:08:02,368 INFO     ___FILE_ONLY___ ═
2024-11-18 23:08:02,368 INFO     ___FILE_ONLY___ ═
2024-11-18 23:08:02,368 INFO     ___FILE_ONLY___ ═
2024-11-18 23:08:02,369 INFO     ___FILE_ONLY___ ═
2024-11-18 23:08:02,369 INFO     ___FILE_ONLY___ ═
2024-11-18 23:08:02,369 INFO     ___FILE_ONLY___ ═
2024-11-18 23:08:02,369 INFO     ___FILE_ONLY___ ═
2024-11-18 23:08:02,369 INFO     ___FILE_ONLY___ ═
2024-11-18 23:08:02,369 INFO     ___FILE_ONLY___ ═
2024-11-18 23:08:02,369 INFO     ___FILE_ONLY___ ═
2024-11-18 23:08:02,369 INFO     ___FILE_ONLY___ ═
2024-11-18 23:08:02,369 INFO     ___FILE_ONLY___ ═
2024-11-18 23:08:02,369 INFO     ___FILE_ONLY___ ═
2024-11-18 23:08:02,370 INFO     ___FILE_ONLY___ ═
2024-11-18 23:08:02,370 INFO     ___FILE_ONLY___ ═
2024-11-18 23:08:02,370 INFO     ___FILE_ONLY___ ═
2024-11-18 23:08:02,370 INFO     ___FILE_ONLY___ ═
2024-11-18 23:08:02,370 INFO     ___FILE_ONLY___ ═
2024-11-18 23:08:02,370 INFO     ___FILE_ONLY___ ═
2024-11-18 23:08:02,370 INFO     ___FILE_ONLY___ ═
2024-11-18 23:08:02,371 INFO     ___FILE_ONLY___ ═
2024-11-18 23:08:02,371 INFO     ___FILE_ONLY___ ═
2024-11-18 23:08:02,371 INFO     ___FILE_ONLY___ ═
2024-11-18 23:08:02,371 INFO     ___FILE_ONLY___ ═
2024-11-18 23:08:02,371 INFO     ___FILE_ONLY___ ═
2024-11-18 23:08:02,372 INFO     ___FILE_ONLY___ ═
2024-11-18 23:08:02,372 INFO     ___FILE_ONLY___ ═
2024-11-18 23:08:02,372 INFO     ___FILE_ONLY___ ═
2024-11-18 23:08:02,372 INFO     ___FILE_ONLY___ ═
2024-11-18 23:08:02,372 INFO     ___FILE_ONLY___ ═
2024-11-18 23:08:02,372 INFO     ___FILE_ONLY___ ═
2024-11-18 23:08:02,372 INFO     ___FILE_ONLY___ ═
2024-11-18 23:08:02,372 INFO     ___FILE_ONLY___ ═
2024-11-18 23:08:02,372 INFO     ___FILE_ONLY___ ═
2024-11-18 23:08:02,372 INFO     ___FILE_ONLY___ ═
2024-11-18 23:08:02,372 INFO     ___FILE_ONLY___ ═
2024-11-18 23:08:02,372 INFO     ___FILE_ONLY___ ═
2024-11-18 23:08:02,372 INFO     ___FILE_ONLY___ ═
2024-11-18 23:08:02,373 INFO     ___FILE_ONLY___ ═
2024-11-18 23:08:02,373 INFO     ___FILE_ONLY___ ═
2024-11-18 23:08:02,373 INFO     ___FILE_ONLY___ ═
2024-11-18 23:08:02,373 INFO     ___FILE_ONLY___ ═
2024-11-18 23:08:02,373 INFO     ___FILE_ONLY___ ═
2024-11-18 23:08:02,373 INFO     ___FILE_ONLY___ ═
2024-11-18 23:08:02,373 INFO     ___FILE_ONLY___ ═
2024-11-18 23:08:02,373 INFO     ___FILE_ONLY___ ═
2024-11-18 23:08:02,373 INFO     ___FILE_ONLY___ ═
2024-11-18 23:08:02,373 INFO     ___FILE_ONLY___ ═
2024-11-18 23:08:02,373 INFO     ___FILE_ONLY___ ═
2024-11-18 23:08:02,373 INFO     ___FILE_ONLY___ ═
2024-11-18 23:08:02,373 INFO     ___FILE_ONLY___ ═
2024-11-18 23:08:02,373 INFO     ___FILE_ONLY___ ═
2024-11-18 23:08:02,373 INFO     ___FILE_ONLY___ ═
2024-11-18 23:08:02,373 INFO     ___FILE_ONLY___ ═
2024-11-18 23:08:02,373 INFO     ___FILE_ONLY___ ═
2024-11-18 23:08:02,373 INFO     ___FILE_ONLY___ ═
2024-11-18 23:08:02,373 INFO     ___FILE_ONLY___ ╝

2024-11-18 23:08:02,385 INFO     ___FILE_ONLY___ ╔════════════════════════════════════════════════════════════╗

2024-11-18 23:08:02,386 INFO     ___FILE_ONLY___ ╠═ Downloading: kubectl                                     ═╣

2024-11-18 23:08:02,386 INFO     ___FILE_ONLY___ ╚
2024-11-18 23:08:02,397 DEBUG    urllib3.connectionpool Starting new HTTPS connection (1): dl.google.com:443
2024-11-18 23:08:02,491 DEBUG    urllib3.connectionpool https://dl.google.com:443 "GET /dl/cloudsdk/channels/rapid/components/google-cloud-sdk-kubectl-20241004144944.tar.gz HTTP/1.1" 200 36206
2024-11-18 23:08:02,521 INFO     ___FILE_ONLY___ ═══════════════════════════
2024-11-18 23:08:02,522 INFO     ___FILE_ONLY___ ═══════════════════════════
2024-11-18 23:08:02,522 INFO     ___FILE_ONLY___ ══════
2024-11-18 23:08:02,522 INFO     ___FILE_ONLY___ ╝

2024-11-18 23:08:02,533 INFO     ___FILE_ONLY___ ╔════════════════════════════════════════════════════════════╗

2024-11-18 23:08:02,534 INFO     ___FILE_ONLY___ ╠═ Downloading: kubectl (Platform Specific)                 ═╣

2024-11-18 23:08:02,534 INFO     ___FILE_ONLY___ ╚
2024-11-18 23:08:02,537 DEBUG    urllib3.connectionpool Starting new HTTPS connection (1): dl.google.com:443
2024-11-18 23:08:02,629 DEBUG    urllib3.connectionpool https://dl.google.com:443 "GET /dl/cloudsdk/channels/rapid/components/google-cloud-sdk-kubectl-darwin-arm-20241108162203.tar.gz HTTP/1.1" 200 90277960
2024-11-18 23:08:03,985 INFO     ___FILE_ONLY___ ═
2024-11-18 23:08:03,986 INFO     ___FILE_ONLY___ ═
2024-11-18 23:08:03,987 INFO     ___FILE_ONLY___ ═
2024-11-18 23:08:03,988 INFO     ___FILE_ONLY___ ═
2024-11-18 23:08:03,990 INFO     ___FILE_ONLY___ ═
2024-11-18 23:08:03,993 INFO     ___FILE_ONLY___ ═
2024-11-18 23:08:03,994 INFO     ___FILE_ONLY___ ═
2024-11-18 23:08:03,994 INFO     ___FILE_ONLY___ ═
2024-11-18 23:08:03,995 INFO     ___FILE_ONLY___ ═
2024-11-18 23:08:03,997 INFO     ___FILE_ONLY___ ═
2024-11-18 23:08:03,998 INFO     ___FILE_ONLY___ ═
2024-11-18 23:08:03,999 INFO     ___FILE_ONLY___ ═
2024-11-18 23:08:04,000 INFO     ___FILE_ONLY___ ═
2024-11-18 23:08:04,001 INFO     ___FILE_ONLY___ ═
2024-11-18 23:08:04,002 INFO     ___FILE_ONLY___ ═
2024-11-18 23:08:04,003 INFO     ___FILE_ONLY___ ═
2024-11-18 23:08:04,006 INFO     ___FILE_ONLY___ ═
2024-11-18 23:08:04,007 INFO     ___FILE_ONLY___ ═
2024-11-18 23:08:04,007 INFO     ___FILE_ONLY___ ═
2024-11-18 23:08:04,008 INFO     ___FILE_ONLY___ ═
2024-11-18 23:08:04,009 INFO     ___FILE_ONLY___ ═
2024-11-18 23:08:04,010 INFO     ___FILE_ONLY___ ═
2024-11-18 23:08:04,012 INFO     ___FILE_ONLY___ ═
2024-11-18 23:08:04,013 INFO     ___FILE_ONLY___ ═
2024-11-18 23:08:04,013 INFO     ___FILE_ONLY___ ═
2024-11-18 23:08:04,014 INFO     ___FILE_ONLY___ ═
2024-11-18 23:08:04,015 INFO     ___FILE_ONLY___ ═
2024-11-18 23:08:04,016 INFO     ___FILE_ONLY___ ═
2024-11-18 23:08:04,016 INFO     ___FILE_ONLY___ ═
2024-11-18 23:08:04,018 INFO     ___FILE_ONLY___ ═
2024-11-18 23:08:04,019 INFO     ___FILE_ONLY___ ═
2024-11-18 23:08:04,021 INFO     ___FILE_ONLY___ ═
2024-11-18 23:08:04,022 INFO     ___FILE_ONLY___ ═
2024-11-18 23:08:04,023 INFO     ___FILE_ONLY___ ═
2024-11-18 23:08:04,024 INFO     ___FILE_ONLY___ ═
2024-11-18 23:08:04,025 INFO     ___FILE_ONLY___ ═
2024-11-18 23:08:04,027 INFO     ___FILE_ONLY___ ═
2024-11-18 23:08:04,028 INFO     ___FILE_ONLY___ ═
2024-11-18 23:08:04,029 INFO     ___FILE_ONLY___ ═
2024-11-18 23:08:04,030 INFO     ___FILE_ONLY___ ═
2024-11-18 23:08:04,031 INFO     ___FILE_ONLY___ ═
2024-11-18 23:08:04,032 INFO     ___FILE_ONLY___ ═
2024-11-18 23:08:04,034 INFO     ___FILE_ONLY___ ═
2024-11-18 23:08:04,035 INFO     ___FILE_ONLY___ ═
2024-11-18 23:08:04,036 INFO     ___FILE_ONLY___ ═
2024-11-18 23:08:04,037 INFO     ___FILE_ONLY___ ═
2024-11-18 23:08:04,037 INFO     ___FILE_ONLY___ ═
2024-11-18 23:08:04,038 INFO     ___FILE_ONLY___ ═
2024-11-18 23:08:04,039 INFO     ___FILE_ONLY___ ═
2024-11-18 23:08:04,040 INFO     ___FILE_ONLY___ ═
2024-11-18 23:08:04,041 INFO     ___FILE_ONLY___ ═
2024-11-18 23:08:04,042 INFO     ___FILE_ONLY___ ═
2024-11-18 23:08:04,043 INFO     ___FILE_ONLY___ ═
2024-11-18 23:08:04,044 INFO     ___FILE_ONLY___ ═
2024-11-18 23:08:04,045 INFO     ___FILE_ONLY___ ═
2024-11-18 23:08:04,047 INFO     ___FILE_ONLY___ ═
2024-11-18 23:08:04,048 INFO     ___FILE_ONLY___ ═
2024-11-18 23:08:04,049 INFO     ___FILE_ONLY___ ═
2024-11-18 23:08:04,049 INFO     ___FILE_ONLY___ ═
2024-11-18 23:08:04,050 INFO     ___FILE_ONLY___ ═
2024-11-18 23:08:04,050 INFO     ___FILE_ONLY___ ╝

2024-11-18 23:08:04,064 INFO     ___FILE_ONLY___ ╔════════════════════════════════════════════════════════════╗

2024-11-18 23:08:04,064 INFO     ___FILE_ONLY___ ╠═ Installing: Google Cloud CLI Core Libraries (Platform... ═╣

2024-11-18 23:08:04,064 INFO     ___FILE_ONLY___ ╚
2024-11-18 23:08:04,065 INFO     ___FILE_ONLY___ ══════════════════════════════
2024-11-18 23:08:04,065 INFO     ___FILE_ONLY___ ══════════════════════════════
2024-11-18 23:08:04,065 INFO     ___FILE_ONLY___ ╝

2024-11-18 23:08:04,076 INFO     ___FILE_ONLY___ ╔════════════════════════════════════════════════════════════╗

2024-11-18 23:08:04,076 INFO     ___FILE_ONLY___ ╠═ Installing: Minikube                                     ═╣

2024-11-18 23:08:04,076 INFO     ___FILE_ONLY___ ╚
2024-11-18 23:08:04,078 INFO     ___FILE_ONLY___ ════════════════════════════════════════════════════════════
2024-11-18 23:08:04,078 INFO     ___FILE_ONLY___ ╝

2024-11-18 23:08:04,085 INFO     ___FILE_ONLY___ ╔════════════════════════════════════════════════════════════╗

2024-11-18 23:08:04,085 INFO     ___FILE_ONLY___ ╠═ Installing: Minikube (Platform Specific)                 ═╣

2024-11-18 23:08:04,085 INFO     ___FILE_ONLY___ ╚
2024-11-18 23:08:04,674 INFO     ___FILE_ONLY___ ════════════════════════════════════════════════════════════
2024-11-18 23:08:04,676 INFO     ___FILE_ONLY___ ╝

2024-11-18 23:08:04,686 INFO     ___FILE_ONLY___ ╔════════════════════════════════════════════════════════════╗

2024-11-18 23:08:04,687 INFO     ___FILE_ONLY___ ╠═ Installing: Skaffold                                     ═╣

2024-11-18 23:08:04,687 INFO     ___FILE_ONLY___ ╚
2024-11-18 23:08:04,688 INFO     ___FILE_ONLY___ ════════════════════════════════════════════════════════════
2024-11-18 23:08:04,688 INFO     ___FILE_ONLY___ ╝

2024-11-18 23:08:04,694 INFO     ___FILE_ONLY___ ╔════════════════════════════════════════════════════════════╗

2024-11-18 23:08:04,695 INFO     ___FILE_ONLY___ ╠═ Installing: Skaffold (Platform Specific)                 ═╣

2024-11-18 23:08:04,695 INFO     ___FILE_ONLY___ ╚
2024-11-18 23:08:05,209 INFO     ___FILE_ONLY___ ════════════════════════════════════════════════════════════
2024-11-18 23:08:05,209 INFO     ___FILE_ONLY___ ╝

2024-11-18 23:08:05,219 INFO     ___FILE_ONLY___ ╔════════════════════════════════════════════════════════════╗

2024-11-18 23:08:05,219 INFO     ___FILE_ONLY___ ╠═ Installing: gcloud Alpha Commands                        ═╣

2024-11-18 23:08:05,219 INFO     ___FILE_ONLY___ ╚
2024-11-18 23:08:05,220 INFO     ___FILE_ONLY___ ════════════════════════════════════════════════════════════
2024-11-18 23:08:05,220 INFO     ___FILE_ONLY___ ╝

2024-11-18 23:08:05,230 INFO     ___FILE_ONLY___ ╔════════════════════════════════════════════════════════════╗

2024-11-18 23:08:05,231 INFO     ___FILE_ONLY___ ╠═ Installing: gcloud Beta Commands                         ═╣

2024-11-18 23:08:05,231 INFO     ___FILE_ONLY___ ╚
2024-11-18 23:08:05,231 INFO     ___FILE_ONLY___ ════════════════════════════════════════════════════════════
2024-11-18 23:08:05,231 INFO     ___FILE_ONLY___ ╝

2024-11-18 23:08:05,239 INFO     ___FILE_ONLY___ ╔════════════════════════════════════════════════════════════╗

2024-11-18 23:08:05,239 INFO     ___FILE_ONLY___ ╠═ Installing: gcloud cli dependencies (Platform Specific)  ═╣

2024-11-18 23:08:05,239 INFO     ___FILE_ONLY___ ╚
2024-11-18 23:08:05,239 INFO     ___FILE_ONLY___ ════════════════════════════════════════════════════════════
2024-11-18 23:08:05,239 INFO     ___FILE_ONLY___ ╝

2024-11-18 23:08:05,247 INFO     ___FILE_ONLY___ ╔════════════════════════════════════════════════════════════╗

2024-11-18 23:08:05,247 INFO     ___FILE_ONLY___ ╠═ Installing: gke-gcloud-auth-plugin                       ═╣

2024-11-18 23:08:05,247 INFO     ___FILE_ONLY___ ╚
2024-11-18 23:08:05,249 INFO     ___FILE_ONLY___ ════════════════════════════════════════════════════════════
2024-11-18 23:08:05,249 INFO     ___FILE_ONLY___ ╝

2024-11-18 23:08:05,255 INFO     ___FILE_ONLY___ ╔════════════════════════════════════════════════════════════╗

2024-11-18 23:08:05,255 INFO     ___FILE_ONLY___ ╠═ Installing: gke-gcloud-auth-plugin (Platform Specific)   ═╣

2024-11-18 23:08:05,255 INFO     ___FILE_ONLY___ ╚
2024-11-18 23:08:05,339 INFO     ___FILE_ONLY___ ════════════════════════════════════════════════════════════
2024-11-18 23:08:05,339 INFO     ___FILE_ONLY___ ╝

2024-11-18 23:08:05,348 INFO     ___FILE_ONLY___ ╔════════════════════════════════════════════════════════════╗

2024-11-18 23:08:05,349 INFO     ___FILE_ONLY___ ╠═ Installing: kubectl                                      ═╣

2024-11-18 23:08:05,349 INFO     ___FILE_ONLY___ ╚
2024-11-18 23:08:05,351 INFO     ___FILE_ONLY___ ════════════════════════════════════════════════════════════
2024-11-18 23:08:05,351 INFO     ___FILE_ONLY___ ╝

2024-11-18 23:08:05,360 INFO     ___FILE_ONLY___ ╔════════════════════════════════════════════════════════════╗

2024-11-18 23:08:05,360 INFO     ___FILE_ONLY___ ╠═ Installing: kubectl (Platform Specific)                  ═╣

2024-11-18 23:08:05,360 INFO     ___FILE_ONLY___ ╚
2024-11-18 23:08:06,393 INFO     ___FILE_ONLY___ ══════════
2024-11-18 23:08:06,558 INFO     ___FILE_ONLY___ ══════════
2024-11-18 23:08:06,725 INFO     ___FILE_ONLY___ ══════════
2024-11-18 23:08:06,900 INFO     ___FILE_ONLY___ ══════════
2024-11-18 23:08:07,078 INFO     ___FILE_ONLY___ ══════════
2024-11-18 23:08:07,256 INFO     ___FILE_ONLY___ ══════════
2024-11-18 23:08:07,256 INFO     ___FILE_ONLY___ ╝

2024-11-18 23:08:07,261 DEBUG    root            Updating notification cache...
2024-11-18 23:08:07,261 INFO     ___FILE_ONLY___ 

2024-11-18 23:08:07,269 INFO     ___FILE_ONLY___ Performing post processing steps...
2024-11-18 23:08:07,270 DEBUG    root            Executing command: ['/Users/bryanwills/Library/Application Support/cloud-code/installer/google-cloud-sdk/bin/gcloud', 'components', 'post-process', '--no-compile-python']
2024-11-18 23:08:07,813 DEBUG    ___FILE_ONLY___ 
2024-11-18 23:08:07,813 DEBUG    ___FILE_ONLY___ 
2024-11-18 23:08:08,035 INFO     ___FILE_ONLY___ 
Update done!


2024-11-18 23:08:08,040 WARNING  root              There are other instances of Google Cloud tools on your system PATH.
  Please remove the following to avoid confusion or accidental invocation:

  /opt/homebrew/Cellar/kubernetes-cli/1.31.2/bin/kubectl
/Applications/Docker.app/Contents/Resources/bin/kubectl
/opt/homebrew/Cellar/minikube/1.34.0/bin/minikube

  
2024-11-18 23:08:08,042 DEBUG    root            Chosen display Format:none
2024-11-18 23:08:08,043 INFO     root            Display format: "none"
2024-11-18 23:08:08,044 DEBUG    root            Executing command: ['curl', '--silent', '-O', 'https://dl.google.com/dl/cloudsdk/channels/rapid/python-3.11.6-macos11.tar.gz']
2024-11-18 23:08:08,803 DEBUG    root            Executing command: ['tar', '-xf', 'python-3.11.6-macos11.tar.gz']
2024-11-18 23:08:08,888 DEBUG    root            Executing command: ['sudo', 'installer', '-target', '/', '-pkg', './python-3.11.6-macos11.pkg']
