2024-11-18 23:10:08,129 DEBUG    root            Metrics collector initialized...
2024-11-18 23:10:08,130 DEBUG    root            Loaded Command Group: ['gcloud', 'components']
2024-11-18 23:10:08,132 DEBUG    root            Loaded Command Group: ['gcloud', 'components', 'update']
2024-11-18 23:10:08,132 DEBUG    root            Running [gcloud.components.update] with arguments: [--no-compile-python: "False", --quiet: "True", COMPONENT-IDS:6: "['alpha', 'beta', 'gke-gcloud-auth-plugin', 'kubectl', 'skaffold', 'minikube']"]
2024-11-18 23:10:08,132 INFO     ___FILE_ONLY___ Beginning update. This process may take several minutes.

2024-11-18 23:10:08,149 DEBUG    urllib3.connectionpool Starting new HTTPS connection (1): dl.google.com:443
2024-11-18 23:10:08,242 DEBUG    urllib3.connectionpool https://dl.google.com:443 "GET /dl/cloudsdk/channels/rapid/components-2.json HTTP/1.1" 200 226997
2024-11-18 23:10:08,337 INFO     ___FILE_ONLY___

2024-11-18 23:10:08,337 INFO     ___FILE_ONLY___
Your current Google Cloud CLI version is: 501.0.0

2024-11-18 23:10:08,338 INFO     ___FILE_ONLY___ Installing components from version: 501.0.0

2024-11-18 23:10:08,338 INFO     ___FILE_ONLY___

2024-11-18 23:10:08,338 DEBUG    root            Chosen display Format:table[box,title="These components will be removed."](details.display_name:label=Name:align=left,version.version_string:label=Version:align=right,data.size.size(zero="",min=1048576):label=Size:align=right)
2024-11-18 23:10:08,338 DEBUG    root            Chosen display Format:table[box,title="These components will be updated."](details.display_name:label=Name:align=left,version.version_string:label=Version:align=right,data.size.size(zero="",min=1048576):label=Size:align=right)
2024-11-18 23:10:08,338 DEBUG    root            Chosen display Format:table[box,title="These components will be installed."](details.display_name:label=Name:align=left,version.version_string:label=Version:align=right,data.size.size(zero="",min=1048576):label=Size:align=right)
2024-11-18 23:10:08,366 INFO     ___FILE_ONLY___ ┌─────────────────────────────────────────────────────────────────────────────┐
2024-11-18 23:10:08,366 INFO     ___FILE_ONLY___

2024-11-18 23:10:08,366 INFO     ___FILE_ONLY___ │                     These components will be installed.                     │
2024-11-18 23:10:08,366 INFO     ___FILE_ONLY___

2024-11-18 23:10:08,366 INFO     ___FILE_ONLY___ ├─────────────────────────────────────────────────────┬────────────┬──────────┤
2024-11-18 23:10:08,366 INFO     ___FILE_ONLY___

2024-11-18 23:10:08,366 INFO     ___FILE_ONLY___ │                         Name                        │  Version   │   Size   │
2024-11-18 23:10:08,366 INFO     ___FILE_ONLY___

2024-11-18 23:10:08,366 INFO     ___FILE_ONLY___ ├─────────────────────────────────────────────────────┼────────────┼──────────┤
2024-11-18 23:10:08,366 INFO     ___FILE_ONLY___

2024-11-18 23:10:08,366 INFO     ___FILE_ONLY___ │
2024-11-18 23:10:08,366 INFO     ___FILE_ONLY___ Google Cloud CLI Core Libraries (Platform Specific)
2024-11-18 23:10:08,366 INFO     ___FILE_ONLY___
2024-11-18 23:10:08,366 INFO     ___FILE_ONLY___ │
2024-11-18 23:10:08,367 INFO     ___FILE_ONLY___ 2024.08.30
2024-11-18 23:10:08,367 INFO     ___FILE_ONLY___
2024-11-18 23:10:08,367 INFO     ___FILE_ONLY___ │
2024-11-18 23:10:08,367 INFO     ___FILE_ONLY___  < 1 MiB
2024-11-18 23:10:08,367 INFO     ___FILE_ONLY___
2024-11-18 23:10:08,367 INFO     ___FILE_ONLY___ │
2024-11-18 23:10:08,367 INFO     ___FILE_ONLY___

2024-11-18 23:10:08,367 INFO     ___FILE_ONLY___ │
2024-11-18 23:10:08,367 INFO     ___FILE_ONLY___ Minikube (Platform Specific)
2024-11-18 23:10:08,367 INFO     ___FILE_ONLY___
2024-11-18 23:10:08,367 INFO     ___FILE_ONLY___ │
2024-11-18 23:10:08,367 INFO     ___FILE_ONLY___     1.34.0
2024-11-18 23:10:08,367 INFO     ___FILE_ONLY___
2024-11-18 23:10:08,367 INFO     ___FILE_ONLY___ │
2024-11-18 23:10:08,367 INFO     ___FILE_ONLY___ 37.2 MiB
2024-11-18 23:10:08,367 INFO     ___FILE_ONLY___
2024-11-18 23:10:08,367 INFO     ___FILE_ONLY___ │
2024-11-18 23:10:08,367 INFO     ___FILE_ONLY___

2024-11-18 23:10:08,367 INFO     ___FILE_ONLY___ │
2024-11-18 23:10:08,367 INFO     ___FILE_ONLY___ Skaffold (Platform Specific)
2024-11-18 23:10:08,367 INFO     ___FILE_ONLY___
2024-11-18 23:10:08,367 INFO     ___FILE_ONLY___ │
2024-11-18 23:10:08,367 INFO     ___FILE_ONLY___     2.13.1
2024-11-18 23:10:08,367 INFO     ___FILE_ONLY___
2024-11-18 23:10:08,367 INFO     ___FILE_ONLY___ │
2024-11-18 23:10:08,367 INFO     ___FILE_ONLY___ 22.9 MiB
2024-11-18 23:10:08,367 INFO     ___FILE_ONLY___
2024-11-18 23:10:08,367 INFO     ___FILE_ONLY___ │
2024-11-18 23:10:08,367 INFO     ___FILE_ONLY___

2024-11-18 23:10:08,367 INFO     ___FILE_ONLY___ │
2024-11-18 23:10:08,367 INFO     ___FILE_ONLY___ gcloud Alpha Commands
2024-11-18 23:10:08,367 INFO     ___FILE_ONLY___
2024-11-18 23:10:08,367 INFO     ___FILE_ONLY___ │
2024-11-18 23:10:08,367 INFO     ___FILE_ONLY___ 2024.11.08
2024-11-18 23:10:08,367 INFO     ___FILE_ONLY___
2024-11-18 23:10:08,367 INFO     ___FILE_ONLY___ │
2024-11-18 23:10:08,367 INFO     ___FILE_ONLY___  < 1 MiB
2024-11-18 23:10:08,367 INFO     ___FILE_ONLY___
2024-11-18 23:10:08,367 INFO     ___FILE_ONLY___ │
2024-11-18 23:10:08,367 INFO     ___FILE_ONLY___

2024-11-18 23:10:08,367 INFO     ___FILE_ONLY___ │
2024-11-18 23:10:08,367 INFO     ___FILE_ONLY___ gcloud Beta Commands
2024-11-18 23:10:08,367 INFO     ___FILE_ONLY___
2024-11-18 23:10:08,367 INFO     ___FILE_ONLY___ │
2024-11-18 23:10:08,367 INFO     ___FILE_ONLY___ 2024.11.08
2024-11-18 23:10:08,367 INFO     ___FILE_ONLY___
2024-11-18 23:10:08,367 INFO     ___FILE_ONLY___ │
2024-11-18 23:10:08,367 INFO     ___FILE_ONLY___  < 1 MiB
2024-11-18 23:10:08,367 INFO     ___FILE_ONLY___
2024-11-18 23:10:08,367 INFO     ___FILE_ONLY___ │
2024-11-18 23:10:08,367 INFO     ___FILE_ONLY___

2024-11-18 23:10:08,367 INFO     ___FILE_ONLY___ │
2024-11-18 23:10:08,367 INFO     ___FILE_ONLY___ gcloud cli dependencies (Platform Specific)
2024-11-18 23:10:08,368 INFO     ___FILE_ONLY___
2024-11-18 23:10:08,368 INFO     ___FILE_ONLY___ │
2024-11-18 23:10:08,368 INFO     ___FILE_ONLY___ 2021.04.16
2024-11-18 23:10:08,368 INFO     ___FILE_ONLY___
2024-11-18 23:10:08,368 INFO     ___FILE_ONLY___ │
2024-11-18 23:10:08,368 INFO     ___FILE_ONLY___  < 1 MiB
2024-11-18 23:10:08,368 INFO     ___FILE_ONLY___
2024-11-18 23:10:08,368 INFO     ___FILE_ONLY___ │
2024-11-18 23:10:08,368 INFO     ___FILE_ONLY___

2024-11-18 23:10:08,368 INFO     ___FILE_ONLY___ │
2024-11-18 23:10:08,368 INFO     ___FILE_ONLY___ gke-gcloud-auth-plugin (Platform Specific)
2024-11-18 23:10:08,368 INFO     ___FILE_ONLY___
2024-11-18 23:10:08,368 INFO     ___FILE_ONLY___ │
2024-11-18 23:10:08,368 INFO     ___FILE_ONLY___      0.5.9
2024-11-18 23:10:08,368 INFO     ___FILE_ONLY___
2024-11-18 23:10:08,368 INFO     ___FILE_ONLY___ │
2024-11-18 23:10:08,368 INFO     ___FILE_ONLY___  4.0 MiB
2024-11-18 23:10:08,368 INFO     ___FILE_ONLY___
2024-11-18 23:10:08,368 INFO     ___FILE_ONLY___ │
2024-11-18 23:10:08,368 INFO     ___FILE_ONLY___

2024-11-18 23:10:08,368 INFO     ___FILE_ONLY___ │
2024-11-18 23:10:08,368 INFO     ___FILE_ONLY___ kubectl
2024-11-18 23:10:08,368 INFO     ___FILE_ONLY___
2024-11-18 23:10:08,368 INFO     ___FILE_ONLY___ │
2024-11-18 23:10:08,368 INFO     ___FILE_ONLY___     1.30.5
2024-11-18 23:10:08,368 INFO     ___FILE_ONLY___
2024-11-18 23:10:08,368 INFO     ___FILE_ONLY___ │
2024-11-18 23:10:08,368 INFO     ___FILE_ONLY___  < 1 MiB
2024-11-18 23:10:08,368 INFO     ___FILE_ONLY___
2024-11-18 23:10:08,368 INFO     ___FILE_ONLY___ │
2024-11-18 23:10:08,368 INFO     ___FILE_ONLY___

2024-11-18 23:10:08,368 INFO     ___FILE_ONLY___ │
2024-11-18 23:10:08,368 INFO     ___FILE_ONLY___ kubectl (Platform Specific)
2024-11-18 23:10:08,368 INFO     ___FILE_ONLY___
2024-11-18 23:10:08,368 INFO     ___FILE_ONLY___ │
2024-11-18 23:10:08,368 INFO     ___FILE_ONLY___     1.30.6
2024-11-18 23:10:08,368 INFO     ___FILE_ONLY___
2024-11-18 23:10:08,368 INFO     ___FILE_ONLY___ │
2024-11-18 23:10:08,368 INFO     ___FILE_ONLY___ 86.1 MiB
2024-11-18 23:10:08,368 INFO     ___FILE_ONLY___
2024-11-18 23:10:08,368 INFO     ___FILE_ONLY___ │
2024-11-18 23:10:08,368 INFO     ___FILE_ONLY___

2024-11-18 23:10:08,368 INFO     ___FILE_ONLY___ └─────────────────────────────────────────────────────┴────────────┴──────────┘
2024-11-18 23:10:08,368 INFO     ___FILE_ONLY___

2024-11-18 23:10:08,368 INFO     ___FILE_ONLY___

2024-11-18 23:10:08,371 DEBUG    urllib3.connectionpool Starting new HTTPS connection (1): dl.google.com:443
2024-11-18 23:10:08,462 DEBUG    urllib3.connectionpool https://dl.google.com:443 "GET /dl/cloudsdk/channels/rapid/RELEASE_NOTES HTTP/1.1" 200 1311270
2024-11-18 23:10:08,640 INFO     ___FILE_ONLY___ For the latest full release notes, please visit:
  https://cloud.google.com/sdk/release_notes


2024-11-18 23:10:08,640 INFO     ___FILE_ONLY___ Performing in place update...


2024-11-18 23:10:08,658 INFO     ___FILE_ONLY___ ╔════════════════════════════════════════════════════════════╗

2024-11-18 23:10:08,658 INFO     ___FILE_ONLY___ ╠═ Downloading: Google Cloud CLI Core Libraries (Platfor... ═╣

2024-11-18 23:10:08,658 INFO     ___FILE_ONLY___ ╚
2024-11-18 23:10:08,666 DEBUG    urllib3.connectionpool Starting new HTTPS connection (1): dl.google.com:443
2024-11-18 23:10:08,761 DEBUG    urllib3.connectionpool https://dl.google.com:443 "GET /dl/cloudsdk/channels/rapid/components/google-cloud-sdk-core-nix-20240830134514.tar.gz HTTP/1.1" 200 2306
2024-11-18 23:10:08,762 INFO     ___FILE_ONLY___ ════════════════════════════════════════════════════════════
2024-11-18 23:10:08,762 INFO     ___FILE_ONLY___ ╝

2024-11-18 23:10:08,774 INFO     ___FILE_ONLY___ ╔════════════════════════════════════════════════════════════╗

2024-11-18 23:10:08,775 INFO     ___FILE_ONLY___ ╠═ Downloading: Minikube                                    ═╣

2024-11-18 23:10:08,775 INFO     ___FILE_ONLY___ ╚
2024-11-18 23:10:08,775 INFO     ___FILE_ONLY___ ════════════════════════════════════════════════════════════
2024-11-18 23:10:08,775 INFO     ___FILE_ONLY___ ╝

2024-11-18 23:10:08,785 INFO     ___FILE_ONLY___ ╔════════════════════════════════════════════════════════════╗

2024-11-18 23:10:08,785 INFO     ___FILE_ONLY___ ╠═ Downloading: Minikube (Platform Specific)                ═╣

2024-11-18 23:10:08,785 INFO     ___FILE_ONLY___ ╚
2024-11-18 23:10:08,790 DEBUG    urllib3.connectionpool Starting new HTTPS connection (1): dl.google.com:443
2024-11-18 23:10:08,884 DEBUG    urllib3.connectionpool https://dl.google.com:443 "GET /dl/cloudsdk/channels/rapid/components/google-cloud-sdk-minikube-darwin-arm-20240927140238.tar.gz HTTP/1.1" 200 38981244
2024-11-18 23:10:09,511 INFO     ___FILE_ONLY___ ═
2024-11-18 23:10:09,511 INFO     ___FILE_ONLY___ ═
2024-11-18 23:10:09,512 INFO     ___FILE_ONLY___ ═
2024-11-18 23:10:09,513 INFO     ___FILE_ONLY___ ═
2024-11-18 23:10:09,513 INFO     ___FILE_ONLY___ ═
2024-11-18 23:10:09,514 INFO     ___FILE_ONLY___ ═
2024-11-18 23:10:09,515 INFO     ___FILE_ONLY___ ═
2024-11-18 23:10:09,515 INFO     ___FILE_ONLY___ ═
2024-11-18 23:10:09,516 INFO     ___FILE_ONLY___ ═
2024-11-18 23:10:09,517 INFO     ___FILE_ONLY___ ═
2024-11-18 23:10:09,517 INFO     ___FILE_ONLY___ ═
2024-11-18 23:10:09,518 INFO     ___FILE_ONLY___ ═
2024-11-18 23:10:09,519 INFO     ___FILE_ONLY___ ═
2024-11-18 23:10:09,520 INFO     ___FILE_ONLY___ ═
2024-11-18 23:10:09,520 INFO     ___FILE_ONLY___ ═
2024-11-18 23:10:09,521 INFO     ___FILE_ONLY___ ═
2024-11-18 23:10:09,522 INFO     ___FILE_ONLY___ ═
2024-11-18 23:10:09,522 INFO     ___FILE_ONLY___ ═
2024-11-18 23:10:09,523 INFO     ___FILE_ONLY___ ═
2024-11-18 23:10:09,524 INFO     ___FILE_ONLY___ ═
2024-11-18 23:10:09,524 INFO     ___FILE_ONLY___ ═
2024-11-18 23:10:09,525 INFO     ___FILE_ONLY___ ═
2024-11-18 23:10:09,526 INFO     ___FILE_ONLY___ ═
2024-11-18 23:10:09,526 INFO     ___FILE_ONLY___ ═
2024-11-18 23:10:09,527 INFO     ___FILE_ONLY___ ═
2024-11-18 23:10:09,528 INFO     ___FILE_ONLY___ ═
2024-11-18 23:10:09,529 INFO     ___FILE_ONLY___ ═
2024-11-18 23:10:09,529 INFO     ___FILE_ONLY___ ═
2024-11-18 23:10:09,530 INFO     ___FILE_ONLY___ ═
2024-11-18 23:10:09,530 INFO     ___FILE_ONLY___ ═
2024-11-18 23:10:09,531 INFO     ___FILE_ONLY___ ═
2024-11-18 23:10:09,532 INFO     ___FILE_ONLY___ ═
2024-11-18 23:10:09,532 INFO     ___FILE_ONLY___ ═
2024-11-18 23:10:09,533 INFO     ___FILE_ONLY___ ═
2024-11-18 23:10:09,533 INFO     ___FILE_ONLY___ ═
2024-11-18 23:10:09,534 INFO     ___FILE_ONLY___ ═
2024-11-18 23:10:09,534 INFO     ___FILE_ONLY___ ═
2024-11-18 23:10:09,535 INFO     ___FILE_ONLY___ ═
2024-11-18 23:10:09,536 INFO     ___FILE_ONLY___ ═
2024-11-18 23:10:09,536 INFO     ___FILE_ONLY___ ═
2024-11-18 23:10:09,537 INFO     ___FILE_ONLY___ ═
2024-11-18 23:10:09,538 INFO     ___FILE_ONLY___ ═
2024-11-18 23:10:09,538 INFO     ___FILE_ONLY___ ═
2024-11-18 23:10:09,539 INFO     ___FILE_ONLY___ ═
2024-11-18 23:10:09,539 INFO     ___FILE_ONLY___ ═
2024-11-18 23:10:09,540 INFO     ___FILE_ONLY___ ═
2024-11-18 23:10:09,540 INFO     ___FILE_ONLY___ ═
2024-11-18 23:10:09,541 INFO     ___FILE_ONLY___ ═
2024-11-18 23:10:09,541 INFO     ___FILE_ONLY___ ═
2024-11-18 23:10:09,542 INFO     ___FILE_ONLY___ ═
2024-11-18 23:10:09,542 INFO     ___FILE_ONLY___ ═
2024-11-18 23:10:09,543 INFO     ___FILE_ONLY___ ═
2024-11-18 23:10:09,543 INFO     ___FILE_ONLY___ ═
2024-11-18 23:10:09,544 INFO     ___FILE_ONLY___ ═
2024-11-18 23:10:09,544 INFO     ___FILE_ONLY___ ═
2024-11-18 23:10:09,545 INFO     ___FILE_ONLY___ ═
2024-11-18 23:10:09,545 INFO     ___FILE_ONLY___ ═
2024-11-18 23:10:09,546 INFO     ___FILE_ONLY___ ═
2024-11-18 23:10:09,546 INFO     ___FILE_ONLY___ ═
2024-11-18 23:10:09,547 INFO     ___FILE_ONLY___ ═
2024-11-18 23:10:09,547 INFO     ___FILE_ONLY___ ╝

2024-11-18 23:10:09,560 INFO     ___FILE_ONLY___ ╔════════════════════════════════════════════════════════════╗

2024-11-18 23:10:09,561 INFO     ___FILE_ONLY___ ╠═ Downloading: Skaffold                                    ═╣

2024-11-18 23:10:09,561 INFO     ___FILE_ONLY___ ╚
2024-11-18 23:10:09,561 INFO     ___FILE_ONLY___ ════════════════════════════════════════════════════════════
2024-11-18 23:10:09,561 INFO     ___FILE_ONLY___ ╝

2024-11-18 23:10:09,571 INFO     ___FILE_ONLY___ ╔════════════════════════════════════════════════════════════╗

2024-11-18 23:10:09,571 INFO     ___FILE_ONLY___ ╠═ Downloading: Skaffold (Platform Specific)                ═╣

2024-11-18 23:10:09,571 INFO     ___FILE_ONLY___ ╚
2024-11-18 23:10:09,576 DEBUG    urllib3.connectionpool Starting new HTTPS connection (1): dl.google.com:443
2024-11-18 23:10:09,671 DEBUG    urllib3.connectionpool https://dl.google.com:443 "GET /dl/cloudsdk/channels/rapid/components/google-cloud-sdk-skaffold-darwin-arm-20240806142304.tar.gz HTTP/1.1" 200 24031362
2024-11-18 23:10:10,100 INFO     ___FILE_ONLY___ ═
2024-11-18 23:10:10,100 INFO     ___FILE_ONLY___ ═
2024-11-18 23:10:10,101 INFO     ___FILE_ONLY___ ═
2024-11-18 23:10:10,101 INFO     ___FILE_ONLY___ ═
2024-11-18 23:10:10,101 INFO     ___FILE_ONLY___ ═
2024-11-18 23:10:10,101 INFO     ___FILE_ONLY___ ═
2024-11-18 23:10:10,102 INFO     ___FILE_ONLY___ ═
2024-11-18 23:10:10,102 INFO     ___FILE_ONLY___ ═
2024-11-18 23:10:10,102 INFO     ___FILE_ONLY___ ═
2024-11-18 23:10:10,102 INFO     ___FILE_ONLY___ ═
2024-11-18 23:10:10,103 INFO     ___FILE_ONLY___ ═
2024-11-18 23:10:10,103 INFO     ___FILE_ONLY___ ═
2024-11-18 23:10:10,103 INFO     ___FILE_ONLY___ ═
2024-11-18 23:10:10,104 INFO     ___FILE_ONLY___ ═
2024-11-18 23:10:10,104 INFO     ___FILE_ONLY___ ═
2024-11-18 23:10:10,105 INFO     ___FILE_ONLY___ ═
2024-11-18 23:10:10,105 INFO     ___FILE_ONLY___ ═
2024-11-18 23:10:10,105 INFO     ___FILE_ONLY___ ═
2024-11-18 23:10:10,105 INFO     ___FILE_ONLY___ ═
2024-11-18 23:10:10,106 INFO     ___FILE_ONLY___ ═
2024-11-18 23:10:10,106 INFO     ___FILE_ONLY___ ═
2024-11-18 23:10:10,107 INFO     ___FILE_ONLY___ ═
2024-11-18 23:10:10,107 INFO     ___FILE_ONLY___ ═
2024-11-18 23:10:10,108 INFO     ___FILE_ONLY___ ═
2024-11-18 23:10:10,108 INFO     ___FILE_ONLY___ ═
2024-11-18 23:10:10,109 INFO     ___FILE_ONLY___ ═
2024-11-18 23:10:10,109 INFO     ___FILE_ONLY___ ═
2024-11-18 23:10:10,109 INFO     ___FILE_ONLY___ ═
2024-11-18 23:10:10,109 INFO     ___FILE_ONLY___ ═
2024-11-18 23:10:10,110 INFO     ___FILE_ONLY___ ═
2024-11-18 23:10:10,110 INFO     ___FILE_ONLY___ ═
2024-11-18 23:10:10,110 INFO     ___FILE_ONLY___ ═
2024-11-18 23:10:10,110 INFO     ___FILE_ONLY___ ═
2024-11-18 23:10:10,111 INFO     ___FILE_ONLY___ ═
2024-11-18 23:10:10,111 INFO     ___FILE_ONLY___ ═
2024-11-18 23:10:10,111 INFO     ___FILE_ONLY___ ═
2024-11-18 23:10:10,112 INFO     ___FILE_ONLY___ ═
2024-11-18 23:10:10,112 INFO     ___FILE_ONLY___ ═
2024-11-18 23:10:10,112 INFO     ___FILE_ONLY___ ═
2024-11-18 23:10:10,112 INFO     ___FILE_ONLY___ ═
2024-11-18 23:10:10,113 INFO     ___FILE_ONLY___ ═
2024-11-18 23:10:10,114 INFO     ___FILE_ONLY___ ═
2024-11-18 23:10:10,114 INFO     ___FILE_ONLY___ ═
2024-11-18 23:10:10,115 INFO     ___FILE_ONLY___ ═
2024-11-18 23:10:10,115 INFO     ___FILE_ONLY___ ═
2024-11-18 23:10:10,115 INFO     ___FILE_ONLY___ ═
2024-11-18 23:10:10,116 INFO     ___FILE_ONLY___ ═
2024-11-18 23:10:10,116 INFO     ___FILE_ONLY___ ═
2024-11-18 23:10:10,116 INFO     ___FILE_ONLY___ ═
2024-11-18 23:10:10,117 INFO     ___FILE_ONLY___ ═
2024-11-18 23:10:10,117 INFO     ___FILE_ONLY___ ═
2024-11-18 23:10:10,117 INFO     ___FILE_ONLY___ ═
2024-11-18 23:10:10,118 INFO     ___FILE_ONLY___ ═
2024-11-18 23:10:10,118 INFO     ___FILE_ONLY___ ═
2024-11-18 23:10:10,118 INFO     ___FILE_ONLY___ ═
2024-11-18 23:10:10,118 INFO     ___FILE_ONLY___ ═
2024-11-18 23:10:10,119 INFO     ___FILE_ONLY___ ═
2024-11-18 23:10:10,119 INFO     ___FILE_ONLY___ ═
2024-11-18 23:10:10,119 INFO     ___FILE_ONLY___ ═
2024-11-18 23:10:10,119 INFO     ___FILE_ONLY___ ═
2024-11-18 23:10:10,119 INFO     ___FILE_ONLY___ ╝

2024-11-18 23:10:10,132 INFO     ___FILE_ONLY___ ╔════════════════════════════════════════════════════════════╗

2024-11-18 23:10:10,133 INFO     ___FILE_ONLY___ ╠═ Downloading: gcloud Alpha Commands                       ═╣

2024-11-18 23:10:10,133 INFO     ___FILE_ONLY___ ╚
2024-11-18 23:10:10,137 DEBUG    urllib3.connectionpool Starting new HTTPS connection (1): dl.google.com:443
2024-11-18 23:10:10,224 DEBUG    urllib3.connectionpool https://dl.google.com:443 "GET /dl/cloudsdk/channels/rapid/components/google-cloud-sdk-alpha-20241108162203.tar.gz HTTP/1.1" 200 800
2024-11-18 23:10:10,225 INFO     ___FILE_ONLY___ ════════════════════════════════════════════════════════════
2024-11-18 23:10:10,225 INFO     ___FILE_ONLY___ ╝

2024-11-18 23:10:10,241 INFO     ___FILE_ONLY___ ╔════════════════════════════════════════════════════════════╗

2024-11-18 23:10:10,242 INFO     ___FILE_ONLY___ ╠═ Downloading: gcloud Beta Commands                        ═╣

2024-11-18 23:10:10,242 INFO     ___FILE_ONLY___ ╚
2024-11-18 23:10:10,247 DEBUG    urllib3.connectionpool Starting new HTTPS connection (1): dl.google.com:443
2024-11-18 23:10:10,386 DEBUG    urllib3.connectionpool https://dl.google.com:443 "GET /dl/cloudsdk/channels/rapid/components/google-cloud-sdk-beta-20241108162203.tar.gz HTTP/1.1" 200 797
2024-11-18 23:10:10,386 INFO     ___FILE_ONLY___ ════════════════════════════════════════════════════════════
2024-11-18 23:10:10,386 INFO     ___FILE_ONLY___ ╝

2024-11-18 23:10:10,396 INFO     ___FILE_ONLY___ ╔════════════════════════════════════════════════════════════╗

2024-11-18 23:10:10,396 INFO     ___FILE_ONLY___ ╠═ Downloading: gcloud cli dependencies (Platform Specific) ═╣

2024-11-18 23:10:10,396 INFO     ___FILE_ONLY___ ╚
2024-11-18 23:10:10,400 DEBUG    urllib3.connectionpool Starting new HTTPS connection (1): dl.google.com:443
2024-11-18 23:10:10,501 DEBUG    urllib3.connectionpool https://dl.google.com:443 "GET /dl/cloudsdk/channels/rapid/components/google-cloud-sdk-gcloud-deps-darwin-x86_64-20210416153011.tar.gz HTTP/1.1" 200 105
2024-11-18 23:10:10,502 INFO     ___FILE_ONLY___ ════════════════════════════════════════════════════════════
2024-11-18 23:10:10,502 INFO     ___FILE_ONLY___ ╝

2024-11-18 23:10:10,511 INFO     ___FILE_ONLY___ ╔════════════════════════════════════════════════════════════╗

2024-11-18 23:10:10,512 INFO     ___FILE_ONLY___ ╠═ Downloading: gke-gcloud-auth-plugin                      ═╣

2024-11-18 23:10:10,512 INFO     ___FILE_ONLY___ ╚
2024-11-18 23:10:10,512 INFO     ___FILE_ONLY___ ════════════════════════════════════════════════════════════
2024-11-18 23:10:10,512 INFO     ___FILE_ONLY___ ╝

2024-11-18 23:10:10,521 INFO     ___FILE_ONLY___ ╔════════════════════════════════════════════════════════════╗

2024-11-18 23:10:10,521 INFO     ___FILE_ONLY___ ╠═ Downloading: gke-gcloud-auth-plugin (Platform Specific)  ═╣

2024-11-18 23:10:10,521 INFO     ___FILE_ONLY___ ╚
2024-11-18 23:10:10,526 DEBUG    urllib3.connectionpool Starting new HTTPS connection (1): dl.google.com:443
2024-11-18 23:10:10,619 DEBUG    urllib3.connectionpool https://dl.google.com:443 "GET /dl/cloudsdk/channels/rapid/components/google-cloud-sdk-gke-gcloud-auth-plugin-darwin-arm-20240628141907.tar.gz HTTP/1.1" 200 4148014
2024-11-18 23:10:10,834 INFO     ___FILE_ONLY___ ═
2024-11-18 23:10:10,834 INFO     ___FILE_ONLY___ ═
2024-11-18 23:10:10,835 INFO     ___FILE_ONLY___ ═
2024-11-18 23:10:10,835 INFO     ___FILE_ONLY___ ═
2024-11-18 23:10:10,835 INFO     ___FILE_ONLY___ ═
2024-11-18 23:10:10,835 INFO     ___FILE_ONLY___ ═
2024-11-18 23:10:10,835 INFO     ___FILE_ONLY___ ═
2024-11-18 23:10:10,835 INFO     ___FILE_ONLY___ ═
2024-11-18 23:10:10,835 INFO     ___FILE_ONLY___ ═
2024-11-18 23:10:10,836 INFO     ___FILE_ONLY___ ═
2024-11-18 23:10:10,836 INFO     ___FILE_ONLY___ ═
2024-11-18 23:10:10,836 INFO     ___FILE_ONLY___ ═
2024-11-18 23:10:10,836 INFO     ___FILE_ONLY___ ═
2024-11-18 23:10:10,836 INFO     ___FILE_ONLY___ ═
2024-11-18 23:10:10,836 INFO     ___FILE_ONLY___ ═
2024-11-18 23:10:10,837 INFO     ___FILE_ONLY___ ═
2024-11-18 23:10:10,837 INFO     ___FILE_ONLY___ ═
2024-11-18 23:10:10,837 INFO     ___FILE_ONLY___ ═
2024-11-18 23:10:10,837 INFO     ___FILE_ONLY___ ═
2024-11-18 23:10:10,837 INFO     ___FILE_ONLY___ ═
2024-11-18 23:10:10,837 INFO     ___FILE_ONLY___ ═
2024-11-18 23:10:10,838 INFO     ___FILE_ONLY___ ═
2024-11-18 23:10:10,838 INFO     ___FILE_ONLY___ ═
2024-11-18 23:10:10,838 INFO     ___FILE_ONLY___ ═
2024-11-18 23:10:10,838 INFO     ___FILE_ONLY___ ═
2024-11-18 23:10:10,838 INFO     ___FILE_ONLY___ ═
2024-11-18 23:10:10,838 INFO     ___FILE_ONLY___ ═
2024-11-18 23:10:10,838 INFO     ___FILE_ONLY___ ═
2024-11-18 23:10:10,838 INFO     ___FILE_ONLY___ ═
2024-11-18 23:10:10,838 INFO     ___FILE_ONLY___ ═
2024-11-18 23:10:10,838 INFO     ___FILE_ONLY___ ═
2024-11-18 23:10:10,838 INFO     ___FILE_ONLY___ ═
2024-11-18 23:10:10,838 INFO     ___FILE_ONLY___ ═
2024-11-18 23:10:10,839 INFO     ___FILE_ONLY___ ═
2024-11-18 23:10:10,839 INFO     ___FILE_ONLY___ ═
2024-11-18 23:10:10,839 INFO     ___FILE_ONLY___ ═
2024-11-18 23:10:10,839 INFO     ___FILE_ONLY___ ═
2024-11-18 23:10:10,839 INFO     ___FILE_ONLY___ ═
2024-11-18 23:10:10,839 INFO     ___FILE_ONLY___ ═
2024-11-18 23:10:10,839 INFO     ___FILE_ONLY___ ═
2024-11-18 23:10:10,839 INFO     ___FILE_ONLY___ ═
2024-11-18 23:10:10,839 INFO     ___FILE_ONLY___ ═
2024-11-18 23:10:10,839 INFO     ___FILE_ONLY___ ═
2024-11-18 23:10:10,839 INFO     ___FILE_ONLY___ ═
2024-11-18 23:10:10,839 INFO     ___FILE_ONLY___ ═
2024-11-18 23:10:10,839 INFO     ___FILE_ONLY___ ═
2024-11-18 23:10:10,839 INFO     ___FILE_ONLY___ ═
2024-11-18 23:10:10,839 INFO     ___FILE_ONLY___ ═
2024-11-18 23:10:10,839 INFO     ___FILE_ONLY___ ═
2024-11-18 23:10:10,839 INFO     ___FILE_ONLY___ ═
2024-11-18 23:10:10,839 INFO     ___FILE_ONLY___ ═
2024-11-18 23:10:10,840 INFO     ___FILE_ONLY___ ═
2024-11-18 23:10:10,840 INFO     ___FILE_ONLY___ ═
2024-11-18 23:10:10,840 INFO     ___FILE_ONLY___ ═
2024-11-18 23:10:10,840 INFO     ___FILE_ONLY___ ═
2024-11-18 23:10:10,840 INFO     ___FILE_ONLY___ ═
2024-11-18 23:10:10,840 INFO     ___FILE_ONLY___ ═
2024-11-18 23:10:10,840 INFO     ___FILE_ONLY___ ═
2024-11-18 23:10:10,840 INFO     ___FILE_ONLY___ ═
2024-11-18 23:10:10,840 INFO     ___FILE_ONLY___ ═
2024-11-18 23:10:10,840 INFO     ___FILE_ONLY___ ╝

2024-11-18 23:10:10,848 INFO     ___FILE_ONLY___ ╔════════════════════════════════════════════════════════════╗

2024-11-18 23:10:10,848 INFO     ___FILE_ONLY___ ╠═ Downloading: kubectl                                     ═╣

2024-11-18 23:10:10,848 INFO     ___FILE_ONLY___ ╚
2024-11-18 23:10:10,856 DEBUG    urllib3.connectionpool Starting new HTTPS connection (1): dl.google.com:443
2024-11-18 23:10:10,984 DEBUG    urllib3.connectionpool https://dl.google.com:443 "GET /dl/cloudsdk/channels/rapid/components/google-cloud-sdk-kubectl-20241004144944.tar.gz HTTP/1.1" 200 36206
2024-11-18 23:10:11,014 INFO     ___FILE_ONLY___ ═══════════════════════════
2024-11-18 23:10:11,014 INFO     ___FILE_ONLY___ ═══════════════════════════
2024-11-18 23:10:11,014 INFO     ___FILE_ONLY___ ══════
2024-11-18 23:10:11,014 INFO     ___FILE_ONLY___ ╝

2024-11-18 23:10:11,021 INFO     ___FILE_ONLY___ ╔════════════════════════════════════════════════════════════╗

2024-11-18 23:10:11,022 INFO     ___FILE_ONLY___ ╠═ Downloading: kubectl (Platform Specific)                 ═╣

2024-11-18 23:10:11,022 INFO     ___FILE_ONLY___ ╚
2024-11-18 23:10:11,025 DEBUG    urllib3.connectionpool Starting new HTTPS connection (1): dl.google.com:443
2024-11-18 23:10:11,118 DEBUG    urllib3.connectionpool https://dl.google.com:443 "GET /dl/cloudsdk/channels/rapid/components/google-cloud-sdk-kubectl-darwin-arm-20241108162203.tar.gz HTTP/1.1" 200 90277960
2024-11-18 23:10:12,269 INFO     ___FILE_ONLY___ ═
2024-11-18 23:10:12,270 INFO     ___FILE_ONLY___ ═
2024-11-18 23:10:12,271 INFO     ___FILE_ONLY___ ═
2024-11-18 23:10:12,271 INFO     ___FILE_ONLY___ ═
2024-11-18 23:10:12,272 INFO     ___FILE_ONLY___ ═
2024-11-18 23:10:12,273 INFO     ___FILE_ONLY___ ═
2024-11-18 23:10:12,274 INFO     ___FILE_ONLY___ ═
2024-11-18 23:10:12,275 INFO     ___FILE_ONLY___ ═
2024-11-18 23:10:12,276 INFO     ___FILE_ONLY___ ═
2024-11-18 23:10:12,277 INFO     ___FILE_ONLY___ ═
2024-11-18 23:10:12,278 INFO     ___FILE_ONLY___ ═
2024-11-18 23:10:12,279 INFO     ___FILE_ONLY___ ═
2024-11-18 23:10:12,280 INFO     ___FILE_ONLY___ ═
2024-11-18 23:10:12,280 INFO     ___FILE_ONLY___ ═
2024-11-18 23:10:12,281 INFO     ___FILE_ONLY___ ═
2024-11-18 23:10:12,282 INFO     ___FILE_ONLY___ ═
2024-11-18 23:10:12,283 INFO     ___FILE_ONLY___ ═
2024-11-18 23:10:12,284 INFO     ___FILE_ONLY___ ═
2024-11-18 23:10:12,284 INFO     ___FILE_ONLY___ ═
2024-11-18 23:10:12,285 INFO     ___FILE_ONLY___ ═
2024-11-18 23:10:12,286 INFO     ___FILE_ONLY___ ═
2024-11-18 23:10:12,287 INFO     ___FILE_ONLY___ ═
2024-11-18 23:10:12,289 INFO     ___FILE_ONLY___ ═
2024-11-18 23:10:12,290 INFO     ___FILE_ONLY___ ═
2024-11-18 23:10:12,291 INFO     ___FILE_ONLY___ ═
2024-11-18 23:10:12,292 INFO     ___FILE_ONLY___ ═
2024-11-18 23:10:12,293 INFO     ___FILE_ONLY___ ═
2024-11-18 23:10:12,294 INFO     ___FILE_ONLY___ ═
2024-11-18 23:10:12,296 INFO     ___FILE_ONLY___ ═
2024-11-18 23:10:12,297 INFO     ___FILE_ONLY___ ═
2024-11-18 23:10:12,298 INFO     ___FILE_ONLY___ ═
2024-11-18 23:10:12,299 INFO     ___FILE_ONLY___ ═
2024-11-18 23:10:12,301 INFO     ___FILE_ONLY___ ═
2024-11-18 23:10:12,303 INFO     ___FILE_ONLY___ ═
2024-11-18 23:10:12,304 INFO     ___FILE_ONLY___ ═
2024-11-18 23:10:12,305 INFO     ___FILE_ONLY___ ═
2024-11-18 23:10:12,306 INFO     ___FILE_ONLY___ ═
2024-11-18 23:10:12,306 INFO     ___FILE_ONLY___ ═
2024-11-18 23:10:12,308 INFO     ___FILE_ONLY___ ═
2024-11-18 23:10:12,311 INFO     ___FILE_ONLY___ ═
2024-11-18 23:10:12,311 INFO     ___FILE_ONLY___ ═
2024-11-18 23:10:12,312 INFO     ___FILE_ONLY___ ═
2024-11-18 23:10:12,313 INFO     ___FILE_ONLY___ ═
2024-11-18 23:10:12,313 INFO     ___FILE_ONLY___ ═
2024-11-18 23:10:12,314 INFO     ___FILE_ONLY___ ═
2024-11-18 23:10:12,317 INFO     ___FILE_ONLY___ ═
2024-11-18 23:10:12,318 INFO     ___FILE_ONLY___ ═
2024-11-18 23:10:12,319 INFO     ___FILE_ONLY___ ═
2024-11-18 23:10:12,320 INFO     ___FILE_ONLY___ ═
2024-11-18 23:10:12,320 INFO     ___FILE_ONLY___ ═
2024-11-18 23:10:12,321 INFO     ___FILE_ONLY___ ═
2024-11-18 23:10:12,325 INFO     ___FILE_ONLY___ ═
2024-11-18 23:10:12,326 INFO     ___FILE_ONLY___ ═
2024-11-18 23:10:12,327 INFO     ___FILE_ONLY___ ═
2024-11-18 23:10:12,328 INFO     ___FILE_ONLY___ ═
2024-11-18 23:10:12,329 INFO     ___FILE_ONLY___ ═
2024-11-18 23:10:12,330 INFO     ___FILE_ONLY___ ═
2024-11-18 23:10:12,331 INFO     ___FILE_ONLY___ ═
2024-11-18 23:10:12,332 INFO     ___FILE_ONLY___ ═
2024-11-18 23:10:12,332 INFO     ___FILE_ONLY___ ═
2024-11-18 23:10:12,332 INFO     ___FILE_ONLY___ ╝

2024-11-18 23:10:12,344 INFO     ___FILE_ONLY___ ╔════════════════════════════════════════════════════════════╗

2024-11-18 23:10:12,345 INFO     ___FILE_ONLY___ ╠═ Installing: Google Cloud CLI Core Libraries (Platform... ═╣

2024-11-18 23:10:12,345 INFO     ___FILE_ONLY___ ╚
2024-11-18 23:10:12,346 INFO     ___FILE_ONLY___ ══════════════════════════════
2024-11-18 23:10:12,346 INFO     ___FILE_ONLY___ ══════════════════════════════
2024-11-18 23:10:12,346 INFO     ___FILE_ONLY___ ╝

2024-11-18 23:10:12,355 INFO     ___FILE_ONLY___ ╔════════════════════════════════════════════════════════════╗

2024-11-18 23:10:12,355 INFO     ___FILE_ONLY___ ╠═ Installing: Minikube                                     ═╣

2024-11-18 23:10:12,355 INFO     ___FILE_ONLY___ ╚
2024-11-18 23:10:12,357 INFO     ___FILE_ONLY___ ════════════════════════════════════════════════════════════
2024-11-18 23:10:12,357 INFO     ___FILE_ONLY___ ╝

2024-11-18 23:10:12,364 INFO     ___FILE_ONLY___ ╔════════════════════════════════════════════════════════════╗

2024-11-18 23:10:12,364 INFO     ___FILE_ONLY___ ╠═ Installing: Minikube (Platform Specific)                 ═╣

2024-11-18 23:10:12,364 INFO     ___FILE_ONLY___ ╚
2024-11-18 23:10:12,962 INFO     ___FILE_ONLY___ ════════════════════════════════════════════════════════════
2024-11-18 23:10:12,962 INFO     ___FILE_ONLY___ ╝

2024-11-18 23:10:12,973 INFO     ___FILE_ONLY___ ╔════════════════════════════════════════════════════════════╗

2024-11-18 23:10:12,973 INFO     ___FILE_ONLY___ ╠═ Installing: Skaffold                                     ═╣

2024-11-18 23:10:12,973 INFO     ___FILE_ONLY___ ╚
2024-11-18 23:10:12,974 INFO     ___FILE_ONLY___ ════════════════════════════════════════════════════════════
2024-11-18 23:10:12,974 INFO     ___FILE_ONLY___ ╝

2024-11-18 23:10:12,982 INFO     ___FILE_ONLY___ ╔════════════════════════════════════════════════════════════╗

2024-11-18 23:10:12,982 INFO     ___FILE_ONLY___ ╠═ Installing: Skaffold (Platform Specific)                 ═╣

2024-11-18 23:10:12,982 INFO     ___FILE_ONLY___ ╚
2024-11-18 23:10:13,508 INFO     ___FILE_ONLY___ ════════════════════════════════════════════════════════════
2024-11-18 23:10:13,508 INFO     ___FILE_ONLY___ ╝

2024-11-18 23:10:13,520 INFO     ___FILE_ONLY___ ╔════════════════════════════════════════════════════════════╗

2024-11-18 23:10:13,520 INFO     ___FILE_ONLY___ ╠═ Installing: gcloud Alpha Commands                        ═╣

2024-11-18 23:10:13,520 INFO     ___FILE_ONLY___ ╚
2024-11-18 23:10:13,521 INFO     ___FILE_ONLY___ ════════════════════════════════════════════════════════════
2024-11-18 23:10:13,521 INFO     ___FILE_ONLY___ ╝

2024-11-18 23:10:13,532 INFO     ___FILE_ONLY___ ╔════════════════════════════════════════════════════════════╗

2024-11-18 23:10:13,532 INFO     ___FILE_ONLY___ ╠═ Installing: gcloud Beta Commands                         ═╣

2024-11-18 23:10:13,532 INFO     ___FILE_ONLY___ ╚
2024-11-18 23:10:13,533 INFO     ___FILE_ONLY___ ════════════════════════════════════════════════════════════
2024-11-18 23:10:13,533 INFO     ___FILE_ONLY___ ╝

2024-11-18 23:10:13,541 INFO     ___FILE_ONLY___ ╔════════════════════════════════════════════════════════════╗

2024-11-18 23:10:13,542 INFO     ___FILE_ONLY___ ╠═ Installing: gcloud cli dependencies (Platform Specific)  ═╣

2024-11-18 23:10:13,542 INFO     ___FILE_ONLY___ ╚
2024-11-18 23:10:13,542 INFO     ___FILE_ONLY___ ════════════════════════════════════════════════════════════
2024-11-18 23:10:13,542 INFO     ___FILE_ONLY___ ╝

2024-11-18 23:10:13,550 INFO     ___FILE_ONLY___ ╔════════════════════════════════════════════════════════════╗

2024-11-18 23:10:13,550 INFO     ___FILE_ONLY___ ╠═ Installing: gke-gcloud-auth-plugin                       ═╣

2024-11-18 23:10:13,550 INFO     ___FILE_ONLY___ ╚
2024-11-18 23:10:13,551 INFO     ___FILE_ONLY___ ════════════════════════════════════════════════════════════
2024-11-18 23:10:13,552 INFO     ___FILE_ONLY___ ╝

2024-11-18 23:10:13,557 INFO     ___FILE_ONLY___ ╔════════════════════════════════════════════════════════════╗

2024-11-18 23:10:13,557 INFO     ___FILE_ONLY___ ╠═ Installing: gke-gcloud-auth-plugin (Platform Specific)   ═╣

2024-11-18 23:10:13,557 INFO     ___FILE_ONLY___ ╚
2024-11-18 23:10:13,644 INFO     ___FILE_ONLY___ ════════════════════════════════════════════════════════════
2024-11-18 23:10:13,644 INFO     ___FILE_ONLY___ ╝

2024-11-18 23:10:13,655 INFO     ___FILE_ONLY___ ╔════════════════════════════════════════════════════════════╗

2024-11-18 23:10:13,673 INFO     ___FILE_ONLY___ ╠═ Installing: kubectl                                      ═╣

2024-11-18 23:10:13,673 INFO     ___FILE_ONLY___ ╚
2024-11-18 23:10:13,675 INFO     ___FILE_ONLY___ ════════════════════════════════════════════════════════════
2024-11-18 23:10:13,675 INFO     ___FILE_ONLY___ ╝

2024-11-18 23:10:13,685 INFO     ___FILE_ONLY___ ╔════════════════════════════════════════════════════════════╗

2024-11-18 23:10:13,685 INFO     ___FILE_ONLY___ ╠═ Installing: kubectl (Platform Specific)                  ═╣

2024-11-18 23:10:13,685 INFO     ___FILE_ONLY___ ╚
2024-11-18 23:10:14,752 INFO     ___FILE_ONLY___ ══════════
2024-11-18 23:10:14,934 INFO     ___FILE_ONLY___ ══════════
2024-11-18 23:10:15,193 INFO     ___FILE_ONLY___ ══════════
2024-11-18 23:10:15,377 INFO     ___FILE_ONLY___ ══════════
2024-11-18 23:10:15,553 INFO     ___FILE_ONLY___ ══════════
2024-11-18 23:10:15,739 INFO     ___FILE_ONLY___ ══════════
2024-11-18 23:10:15,739 INFO     ___FILE_ONLY___ ╝

2024-11-18 23:10:15,745 DEBUG    root            Updating notification cache...
2024-11-18 23:10:15,745 INFO     ___FILE_ONLY___

2024-11-18 23:10:15,755 INFO     ___FILE_ONLY___ Performing post processing steps...
2024-11-18 23:10:15,755 DEBUG    root            Executing command: ['/Users/bryanwills/Library/Application Support/cloud-code/installer/google-cloud-sdk/bin/gcloud', 'components', 'post-process', '--no-compile-python']
2024-11-18 23:10:16,339 DEBUG    ___FILE_ONLY___
2024-11-18 23:10:16,339 DEBUG    ___FILE_ONLY___
2024-11-18 23:10:16,521 INFO     ___FILE_ONLY___
Update done!


2024-11-18 23:10:16,523 WARNING  root              There are other instances of Google Cloud tools on your system PATH.
  Please remove the following to avoid confusion or accidental invocation:

  /opt/homebrew/Cellar/minikube/1.34.0/bin/minikube
/opt/homebrew/Cellar/kubernetes-cli/1.31.2/bin/kubectl
/Applications/Docker.app/Contents/Resources/bin/kubectl


2024-11-18 23:10:16,525 DEBUG    root            Chosen display Format:none
2024-11-18 23:10:16,526 INFO     root            Display format: "none"
2024-11-18 23:10:16,528 DEBUG    root            Executing command: ['curl', '--silent', '-O', 'https://dl.google.com/dl/cloudsdk/channels/rapid/python-3.11.6-macos11.tar.gz']
2024-11-18 23:10:17,313 DEBUG    root            Executing command: ['tar', '-xf', 'python-3.11.6-macos11.tar.gz']
2024-11-18 23:10:17,364 DEBUG    root            Executing command: ['sudo', 'installer', '-target', '/', '-pkg', './python-3.11.6-macos11.pkg']
